
2013-05-31 09:15:33
INFO: TCMTOOL V3.0(Build20120217) Running 


2013-05-31 09:15:33
INFO: TCMTOOL V3.0(Build20120217) Exit 


2013-05-31 09:15:38
INFO: TCMTOOL V3.0(Build20120217) Running 


2013-05-31 09:15:41
************************************************************
Operation: Start And SelfTest
 -------------------------------------------------------
StartUp(ST_Clear)                  Success(0x00000026)
SelfTest                           Success(0x00000000)
 -------------------------------------------------------
Operation result: Success
************************************************************



2013-05-31 09:15:41


2013-05-31 09:15:41
INFO: TCMTOOL V3.0(Build20120217) Exit 


2013-05-31 09:15:52
INFO: TCMTOOL V3.0(Build20120217) Running 


2013-05-31 09:15:52
************************************************************
Operation: ForceClear 
 -------------------------------------------------------
ForceClear                         Success(0x00000000)
 -------------------------------------------------------
Operation result: Success
************************************************************



2013-05-31 09:15:52
INFO: TCMTOOL V3.0(Build20120217) Exit 

