This file contains any messages produced by compilers while
running configure, to aid debugging if configure makes a mistake.

It was created by tpm-tools configure 1.3.4, which was
generated by GNU Autoconf 2.63.  Invocation command line was

  $ ./configure 

## --------- ##
## Platform. ##
## --------- ##

hostname = omega
uname -m = i686
uname -r = 2.6.27.5-117.fc10.i686
uname -s = Linux
uname -v = #1 SMP Tue Nov 18 12:19:59 EST 2008

/usr/bin/uname -p = unknown
/bin/uname -X     = unknown

/bin/arch              = i686
/usr/bin/arch -k       = unknown
/usr/convex/getsysinfo = unknown
/usr/bin/hostinfo      = unknown
/bin/machine           = unknown
/usr/bin/oslevel       = unknown
/bin/universe          = unknown

PATH: /usr/lib/qt-3.3/bin
PATH: /usr/kerberos/bin
PATH: /usr/lib/ccache
PATH: /usr/local/bin
PATH: /usr/bin
PATH: /bin
PATH: /usr/local/sbin
PATH: /usr/sbin
PATH: /sbin
PATH: /home/allanchen/bin


## ----------- ##
## Core tests. ##
## ----------- ##

configure:2125: checking build system type
configure:2143: result: i686-pc-linux-gnu
configure:2165: checking host system type
configure:2180: result: i686-pc-linux-gnu
configure:2202: checking target system type
configure:2217: result: i686-pc-linux-gnu
configure:2262: checking for a BSD-compatible install
configure:2330: result: /usr/bin/install -c
configure:2341: checking whether build environment is sane
configure:2384: result: yes
configure:2409: checking for a thread-safe mkdir -p
configure:2448: result: /bin/mkdir -p
configure:2461: checking for gawk
configure:2477: found /usr/bin/gawk
configure:2488: result: gawk
configure:2499: checking whether make sets $(MAKE)
configure:2521: result: yes
configure:2707: checking for debug-enabled build
configure:2722: result: no
configure:2788: checking for gcc
configure:2804: found /usr/lib/ccache/gcc
configure:2815: result: gcc
configure:3047: checking for C compiler version
configure:3055: gcc --version >&5
gcc (GCC) 4.3.2 20081105 (Red Hat 4.3.2-7)
Copyright (C) 2008 Free Software Foundation, Inc.
This is free software; see the source for copying conditions.  There is NO
warranty; not even for MERCHANTABILITY or FITNESS FOR A PARTICULAR PURPOSE.

configure:3059: $? = 0
configure:3066: gcc -v >&5
Using built-in specs.
Target: i386-redhat-linux
Configured with: ../configure --prefix=/usr --mandir=/usr/share/man --infodir=/usr/share/info --with-bugurl=http://bugzilla.redhat.com/bugzilla --enable-bootstrap --enable-shared --enable-threads=posix --enable-checking=release --with-system-zlib --enable-__cxa_atexit --disable-libunwind-exceptions --enable-languages=c,c++,objc,obj-c++,java,fortran,ada --enable-java-awt=gtk --disable-dssi --enable-plugin --with-java-home=/usr/lib/jvm/java-1.5.0-gcj-1.5.0.0/jre --enable-libgcj-multifile --enable-java-maintainer-mode --with-ecj-jar=/usr/share/java/eclipse-ecj.jar --disable-libjava-multilib --with-cpu=generic --build=i386-redhat-linux
Thread model: posix
gcc version 4.3.2 20081105 (Red Hat 4.3.2-7) (GCC) 
configure:3070: $? = 0
configure:3077: gcc -V >&5
gcc: '-V' option must have argument
configure:3081: $? = 1
configure:3104: checking for C compiler default output file name
configure:3126: gcc -g -O2   conftest.c  >&5
configure:3130: $? = 0
configure:3168: result: a.out
configure:3187: checking whether the C compiler works
configure:3197: ./a.out
configure:3201: $? = 0
configure:3220: result: yes
configure:3227: checking whether we are cross compiling
configure:3229: result: no
configure:3232: checking for suffix of executables
configure:3239: gcc -o conftest -g -O2   conftest.c  >&5
configure:3243: $? = 0
configure:3269: result: 
configure:3275: checking for suffix of object files
configure:3301: gcc -c -g -O2  conftest.c >&5
configure:3305: $? = 0
configure:3330: result: o
configure:3334: checking whether we are using the GNU C compiler
configure:3363: gcc -c -g -O2  conftest.c >&5
configure:3370: $? = 0
configure:3387: result: yes
configure:3396: checking whether gcc accepts -g
configure:3426: gcc -c -g  conftest.c >&5
configure:3433: $? = 0
configure:3534: result: yes
configure:3551: checking for gcc option to accept ISO C89
configure:3625: gcc  -c -g -O2  conftest.c >&5
configure:3632: $? = 0
configure:3655: result: none needed
configure:3684: checking for style of include used by make
configure:3712: result: GNU
configure:3737: checking dependency style of gcc
configure:3828: result: gcc3
configure:3901: checking for g++
configure:3917: found /usr/lib/ccache/g++
configure:3928: result: g++
configure:3955: checking for C++ compiler version
configure:3963: g++ --version >&5
g++ (GCC) 4.3.2 20081105 (Red Hat 4.3.2-7)
Copyright (C) 2008 Free Software Foundation, Inc.
This is free software; see the source for copying conditions.  There is NO
warranty; not even for MERCHANTABILITY or FITNESS FOR A PARTICULAR PURPOSE.

configure:3967: $? = 0
configure:3974: g++ -v >&5
Using built-in specs.
Target: i386-redhat-linux
Configured with: ../configure --prefix=/usr --mandir=/usr/share/man --infodir=/usr/share/info --with-bugurl=http://bugzilla.redhat.com/bugzilla --enable-bootstrap --enable-shared --enable-threads=posix --enable-checking=release --with-system-zlib --enable-__cxa_atexit --disable-libunwind-exceptions --enable-languages=c,c++,objc,obj-c++,java,fortran,ada --enable-java-awt=gtk --disable-dssi --enable-plugin --with-java-home=/usr/lib/jvm/java-1.5.0-gcj-1.5.0.0/jre --enable-libgcj-multifile --enable-java-maintainer-mode --with-ecj-jar=/usr/share/java/eclipse-ecj.jar --disable-libjava-multilib --with-cpu=generic --build=i386-redhat-linux
Thread model: posix
gcc version 4.3.2 20081105 (Red Hat 4.3.2-7) (GCC) 
configure:3978: $? = 0
configure:3985: g++ -V >&5
g++: '-V' option must have argument
configure:3989: $? = 1
configure:3992: checking whether we are using the GNU C++ compiler
configure:4021: g++ -c   conftest.cpp >&5
configure:4028: $? = 0
configure:4045: result: yes
configure:4054: checking whether g++ accepts -g
configure:4084: g++ -c -g  conftest.cpp >&5
configure:4091: $? = 0
configure:4192: result: yes
configure:4217: checking dependency style of g++
configure:4308: result: gcc3
configure:4337: checking for a BSD-compatible install
configure:4405: result: /usr/bin/install -c
configure:4488: checking for a sed that does not truncate output
configure:4544: result: /bin/sed
configure:4547: checking for grep that handles long lines and -e
configure:4607: result: /bin/grep
configure:4612: checking for egrep
configure:4676: result: /bin/grep -E
configure:4692: checking for ld used by gcc
configure:4759: result: /usr/bin/ld
configure:4768: checking if the linker (/usr/bin/ld) is GNU ld
configure:4783: result: yes
configure:4788: checking for /usr/bin/ld option to reload object files
configure:4795: result: -r
configure:4813: checking for BSD-compatible nm
configure:4862: result: /usr/bin/nm -B
configure:4866: checking whether ln -s works
configure:4870: result: yes
configure:4877: checking how to recognize dependent libraries
configure:5063: result: pass_all
configure:5313: checking how to run the C preprocessor
configure:5353: gcc -E  conftest.c
configure:5360: $? = 0
configure:5391: gcc -E  conftest.c
conftest.c:10:28: error: ac_nonexistent.h: No such file or directory
configure:5398: $? = 1
configure: failed program was:
| /* confdefs.h.  */
| #define PACKAGE_NAME "tpm-tools"
| #define PACKAGE_TARNAME "tpm-tools"
| #define PACKAGE_VERSION "1.3.4"
| #define PACKAGE_STRING "tpm-tools 1.3.4"
| #define PACKAGE_BUGREPORT "trousers-tech@lists.sf.net"
| #define PACKAGE "tpm-tools"
| #define VERSION "1.3.4"
| /* end confdefs.h.  */
| #include <ac_nonexistent.h>
configure:5431: result: gcc -E
configure:5460: gcc -E  conftest.c
configure:5467: $? = 0
configure:5498: gcc -E  conftest.c
conftest.c:10:28: error: ac_nonexistent.h: No such file or directory
configure:5505: $? = 1
configure: failed program was:
| /* confdefs.h.  */
| #define PACKAGE_NAME "tpm-tools"
| #define PACKAGE_TARNAME "tpm-tools"
| #define PACKAGE_VERSION "1.3.4"
| #define PACKAGE_STRING "tpm-tools 1.3.4"
| #define PACKAGE_BUGREPORT "trousers-tech@lists.sf.net"
| #define PACKAGE "tpm-tools"
| #define VERSION "1.3.4"
| /* end confdefs.h.  */
| #include <ac_nonexistent.h>
configure:5545: checking for ANSI C header files
configure:5575: gcc -c -g -O2  conftest.c >&5
configure:5582: $? = 0
configure:5681: gcc -o conftest -g -O2   conftest.c  >&5
configure:5685: $? = 0
configure:5691: ./conftest
configure:5695: $? = 0
configure:5713: result: yes
configure:5737: checking for sys/types.h
configure:5758: gcc -c -g -O2  conftest.c >&5
configure:5765: $? = 0
configure:5782: result: yes
configure:5737: checking for sys/stat.h
configure:5758: gcc -c -g -O2  conftest.c >&5
configure:5765: $? = 0
configure:5782: result: yes
configure:5737: checking for stdlib.h
configure:5758: gcc -c -g -O2  conftest.c >&5
configure:5765: $? = 0
configure:5782: result: yes
configure:5737: checking for string.h
configure:5758: gcc -c -g -O2  conftest.c >&5
configure:5765: $? = 0
configure:5782: result: yes
configure:5737: checking for memory.h
configure:5758: gcc -c -g -O2  conftest.c >&5
configure:5765: $? = 0
configure:5782: result: yes
configure:5737: checking for strings.h
configure:5758: gcc -c -g -O2  conftest.c >&5
configure:5765: $? = 0
configure:5782: result: yes
configure:5737: checking for inttypes.h
configure:5758: gcc -c -g -O2  conftest.c >&5
configure:5765: $? = 0
configure:5782: result: yes
configure:5737: checking for stdint.h
configure:5758: gcc -c -g -O2  conftest.c >&5
configure:5765: $? = 0
configure:5782: result: yes
configure:5737: checking for unistd.h
configure:5758: gcc -c -g -O2  conftest.c >&5
configure:5765: $? = 0
configure:5782: result: yes
configure:5812: checking dlfcn.h usability
configure:5829: gcc -c -g -O2  conftest.c >&5
configure:5836: $? = 0
configure:5850: result: yes
configure:5854: checking dlfcn.h presence
configure:5869: gcc -E  conftest.c
configure:5876: $? = 0
configure:5890: result: yes
configure:5923: checking for dlfcn.h
configure:5932: result: yes
configure:5957: checking how to run the C++ preprocessor
configure:5993: g++ -E  conftest.cpp
configure:6000: $? = 0
configure:6031: g++ -E  conftest.cpp
conftest.cpp:21:28: error: ac_nonexistent.h: No such file or directory
configure:6038: $? = 1
configure: failed program was:
| /* confdefs.h.  */
| #define PACKAGE_NAME "tpm-tools"
| #define PACKAGE_TARNAME "tpm-tools"
| #define PACKAGE_VERSION "1.3.4"
| #define PACKAGE_STRING "tpm-tools 1.3.4"
| #define PACKAGE_BUGREPORT "trousers-tech@lists.sf.net"
| #define PACKAGE "tpm-tools"
| #define VERSION "1.3.4"
| #define STDC_HEADERS 1
| #define HAVE_SYS_TYPES_H 1
| #define HAVE_SYS_STAT_H 1
| #define HAVE_STDLIB_H 1
| #define HAVE_STRING_H 1
| #define HAVE_MEMORY_H 1
| #define HAVE_STRINGS_H 1
| #define HAVE_INTTYPES_H 1
| #define HAVE_STDINT_H 1
| #define HAVE_UNISTD_H 1
| #define HAVE_DLFCN_H 1
| /* end confdefs.h.  */
| #include <ac_nonexistent.h>
configure:6071: result: g++ -E
configure:6100: g++ -E  conftest.cpp
configure:6107: $? = 0
configure:6138: g++ -E  conftest.cpp
conftest.cpp:21:28: error: ac_nonexistent.h: No such file or directory
configure:6145: $? = 1
configure: failed program was:
| /* confdefs.h.  */
| #define PACKAGE_NAME "tpm-tools"
| #define PACKAGE_TARNAME "tpm-tools"
| #define PACKAGE_VERSION "1.3.4"
| #define PACKAGE_STRING "tpm-tools 1.3.4"
| #define PACKAGE_BUGREPORT "trousers-tech@lists.sf.net"
| #define PACKAGE "tpm-tools"
| #define VERSION "1.3.4"
| #define STDC_HEADERS 1
| #define HAVE_SYS_TYPES_H 1
| #define HAVE_SYS_STAT_H 1
| #define HAVE_STDLIB_H 1
| #define HAVE_STRING_H 1
| #define HAVE_MEMORY_H 1
| #define HAVE_STRINGS_H 1
| #define HAVE_INTTYPES_H 1
| #define HAVE_STDINT_H 1
| #define HAVE_UNISTD_H 1
| #define HAVE_DLFCN_H 1
| /* end confdefs.h.  */
| #include <ac_nonexistent.h>
configure:6240: checking for g77
configure:6270: result: no
configure:6240: checking for xlf
configure:6270: result: no
configure:6240: checking for f77
configure:6270: result: no
configure:6240: checking for frt
configure:6270: result: no
configure:6240: checking for pgf77
configure:6270: result: no
configure:6240: checking for cf77
configure:6270: result: no
configure:6240: checking for fort77
configure:6270: result: no
configure:6240: checking for fl32
configure:6270: result: no
configure:6240: checking for af77
configure:6270: result: no
configure:6240: checking for xlf90
configure:6270: result: no
configure:6240: checking for f90
configure:6270: result: no
configure:6240: checking for pgf90
configure:6270: result: no
configure:6240: checking for pghpf
configure:6270: result: no
configure:6240: checking for epcf90
configure:6270: result: no
configure:6240: checking for gfortran
configure:6256: found /usr/bin/gfortran
configure:6267: result: gfortran
configure:6293: checking for Fortran 77 compiler version
configure:6301: gfortran --version >&5
GNU Fortran (GCC) 4.3.2 20081105 (Red Hat 4.3.2-7)
Copyright (C) 2008 Free Software Foundation, Inc.

GNU Fortran comes with NO WARRANTY, to the extent permitted by law.
You may redistribute copies of GNU Fortran
under the terms of the GNU General Public License.
For more information about these matters, see the file named COPYING

configure:6305: $? = 0
configure:6312: gfortran -v >&5
Using built-in specs.
Target: i386-redhat-linux
Configured with: ../configure --prefix=/usr --mandir=/usr/share/man --infodir=/usr/share/info --with-bugurl=http://bugzilla.redhat.com/bugzilla --enable-bootstrap --enable-shared --enable-threads=posix --enable-checking=release --with-system-zlib --enable-__cxa_atexit --disable-libunwind-exceptions --enable-languages=c,c++,objc,obj-c++,java,fortran,ada --enable-java-awt=gtk --disable-dssi --enable-plugin --with-java-home=/usr/lib/jvm/java-1.5.0-gcj-1.5.0.0/jre --enable-libgcj-multifile --enable-java-maintainer-mode --with-ecj-jar=/usr/share/java/eclipse-ecj.jar --disable-libjava-multilib --with-cpu=generic --build=i386-redhat-linux
Thread model: posix
gcc version 4.3.2 20081105 (Red Hat 4.3.2-7) (GCC) 
configure:6316: $? = 0
configure:6323: gfortran -V >&5
gfortran: '-V' option must have argument
configure:6327: $? = 1
configure:6335: checking whether we are using the GNU Fortran 77 compiler
configure:6354: gfortran -c  conftest.F >&5
configure:6361: $? = 0
configure:6378: result: yes
configure:6384: checking whether gfortran accepts -g
configure:6401: gfortran -c -g conftest.f >&5
configure:6408: $? = 0
configure:6424: result: yes
configure:6457: checking the maximum length of command line arguments
configure:6569: result: 1966080
configure:6581: checking command to parse /usr/bin/nm -B output from gcc object
configure:6686: gcc -c -g -O2  conftest.c >&5
configure:6689: $? = 0
configure:6693: /usr/bin/nm -B conftest.o \| sed -n -e 's/^.*[ 	]\([ABCDGIRSTW][ABCDGIRSTW]*\)[ 	][ 	]*\([_A-Za-z][_A-Za-z0-9]*\)$/\1 \2 \2/p' \> conftest.nm
configure:6696: $? = 0
configure:6748: gcc -o conftest -g -O2   conftest.c conftstm.o >&5
configure:6751: $? = 0
configure:6789: result: ok
configure:6793: checking for objdir
configure:6808: result: .libs
configure:6900: checking for ar
configure:6916: found /usr/bin/ar
configure:6927: result: ar
configure:6992: checking for ranlib
configure:7008: found /usr/bin/ranlib
configure:7019: result: ranlib
configure:7084: checking for strip
configure:7100: found /usr/bin/strip
configure:7111: result: strip
configure:7701: checking if gcc supports -fno-rtti -fno-exceptions
configure:7719: gcc -c -g -O2  -fno-rtti -fno-exceptions conftest.c >&5
cc1: warning: command line option "-fno-rtti" is valid for C++/ObjC++ but not for C
cc1: warning: command line option "-fno-rtti" is valid for C++/ObjC++ but not for C
configure:7723: $? = 0
configure:7736: result: no
configure:7751: checking for gcc option to produce PIC
configure:7983: result: -fPIC
configure:7991: checking if gcc PIC flag -fPIC works
configure:8009: gcc -c -g -O2  -fPIC -DPIC conftest.c >&5
configure:8013: $? = 0
configure:8026: result: yes
configure:8054: checking if gcc static flag -static works
configure:8082: result: yes
configure:8092: checking if gcc supports -c -o file.o
configure:8113: gcc -c -g -O2  -o out/conftest2.o conftest.c >&5
configure:8117: $? = 0
configure:8139: result: yes
configure:8165: checking whether the gcc linker (/usr/bin/ld) supports shared libraries
configure:9153: result: yes
configure:9174: checking whether -lc should be explicitly linked in
configure:9179: gcc -c -g -O2  conftest.c >&5
configure:9182: $? = 0
configure:9197: gcc -shared conftest.o  -v -Wl,-soname -Wl,conftest -o conftest 2\>\&1 \| grep  -lc  \>/dev/null 2\>\&1
configure:9200: $? = 0
configure:9212: result: no
configure:9220: checking dynamic linker characteristics
configure:9824: result: GNU/Linux ld.so
configure:9848: checking how to hardcode library paths into programs
configure:9873: result: immediate
configure:9887: checking whether stripping libraries is possible
configure:9892: result: yes
configure:10722: checking if libtool supports shared libraries
configure:10724: result: yes
configure:10727: checking whether to build shared libraries
configure:10748: result: yes
configure:10751: checking whether to build static libraries
configure:10755: result: yes
configure:10849: creating libtool
configure:11442: checking for ld used by g++
configure:11509: result: /usr/bin/ld
configure:11518: checking if the linker (/usr/bin/ld) is GNU ld
configure:11533: result: yes
configure:11584: checking whether the g++ linker (/usr/bin/ld) supports shared libraries
configure:12538: result: yes
configure:12555: g++ -c -g -O2  conftest.cpp >&5
configure:12558: $? = 0
configure:12714: checking for g++ option to produce PIC
configure:12998: result: -fPIC
configure:13006: checking if g++ PIC flag -fPIC works
configure:13024: g++ -c -g -O2  -fPIC -DPIC conftest.cpp >&5
configure:13028: $? = 0
configure:13041: result: yes
configure:13069: checking if g++ static flag -static works
configure:13097: result: yes
configure:13107: checking if g++ supports -c -o file.o
configure:13128: g++ -c -g -O2  -o out/conftest2.o conftest.cpp >&5
configure:13132: $? = 0
configure:13154: result: yes
configure:13180: checking whether the g++ linker (/usr/bin/ld) supports shared libraries
configure:13206: result: yes
configure:13273: checking dynamic linker characteristics
configure:13825: result: GNU/Linux ld.so
configure:13849: checking how to hardcode library paths into programs
configure:13874: result: immediate
configure:14413: checking if libtool supports shared libraries
configure:14415: result: yes
configure:14418: checking whether to build shared libraries
configure:14438: result: yes
configure:14441: checking whether to build static libraries
configure:14445: result: yes
configure:14455: checking for gfortran option to produce PIC
configure:14687: result: -fPIC
configure:14695: checking if gfortran PIC flag -fPIC works
configure:14713: gfortran -c -g -O2 -fPIC conftest.f >&5
configure:14717: $? = 0
configure:14730: result: yes
configure:14758: checking if gfortran static flag -static works
configure:14786: result: yes
configure:14796: checking if gfortran supports -c -o file.o
configure:14817: gfortran -c -g -O2 -o out/conftest2.o conftest.f >&5
configure:14821: $? = 0
configure:14843: result: yes
configure:14869: checking whether the gfortran linker (/usr/bin/ld) supports shared libraries
configure:15837: result: yes
configure:15904: checking dynamic linker characteristics
configure:16456: result: GNU/Linux ld.so
configure:16480: checking how to hardcode library paths into programs
configure:16505: result: immediate
configure:20115: checking whether ln -s works
configure:20119: result: yes
configure:20131: checking for ar
configure:20158: result: ar
configure:20173: checking for cp
configure:20189: found /bin/cp
configure:20200: result: cp
configure:20215: checking for echo
configure:20242: result: echo
configure:20257: checking for mkdir
configure:20273: found /bin/mkdir
configure:20284: result: mkdir
configure:20299: checking for rm
configure:20315: found /bin/rm
configure:20326: result: rm
configure:20339: checking whether NLS is requested
configure:20348: result: yes
configure:20389: checking for msgfmt
configure: trying /usr/bin/msgfmt...
0 translated messages.
configure:20421: result: /usr/bin/msgfmt
configure:20430: checking for gmsgfmt
configure:20461: result: /usr/bin/msgfmt
configure:20512: checking for xgettext
configure: trying /usr/bin/xgettext...
/usr/bin/xgettext: warning: file `/dev/null' extension `' is unknown; will try C
configure:20544: result: /usr/bin/xgettext
configure:20590: checking for msgmerge
configure: trying /usr/bin/msgmerge...
configure:20621: result: /usr/bin/msgmerge
configure:20678: checking for ld used by GCC
configure:20742: result: /usr/bin/ld
configure:20751: checking if the linker (/usr/bin/ld) is GNU ld
configure:20764: result: yes
configure:20771: checking for shared library run path origin
configure:20784: result: done
configure:21285: checking for CFPreferencesCopyAppValue
configure:21313: gcc -o conftest -g -O2   conftest.c  -Wl,-framework -Wl,CoreFoundation >&5
conftest.c:21:42: error: CoreFoundation/CFPreferences.h: No such file or directory
conftest.c: In function 'main':
conftest.c:25: error: 'NULL' undeclared (first use in this function)
conftest.c:25: error: (Each undeclared identifier is reported only once
conftest.c:25: error: for each function it appears in.)
configure:21320: $? = 1
configure: failed program was:
| /* confdefs.h.  */
| #define PACKAGE_NAME "tpm-tools"
| #define PACKAGE_TARNAME "tpm-tools"
| #define PACKAGE_VERSION "1.3.4"
| #define PACKAGE_STRING "tpm-tools 1.3.4"
| #define PACKAGE_BUGREPORT "trousers-tech@lists.sf.net"
| #define PACKAGE "tpm-tools"
| #define VERSION "1.3.4"
| #define STDC_HEADERS 1
| #define HAVE_SYS_TYPES_H 1
| #define HAVE_SYS_STAT_H 1
| #define HAVE_STDLIB_H 1
| #define HAVE_STRING_H 1
| #define HAVE_MEMORY_H 1
| #define HAVE_STRINGS_H 1
| #define HAVE_INTTYPES_H 1
| #define HAVE_STDINT_H 1
| #define HAVE_UNISTD_H 1
| #define HAVE_DLFCN_H 1
| /* end confdefs.h.  */
| #include <CoreFoundation/CFPreferences.h>
| int
| main ()
| {
| CFPreferencesCopyAppValue(NULL, NULL)
|   ;
|   return 0;
| }
configure:21341: result: no
configure:21350: checking for CFLocaleCopyCurrent
configure:21378: gcc -o conftest -g -O2   conftest.c  -Wl,-framework -Wl,CoreFoundation >&5
conftest.c:21:37: error: CoreFoundation/CFLocale.h: No such file or directory
configure:21385: $? = 1
configure: failed program was:
| /* confdefs.h.  */
| #define PACKAGE_NAME "tpm-tools"
| #define PACKAGE_TARNAME "tpm-tools"
| #define PACKAGE_VERSION "1.3.4"
| #define PACKAGE_STRING "tpm-tools 1.3.4"
| #define PACKAGE_BUGREPORT "trousers-tech@lists.sf.net"
| #define PACKAGE "tpm-tools"
| #define VERSION "1.3.4"
| #define STDC_HEADERS 1
| #define HAVE_SYS_TYPES_H 1
| #define HAVE_SYS_STAT_H 1
| #define HAVE_STDLIB_H 1
| #define HAVE_STRING_H 1
| #define HAVE_MEMORY_H 1
| #define HAVE_STRINGS_H 1
| #define HAVE_INTTYPES_H 1
| #define HAVE_STDINT_H 1
| #define HAVE_UNISTD_H 1
| #define HAVE_DLFCN_H 1
| /* end confdefs.h.  */
| #include <CoreFoundation/CFLocale.h>
| int
| main ()
| {
| CFLocaleCopyCurrent();
|   ;
|   return 0;
| }
configure:21406: result: no
configure:21457: checking for GNU gettext in libc
configure:21487: gcc -o conftest -g -O2   conftest.c  >&5
configure:21494: $? = 0
configure:21516: result: yes
configure:22420: checking whether to use NLS
configure:22422: result: yes
configure:22425: checking where the gettext function comes from
configure:22436: result: libc
configure:22510: checking Non-standard OpenSSL location
configure:22528: result: no
configure:22534: checking for Tspi_Context_Create in -ltspi
configure:22569: gcc -o conftest -g -O2   conftest.c -ltspi   >&5
configure:22576: $? = 0
configure:22597: result: yes
configure:22607: checking for Tspi_TPM_SetOperatorAuth in -ltspi
configure:22642: gcc -o conftest -g -O2   conftest.c -ltspi   >&5
configure:22649: $? = 0
configure:22670: result: yes
configure:22687: Configuring tpm-tools for TSS 1.2
configure:22711: checking trousers/tss.h usability
configure:22728: gcc -c -g -O2  conftest.c >&5
configure:22735: $? = 0
configure:22749: result: yes
configure:22753: checking trousers/tss.h presence
configure:22768: gcc -E  conftest.c
configure:22775: $? = 0
configure:22789: result: yes
configure:22822: checking for trousers/tss.h
configure:22829: result: yes
configure:22843: checking for PEM_read_X509 in -lcrypto
configure:22878: gcc -o conftest -g -O2   conftest.c -lcrypto   >&5
configure:22885: $? = 0
configure:22906: result: yes
configure:22926: checking openssl/evp.h usability
configure:22943: gcc -c -g -O2  conftest.c >&5
configure:22950: $? = 0
configure:22964: result: yes
configure:22968: checking openssl/evp.h presence
configure:22983: gcc -E  conftest.c
configure:22990: $? = 0
configure:23004: result: yes
configure:23037: checking for openssl/evp.h
configure:23044: result: yes
configure:23078: checking opencryptoki/pkcs11.h usability
configure:23095: gcc -c -g -O2  conftest.c >&5
conftest.c:57:33: error: opencryptoki/pkcs11.h: No such file or directory
configure:23102: $? = 1
configure: failed program was:
| /* confdefs.h.  */
| #define PACKAGE_NAME "tpm-tools"
| #define PACKAGE_TARNAME "tpm-tools"
| #define PACKAGE_VERSION "1.3.4"
| #define PACKAGE_STRING "tpm-tools 1.3.4"
| #define PACKAGE_BUGREPORT "trousers-tech@lists.sf.net"
| #define PACKAGE "tpm-tools"
| #define VERSION "1.3.4"
| #define STDC_HEADERS 1
| #define HAVE_SYS_TYPES_H 1
| #define HAVE_SYS_STAT_H 1
| #define HAVE_STDLIB_H 1
| #define HAVE_STRING_H 1
| #define HAVE_MEMORY_H 1
| #define HAVE_STRINGS_H 1
| #define HAVE_INTTYPES_H 1
| #define HAVE_STDINT_H 1
| #define HAVE_UNISTD_H 1
| #define HAVE_DLFCN_H 1
| #define ENABLE_NLS 1
| #define HAVE_GETTEXT 1
| #define HAVE_DCGETTEXT 1
| /* end confdefs.h.  */
| #include <stdio.h>
| #ifdef HAVE_SYS_TYPES_H
| # include <sys/types.h>
| #endif
| #ifdef HAVE_SYS_STAT_H
| # include <sys/stat.h>
| #endif
| #ifdef STDC_HEADERS
| # include <stdlib.h>
| # include <stddef.h>
| #else
| # ifdef HAVE_STDLIB_H
| #  include <stdlib.h>
| # endif
| #endif
| #ifdef HAVE_STRING_H
| # if !defined STDC_HEADERS && defined HAVE_MEMORY_H
| #  include <memory.h>
| # endif
| # include <string.h>
| #endif
| #ifdef HAVE_STRINGS_H
| # include <strings.h>
| #endif
| #ifdef HAVE_INTTYPES_H
| # include <inttypes.h>
| #endif
| #ifdef HAVE_STDINT_H
| # include <stdint.h>
| #endif
| #ifdef HAVE_UNISTD_H
| # include <unistd.h>
| #endif
| #include <opencryptoki/pkcs11.h>
configure:23116: result: no
configure:23120: checking opencryptoki/pkcs11.h presence
configure:23135: gcc -E  conftest.c
conftest.c:24:33: error: opencryptoki/pkcs11.h: No such file or directory
configure:23142: $? = 1
configure: failed program was:
| /* confdefs.h.  */
| #define PACKAGE_NAME "tpm-tools"
| #define PACKAGE_TARNAME "tpm-tools"
| #define PACKAGE_VERSION "1.3.4"
| #define PACKAGE_STRING "tpm-tools 1.3.4"
| #define PACKAGE_BUGREPORT "trousers-tech@lists.sf.net"
| #define PACKAGE "tpm-tools"
| #define VERSION "1.3.4"
| #define STDC_HEADERS 1
| #define HAVE_SYS_TYPES_H 1
| #define HAVE_SYS_STAT_H 1
| #define HAVE_STDLIB_H 1
| #define HAVE_STRING_H 1
| #define HAVE_MEMORY_H 1
| #define HAVE_STRINGS_H 1
| #define HAVE_INTTYPES_H 1
| #define HAVE_STDINT_H 1
| #define HAVE_UNISTD_H 1
| #define HAVE_DLFCN_H 1
| #define ENABLE_NLS 1
| #define HAVE_GETTEXT 1
| #define HAVE_DCGETTEXT 1
| /* end confdefs.h.  */
| #include <opencryptoki/pkcs11.h>
configure:23156: result: no
configure:23189: checking for opencryptoki/pkcs11.h
configure:23196: result: no
configure:23220: checking for ANSI C header files
configure:23388: result: yes
configure:23399: checking for an ANSI C-conforming const
configure:23474: gcc -c -g -O2  conftest.c >&5
configure:23481: $? = 0
configure:23496: result: yes
configure:23506: checking for inline
configure:23532: gcc -c -g -O2  conftest.c >&5
configure:23539: $? = 0
configure:23557: result: inline
configure:23577: checking for long file names
configure:23609: result: yes
configure:23620: checking for mode_t
configure:23648: gcc -c -g -O2  conftest.c >&5
configure:23655: $? = 0
configure:23682: gcc -c -g -O2  conftest.c >&5
conftest.c: In function 'main':
conftest.c:62: error: expected expression before ')' token
configure:23689: $? = 1
configure: failed program was:
| /* confdefs.h.  */
| #define PACKAGE_NAME "tpm-tools"
| #define PACKAGE_TARNAME "tpm-tools"
| #define PACKAGE_VERSION "1.3.4"
| #define PACKAGE_STRING "tpm-tools 1.3.4"
| #define PACKAGE_BUGREPORT "trousers-tech@lists.sf.net"
| #define PACKAGE "tpm-tools"
| #define VERSION "1.3.4"
| #define STDC_HEADERS 1
| #define HAVE_SYS_TYPES_H 1
| #define HAVE_SYS_STAT_H 1
| #define HAVE_STDLIB_H 1
| #define HAVE_STRING_H 1
| #define HAVE_MEMORY_H 1
| #define HAVE_STRINGS_H 1
| #define HAVE_INTTYPES_H 1
| #define HAVE_STDINT_H 1
| #define HAVE_UNISTD_H 1
| #define HAVE_DLFCN_H 1
| #define ENABLE_NLS 1
| #define HAVE_GETTEXT 1
| #define HAVE_DCGETTEXT 1
| #define STDC_HEADERS 1
| #define HAVE_LONG_FILE_NAMES 1
| /* end confdefs.h.  */
| #include <stdio.h>
| #ifdef HAVE_SYS_TYPES_H
| # include <sys/types.h>
| #endif
| #ifdef HAVE_SYS_STAT_H
| # include <sys/stat.h>
| #endif
| #ifdef STDC_HEADERS
| # include <stdlib.h>
| # include <stddef.h>
| #else
| # ifdef HAVE_STDLIB_H
| #  include <stdlib.h>
| # endif
| #endif
| #ifdef HAVE_STRING_H
| # if !defined STDC_HEADERS && defined HAVE_MEMORY_H
| #  include <memory.h>
| # endif
| # include <string.h>
| #endif
| #ifdef HAVE_STRINGS_H
| # include <strings.h>
| #endif
| #ifdef HAVE_INTTYPES_H
| # include <inttypes.h>
| #endif
| #ifdef HAVE_STDINT_H
| # include <stdint.h>
| #endif
| #ifdef HAVE_UNISTD_H
| # include <unistd.h>
| #endif
| int
| main ()
| {
| if (sizeof ((mode_t)))
| 	  return 0;
|   ;
|   return 0;
| }
configure:23712: result: yes
configure:23724: checking for off_t
configure:23752: gcc -c -g -O2  conftest.c >&5
configure:23759: $? = 0
configure:23786: gcc -c -g -O2  conftest.c >&5
conftest.c: In function 'main':
conftest.c:62: error: expected expression before ')' token
configure:23793: $? = 1
configure: failed program was:
| /* confdefs.h.  */
| #define PACKAGE_NAME "tpm-tools"
| #define PACKAGE_TARNAME "tpm-tools"
| #define PACKAGE_VERSION "1.3.4"
| #define PACKAGE_STRING "tpm-tools 1.3.4"
| #define PACKAGE_BUGREPORT "trousers-tech@lists.sf.net"
| #define PACKAGE "tpm-tools"
| #define VERSION "1.3.4"
| #define STDC_HEADERS 1
| #define HAVE_SYS_TYPES_H 1
| #define HAVE_SYS_STAT_H 1
| #define HAVE_STDLIB_H 1
| #define HAVE_STRING_H 1
| #define HAVE_MEMORY_H 1
| #define HAVE_STRINGS_H 1
| #define HAVE_INTTYPES_H 1
| #define HAVE_STDINT_H 1
| #define HAVE_UNISTD_H 1
| #define HAVE_DLFCN_H 1
| #define ENABLE_NLS 1
| #define HAVE_GETTEXT 1
| #define HAVE_DCGETTEXT 1
| #define STDC_HEADERS 1
| #define HAVE_LONG_FILE_NAMES 1
| /* end confdefs.h.  */
| #include <stdio.h>
| #ifdef HAVE_SYS_TYPES_H
| # include <sys/types.h>
| #endif
| #ifdef HAVE_SYS_STAT_H
| # include <sys/stat.h>
| #endif
| #ifdef STDC_HEADERS
| # include <stdlib.h>
| # include <stddef.h>
| #else
| # ifdef HAVE_STDLIB_H
| #  include <stdlib.h>
| # endif
| #endif
| #ifdef HAVE_STRING_H
| # if !defined STDC_HEADERS && defined HAVE_MEMORY_H
| #  include <memory.h>
| # endif
| # include <string.h>
| #endif
| #ifdef HAVE_STRINGS_H
| # include <strings.h>
| #endif
| #ifdef HAVE_INTTYPES_H
| # include <inttypes.h>
| #endif
| #ifdef HAVE_STDINT_H
| # include <stdint.h>
| #endif
| #ifdef HAVE_UNISTD_H
| # include <unistd.h>
| #endif
| int
| main ()
| {
| if (sizeof ((off_t)))
| 	  return 0;
|   ;
|   return 0;
| }
configure:23816: result: yes
configure:23828: checking for pid_t
configure:23856: gcc -c -g -O2  conftest.c >&5
configure:23863: $? = 0
configure:23890: gcc -c -g -O2  conftest.c >&5
conftest.c: In function 'main':
conftest.c:62: error: expected expression before ')' token
configure:23897: $? = 1
configure: failed program was:
| /* confdefs.h.  */
| #define PACKAGE_NAME "tpm-tools"
| #define PACKAGE_TARNAME "tpm-tools"
| #define PACKAGE_VERSION "1.3.4"
| #define PACKAGE_STRING "tpm-tools 1.3.4"
| #define PACKAGE_BUGREPORT "trousers-tech@lists.sf.net"
| #define PACKAGE "tpm-tools"
| #define VERSION "1.3.4"
| #define STDC_HEADERS 1
| #define HAVE_SYS_TYPES_H 1
| #define HAVE_SYS_STAT_H 1
| #define HAVE_STDLIB_H 1
| #define HAVE_STRING_H 1
| #define HAVE_MEMORY_H 1
| #define HAVE_STRINGS_H 1
| #define HAVE_INTTYPES_H 1
| #define HAVE_STDINT_H 1
| #define HAVE_UNISTD_H 1
| #define HAVE_DLFCN_H 1
| #define ENABLE_NLS 1
| #define HAVE_GETTEXT 1
| #define HAVE_DCGETTEXT 1
| #define STDC_HEADERS 1
| #define HAVE_LONG_FILE_NAMES 1
| /* end confdefs.h.  */
| #include <stdio.h>
| #ifdef HAVE_SYS_TYPES_H
| # include <sys/types.h>
| #endif
| #ifdef HAVE_SYS_STAT_H
| # include <sys/stat.h>
| #endif
| #ifdef STDC_HEADERS
| # include <stdlib.h>
| # include <stddef.h>
| #else
| # ifdef HAVE_STDLIB_H
| #  include <stdlib.h>
| # endif
| #endif
| #ifdef HAVE_STRING_H
| # if !defined STDC_HEADERS && defined HAVE_MEMORY_H
| #  include <memory.h>
| # endif
| # include <string.h>
| #endif
| #ifdef HAVE_STRINGS_H
| # include <strings.h>
| #endif
| #ifdef HAVE_INTTYPES_H
| # include <inttypes.h>
| #endif
| #ifdef HAVE_STDINT_H
| # include <stdint.h>
| #endif
| #ifdef HAVE_UNISTD_H
| # include <unistd.h>
| #endif
| int
| main ()
| {
| if (sizeof ((pid_t)))
| 	  return 0;
|   ;
|   return 0;
| }
configure:23920: result: yes
configure:23932: checking for size_t
configure:23960: gcc -c -g -O2  conftest.c >&5
configure:23967: $? = 0
configure:23994: gcc -c -g -O2  conftest.c >&5
conftest.c: In function 'main':
conftest.c:62: error: expected expression before ')' token
configure:24001: $? = 1
configure: failed program was:
| /* confdefs.h.  */
| #define PACKAGE_NAME "tpm-tools"
| #define PACKAGE_TARNAME "tpm-tools"
| #define PACKAGE_VERSION "1.3.4"
| #define PACKAGE_STRING "tpm-tools 1.3.4"
| #define PACKAGE_BUGREPORT "trousers-tech@lists.sf.net"
| #define PACKAGE "tpm-tools"
| #define VERSION "1.3.4"
| #define STDC_HEADERS 1
| #define HAVE_SYS_TYPES_H 1
| #define HAVE_SYS_STAT_H 1
| #define HAVE_STDLIB_H 1
| #define HAVE_STRING_H 1
| #define HAVE_MEMORY_H 1
| #define HAVE_STRINGS_H 1
| #define HAVE_INTTYPES_H 1
| #define HAVE_STDINT_H 1
| #define HAVE_UNISTD_H 1
| #define HAVE_DLFCN_H 1
| #define ENABLE_NLS 1
| #define HAVE_GETTEXT 1
| #define HAVE_DCGETTEXT 1
| #define STDC_HEADERS 1
| #define HAVE_LONG_FILE_NAMES 1
| /* end confdefs.h.  */
| #include <stdio.h>
| #ifdef HAVE_SYS_TYPES_H
| # include <sys/types.h>
| #endif
| #ifdef HAVE_SYS_STAT_H
| # include <sys/stat.h>
| #endif
| #ifdef STDC_HEADERS
| # include <stdlib.h>
| # include <stddef.h>
| #else
| # ifdef HAVE_STDLIB_H
| #  include <stdlib.h>
| # endif
| #endif
| #ifdef HAVE_STRING_H
| # if !defined STDC_HEADERS && defined HAVE_MEMORY_H
| #  include <memory.h>
| # endif
| # include <string.h>
| #endif
| #ifdef HAVE_STRINGS_H
| # include <strings.h>
| #endif
| #ifdef HAVE_INTTYPES_H
| # include <inttypes.h>
| #endif
| #ifdef HAVE_STDINT_H
| # include <stdint.h>
| #endif
| #ifdef HAVE_UNISTD_H
| # include <unistd.h>
| #endif
| int
| main ()
| {
| if (sizeof ((size_t)))
| 	  return 0;
|   ;
|   return 0;
| }
configure:24024: result: yes
configure:24036: checking return type of signal handlers
configure:24064: gcc -c -g -O2  conftest.c >&5
conftest.c: In function 'main':
conftest.c:32: error: void value not ignored as it ought to be
configure:24071: $? = 1
configure: failed program was:
| /* confdefs.h.  */
| #define PACKAGE_NAME "tpm-tools"
| #define PACKAGE_TARNAME "tpm-tools"
| #define PACKAGE_VERSION "1.3.4"
| #define PACKAGE_STRING "tpm-tools 1.3.4"
| #define PACKAGE_BUGREPORT "trousers-tech@lists.sf.net"
| #define PACKAGE "tpm-tools"
| #define VERSION "1.3.4"
| #define STDC_HEADERS 1
| #define HAVE_SYS_TYPES_H 1
| #define HAVE_SYS_STAT_H 1
| #define HAVE_STDLIB_H 1
| #define HAVE_STRING_H 1
| #define HAVE_MEMORY_H 1
| #define HAVE_STRINGS_H 1
| #define HAVE_INTTYPES_H 1
| #define HAVE_STDINT_H 1
| #define HAVE_UNISTD_H 1
| #define HAVE_DLFCN_H 1
| #define ENABLE_NLS 1
| #define HAVE_GETTEXT 1
| #define HAVE_DCGETTEXT 1
| #define STDC_HEADERS 1
| #define HAVE_LONG_FILE_NAMES 1
| /* end confdefs.h.  */
| #include <sys/types.h>
| #include <signal.h>
| 
| int
| main ()
| {
| return *(signal (0, 0)) (0) == 1;
|   ;
|   return 0;
| }
configure:24086: result: void
configure:24094: checking for uid_t in sys/types.h
configure:24117: result: yes
configure:24317: creating ./config.status

## ---------------------- ##
## Running config.status. ##
## ---------------------- ##

This file was extended by tpm-tools config.status 1.3.4, which was
generated by GNU Autoconf 2.63.  Invocation command line was

  CONFIG_FILES    = 
  CONFIG_HEADERS  = 
  CONFIG_LINKS    = 
  CONFIG_COMMANDS = 
  $ ./config.status 

on omega

config.status:768: creating ./Makefile
config.status:768: creating po/Makefile.in
config.status:768: creating m4/Makefile
config.status:768: creating include/Makefile
config.status:768: creating lib/Makefile
config.status:768: creating src/Makefile
config.status:768: creating src/tpm_mgmt/Makefile
config.status:768: creating src/cmds/Makefile
config.status:768: creating src/data_mgmt/Makefile
config.status:768: creating dist/tpm-tools.spec
config.status:768: creating man/Makefile
config.status:768: creating man/man1/Makefile
config.status:768: creating man/man3/Makefile
config.status:768: creating man/man8/Makefile
config.status:979: executing depfiles commands
config.status:979: executing po-directories commands

## ---------------- ##
## Cache variables. ##
## ---------------- ##

ac_cv_build=i686-pc-linux-gnu
ac_cv_c_compiler_gnu=yes
ac_cv_c_const=yes
ac_cv_c_inline=inline
ac_cv_cxx_compiler_gnu=yes
ac_cv_env_CCC_set=
ac_cv_env_CCC_value=
ac_cv_env_CC_set=
ac_cv_env_CC_value=
ac_cv_env_CFLAGS_set=
ac_cv_env_CFLAGS_value=
ac_cv_env_CPPFLAGS_set=
ac_cv_env_CPPFLAGS_value=
ac_cv_env_CPP_set=
ac_cv_env_CPP_value=
ac_cv_env_CXXCPP_set=
ac_cv_env_CXXCPP_value=
ac_cv_env_CXXFLAGS_set=
ac_cv_env_CXXFLAGS_value=
ac_cv_env_CXX_set=
ac_cv_env_CXX_value=
ac_cv_env_F77_set=
ac_cv_env_F77_value=
ac_cv_env_FFLAGS_set=
ac_cv_env_FFLAGS_value=
ac_cv_env_LDFLAGS_set=
ac_cv_env_LDFLAGS_value=
ac_cv_env_LIBS_set=
ac_cv_env_LIBS_value=
ac_cv_env_build_alias_set=
ac_cv_env_build_alias_value=
ac_cv_env_host_alias_set=
ac_cv_env_host_alias_value=
ac_cv_env_target_alias_set=
ac_cv_env_target_alias_value=
ac_cv_f77_compiler_gnu=yes
ac_cv_header_dlfcn_h=yes
ac_cv_header_inttypes_h=yes
ac_cv_header_memory_h=yes
ac_cv_header_opencryptoki_pkcs11_h=no
ac_cv_header_openssl_evp_h=yes
ac_cv_header_stdc=yes
ac_cv_header_stdint_h=yes
ac_cv_header_stdlib_h=yes
ac_cv_header_string_h=yes
ac_cv_header_strings_h=yes
ac_cv_header_sys_stat_h=yes
ac_cv_header_sys_types_h=yes
ac_cv_header_trousers_tss_h=yes
ac_cv_header_unistd_h=yes
ac_cv_host=i686-pc-linux-gnu
ac_cv_lib_crypto_PEM_read_X509=yes
ac_cv_lib_tspi_Tspi_Context_Create=yes
ac_cv_lib_tspi_Tspi_TPM_SetOperatorAuth=yes
ac_cv_objext=o
ac_cv_path_EGREP='/bin/grep -E'
ac_cv_path_GMSGFMT=/usr/bin/msgfmt
ac_cv_path_GREP=/bin/grep
ac_cv_path_MSGFMT=/usr/bin/msgfmt
ac_cv_path_MSGMERGE=/usr/bin/msgmerge
ac_cv_path_XGETTEXT=/usr/bin/xgettext
ac_cv_path_install='/usr/bin/install -c'
ac_cv_path_mkdir=/bin/mkdir
ac_cv_prog_AR=ar
ac_cv_prog_AWK=gawk
ac_cv_prog_COPY=cp
ac_cv_prog_CPP='gcc -E'
ac_cv_prog_CXXCPP='g++ -E'
ac_cv_prog_ECHO=echo
ac_cv_prog_MKDIR=mkdir
ac_cv_prog_RM=rm
ac_cv_prog_ac_ct_AR=ar
ac_cv_prog_ac_ct_CC=gcc
ac_cv_prog_ac_ct_CXX=g++
ac_cv_prog_ac_ct_F77=gfortran
ac_cv_prog_ac_ct_RANLIB=ranlib
ac_cv_prog_ac_ct_STRIP=strip
ac_cv_prog_cc_c89=
ac_cv_prog_cc_g=yes
ac_cv_prog_cxx_g=yes
ac_cv_prog_f77_g=yes
ac_cv_prog_make_make_set=yes
ac_cv_sys_long_file_names=yes
ac_cv_target=i686-pc-linux-gnu
ac_cv_type_mode_t=yes
ac_cv_type_off_t=yes
ac_cv_type_pid_t=yes
ac_cv_type_signal=void
ac_cv_type_size_t=yes
ac_cv_type_uid_t=yes
acl_cv_hardcode_direct=no
acl_cv_hardcode_libdir_flag_spec='${wl}-rpath ${wl}$libdir'
acl_cv_hardcode_libdir_separator=
acl_cv_hardcode_minus_L=no
acl_cv_libext=a
acl_cv_libname_spec='lib$name'
acl_cv_library_names_spec='$libname$shrext'
acl_cv_path_LD=/usr/bin/ld
acl_cv_prog_gnu_ld=yes
acl_cv_rpath=done
acl_cv_shlibext=so
acl_cv_wl=-Wl,
am_cv_CC_dependencies_compiler_type=gcc3
am_cv_CXX_dependencies_compiler_type=gcc3
gt_cv_func_CFLocaleCopyCurrent=no
gt_cv_func_CFPreferencesCopyAppValue=no
gt_cv_func_gnugettext1_libc=yes
lt_cv_deplibs_check_method=pass_all
lt_cv_file_magic_cmd='$MAGIC_CMD'
lt_cv_file_magic_test_file=
lt_cv_ld_reload_flag=-r
lt_cv_objdir=.libs
lt_cv_path_LD=/usr/bin/ld
lt_cv_path_LDCXX=/usr/bin/ld
lt_cv_path_NM='/usr/bin/nm -B'
lt_cv_path_SED=/bin/sed
lt_cv_prog_compiler_c_o=yes
lt_cv_prog_compiler_c_o_CXX=yes
lt_cv_prog_compiler_c_o_F77=yes
lt_cv_prog_compiler_pic_works=yes
lt_cv_prog_compiler_pic_works_CXX=yes
lt_cv_prog_compiler_pic_works_F77=yes
lt_cv_prog_compiler_rtti_exceptions=no
lt_cv_prog_compiler_static_works=yes
lt_cv_prog_compiler_static_works_CXX=yes
lt_cv_prog_compiler_static_works_F77=yes
lt_cv_prog_gnu_ld=yes
lt_cv_prog_gnu_ldcxx=yes
lt_cv_sys_global_symbol_pipe='sed -n -e '\''s/^.*[ 	]\([ABCDGIRSTW][ABCDGIRSTW]*\)[ 	][ 	]*\([_A-Za-z][_A-Za-z0-9]*\)$/\1 \2 \2/p'\'''
lt_cv_sys_global_symbol_to_c_name_address='sed -n -e '\''s/^: \([^ ]*\) $/  {\"\1\", (lt_ptr) 0},/p'\'' -e '\''s/^[BCDEGRST] \([^ ]*\) \([^ ]*\)$/  {"\2", (lt_ptr) \&\2},/p'\'''
lt_cv_sys_global_symbol_to_cdecl='sed -n -e '\''s/^. .* \(.*\)$/extern int \1;/p'\'''
lt_cv_sys_lib_dlsearch_path_spec='/usr/lib /lib /usr/lib/mysql /usr/lib/qt-3.3/lib /usr/lib/tcl8.5 /usr/lib/xulrunner-1.9 '
lt_cv_sys_lib_search_path_spec='/usr/lib /lib /usr/local/lib'
lt_cv_sys_max_cmd_len=1966080
lt_lt_cv_prog_compiler_c_o='"yes"'
lt_lt_cv_prog_compiler_c_o_CXX='"yes"'
lt_lt_cv_prog_compiler_c_o_F77='"yes"'
lt_lt_cv_sys_global_symbol_pipe='"sed -n -e '\''s/^.*[ 	]\\([ABCDGIRSTW][ABCDGIRSTW]*\\)[ 	][ 	]*\\([_A-Za-z][_A-Za-z0-9]*\\)\$/\\1 \\2 \\2/p'\''"'
lt_lt_cv_sys_global_symbol_to_c_name_address='"sed -n -e '\''s/^: \\([^ ]*\\) \$/  {\\\"\\1\\\", (lt_ptr) 0},/p'\'' -e '\''s/^[BCDEGRST] \\([^ ]*\\) \\([^ ]*\\)\$/  {\"\\2\", (lt_ptr) \\&\\2},/p'\''"'
lt_lt_cv_sys_global_symbol_to_cdecl='"sed -n -e '\''s/^. .* \\(.*\\)\$/extern int \\1;/p'\''"'

## ----------------- ##
## Output variables. ##
## ----------------- ##

ACLOCAL='${SHELL} /home/allanchen/wdir/tpm-tools-1.3.4/missing --run aclocal-1.10'
AMDEPBACKSLASH='\'
AMDEP_FALSE='#'
AMDEP_TRUE=''
AMTAR='${SHELL} /home/allanchen/wdir/tpm-tools-1.3.4/missing --run tar'
AR='ar'
AUTOCONF='${SHELL} /home/allanchen/wdir/tpm-tools-1.3.4/missing --run autoconf'
AUTOHEADER='${SHELL} /home/allanchen/wdir/tpm-tools-1.3.4/missing --run autoheader'
AUTOMAKE='${SHELL} /home/allanchen/wdir/tpm-tools-1.3.4/missing --run automake-1.10'
AWK='gawk'
CC='gcc'
CCDEPMODE='depmode=gcc3'
CFLAGS='-g -O2 -Wall -Werror -Wreturn-type -Wsign-compare'
COPY='cp'
CPP='gcc -E'
CPPFLAGS=''
CXX='g++'
CXXCPP='g++ -E'
CXXDEPMODE='depmode=gcc3'
CXXFLAGS='-g -O2'
CYGPATH_W='echo'
DEFS='-DPACKAGE_NAME=\"tpm-tools\" -DPACKAGE_TARNAME=\"tpm-tools\" -DPACKAGE_VERSION=\"1.3.4\" -DPACKAGE_STRING=\"tpm-tools\ 1.3.4\" -DPACKAGE_BUGREPORT=\"trousers-tech@lists.sf.net\" -DPACKAGE=\"tpm-tools\" -DVERSION=\"1.3.4\" -DSTDC_HEADERS=1 -DHAVE_SYS_TYPES_H=1 -DHAVE_SYS_STAT_H=1 -DHAVE_STDLIB_H=1 -DHAVE_STRING_H=1 -DHAVE_MEMORY_H=1 -DHAVE_STRINGS_H=1 -DHAVE_INTTYPES_H=1 -DHAVE_STDINT_H=1 -DHAVE_UNISTD_H=1 -DHAVE_DLFCN_H=1 -DENABLE_NLS=1 -DHAVE_GETTEXT=1 -DHAVE_DCGETTEXT=1 -DSTDC_HEADERS=1 -DHAVE_LONG_FILE_NAMES=1 -DRETSIGTYPE=void'
DEPDIR='.deps'
DSYMUTIL=''
ECHO='echo'
ECHO_C=''
ECHO_N='-n'
ECHO_T=''
EGREP='/bin/grep -E'
EXEEXT=''
F77='gfortran'
FFLAGS='-g -O2'
GETTEXT_MACRO_VERSION='0.17'
GMSGFMT='/usr/bin/msgfmt'
GMSGFMT_015='/usr/bin/msgfmt'
GREP='/bin/grep'
INSTALL_DATA='${INSTALL} -m 644'
INSTALL_PROGRAM='${INSTALL}'
INSTALL_SCRIPT='${INSTALL}'
INSTALL_STRIP_PROGRAM='$(install_sh) -c -s'
INTLLIBS=''
INTL_MACOSX_LIBS=''
LDFLAGS=''
LIBICONV='-liconv'
LIBINTL=''
LIBOBJS=''
LIBS=''
LIBTOOL='$(SHELL) $(top_builddir)/libtool'
LN_S='ln -s'
LTLIBICONV='-liconv'
LTLIBINTL=''
LTLIBOBJS=''
MAKEINFO='${SHELL} /home/allanchen/wdir/tpm-tools-1.3.4/missing --run makeinfo'
MKDIR='mkdir'
MKDIR_P='/bin/mkdir -p'
MSGFMT='/usr/bin/msgfmt'
MSGFMT_015='/usr/bin/msgfmt'
MSGMERGE='/usr/bin/msgmerge'
NMEDIT=''
OBJEXT='o'
OPENSSL_LIB_DIR=''
P11_SUPPORT_FALSE=''
P11_SUPPORT_TRUE='#'
PACKAGE='tpm-tools'
PACKAGE_BUGREPORT='trousers-tech@lists.sf.net'
PACKAGE_NAME='tpm-tools'
PACKAGE_STRING='tpm-tools 1.3.4'
PACKAGE_TARNAME='tpm-tools'
PACKAGE_VERSION='1.3.4'
PATH_SEPARATOR=':'
POSUB='po'
RANLIB='ranlib'
RM='rm'
SED='/bin/sed'
SET_MAKE=''
SHELL='/bin/sh'
STRIP='strip'
TSS_LIB_IS_12_FALSE='#'
TSS_LIB_IS_12_TRUE=''
USE_NLS='yes'
VERSION='1.3.4'
XGETTEXT='/usr/bin/xgettext'
XGETTEXT_015='/usr/bin/xgettext'
XGETTEXT_EXTRA_OPTIONS=''
ac_ct_CC='gcc'
ac_ct_CXX='g++'
ac_ct_F77='gfortran'
am__fastdepCC_FALSE='#'
am__fastdepCC_TRUE=''
am__fastdepCXX_FALSE='#'
am__fastdepCXX_TRUE=''
am__include='include'
am__isrc=''
am__leading_dot='.'
am__quote=''
am__tar='${AMTAR} chof - "$$tardir"'
am__untar='${AMTAR} xf -'
bindir='${exec_prefix}/bin'
build='i686-pc-linux-gnu'
build_alias=''
build_cpu='i686'
build_os='linux-gnu'
build_vendor='pc'
datadir='${datarootdir}'
datarootdir='${prefix}/share'
docdir='${datarootdir}/doc/${PACKAGE_TARNAME}'
dvidir='${docdir}'
exec_prefix='${prefix}'
host='i686-pc-linux-gnu'
host_alias=''
host_cpu='i686'
host_os='linux-gnu'
host_vendor='pc'
htmldir='${docdir}'
includedir='${prefix}/include'
infodir='${datarootdir}/info'
install_sh='$(SHELL) /home/allanchen/wdir/tpm-tools-1.3.4/install-sh'
libdir='${exec_prefix}/lib'
libexecdir='${exec_prefix}/libexec'
localedir='${datarootdir}/locale'
localstatedir='${prefix}/var'
mandir='${datarootdir}/man'
mkdir_p='/bin/mkdir -p'
oldincludedir='/usr/include'
pdfdir='${docdir}'
prefix='/usr/local'
program_transform_name='s,x,x,'
psdir='${docdir}'
sbindir='${exec_prefix}/sbin'
sharedstatedir='${prefix}/com'
sysconfdir='${prefix}/etc'
target='i686-pc-linux-gnu'
target_alias=''
target_cpu='i686'
target_os='linux-gnu'
target_vendor='pc'

## ----------- ##
## confdefs.h. ##
## ----------- ##

#define PACKAGE_NAME "tpm-tools"
#define PACKAGE_TARNAME "tpm-tools"
#define PACKAGE_VERSION "1.3.4"
#define PACKAGE_STRING "tpm-tools 1.3.4"
#define PACKAGE_BUGREPORT "trousers-tech@lists.sf.net"
#define PACKAGE "tpm-tools"
#define VERSION "1.3.4"
#define STDC_HEADERS 1
#define HAVE_SYS_TYPES_H 1
#define HAVE_SYS_STAT_H 1
#define HAVE_STDLIB_H 1
#define HAVE_STRING_H 1
#define HAVE_MEMORY_H 1
#define HAVE_STRINGS_H 1
#define HAVE_INTTYPES_H 1
#define HAVE_STDINT_H 1
#define HAVE_UNISTD_H 1
#define HAVE_DLFCN_H 1
#define ENABLE_NLS 1
#define HAVE_GETTEXT 1
#define HAVE_DCGETTEXT 1
#define STDC_HEADERS 1
#define HAVE_LONG_FILE_NAMES 1
#define RETSIGTYPE void

configure: exit 0
