This file contains any messages produced by compilers while
running configure, to aid debugging if configure makes a mistake.

It was created by trousers configure 0.3.2cvs, which was
generated by GNU Autoconf 2.69.  Invocation command line was

  $ ./configure --host=mips64-octeon-linux CC=mips64-octeon-linux-gnu-gcc --with-openssl=/home/wangyt/calu/openssl/openssl-1.0.2f --enable-debug

## --------- ##
## Platform. ##
## --------- ##

hostname = test-RD640
uname -m = x86_64
uname -r = 3.19.0-25-generic
uname -s = Linux
uname -v = #26~14.04.1-Ubuntu SMP Fri Jul 24 21:16:20 UTC 2015

/usr/bin/uname -p = unknown
/bin/uname -X     = unknown

/bin/arch              = unknown
/usr/bin/arch -k       = unknown
/usr/convex/getsysinfo = unknown
/usr/bin/hostinfo      = unknown
/bin/machine           = unknown
/usr/bin/oslevel       = unknown
/bin/universe          = unknown

PATH: /home/wangyt/dpi_engine/sdk_sys/tools/bin
PATH: /usr/local/java/jdk1.8.0_60/bin
PATH: /usr/local/sbin
PATH: /usr/local/bin
PATH: /usr/sbin
PATH: /usr/bin
PATH: /sbin
PATH: /bin
PATH: /usr/games


## ----------- ##
## Core tests. ##
## ----------- ##

configure:2390: checking build system type
configure:2404: result: x86_64-unknown-linux-gnu
configure:2424: checking host system type
configure:2437: result: mips64-octeon-linux-gnu
configure:2457: checking target system type
configure:2470: result: mips64-octeon-linux-gnu
configure:2512: checking for a BSD-compatible install
configure:2580: result: /usr/bin/install -c
configure:2591: checking whether build environment is sane
configure:2646: result: yes
configure:2684: WARNING: 'missing' script is too old or missing
configure:2705: checking for mips64-octeon-linux-strip
configure:2735: result: no
configure:2745: checking for strip
configure:2761: found /usr/bin/strip
configure:2772: result: strip
configure:2797: checking for a thread-safe mkdir -p
configure:2836: result: /bin/mkdir -p
configure:2843: checking for gawk
configure:2859: found /usr/bin/gawk
configure:2870: result: gawk
configure:2881: checking whether make sets $(MAKE)
configure:2903: result: yes
configure:2932: checking whether make supports nested variables
configure:2949: result: yes
configure:3079: result: *** Enabling debugging at user request ***
configure:3109: checking Non-standard OpenSSL location
configure:3119: result: yes
configure:3146: checking for style of include used by make
configure:3174: result: GNU
configure:3205: checking for mips64-octeon-linux-gcc
configure:3232: result: mips64-octeon-linux-gnu-gcc
configure:3501: checking for C compiler version
configure:3510: mips64-octeon-linux-gnu-gcc --version >&5
mips64-octeon-linux-gnu-gcc (Cavium Inc. Version: SDK_3_1_0_p2 build 34) 4.7.0
Copyright (C) 2012 Free Software Foundation, Inc.
This is free software; see the source for copying conditions.  There is NO
warranty; not even for MERCHANTABILITY or FITNESS FOR A PARTICULAR PURPOSE.

configure:3521: $? = 0
configure:3510: mips64-octeon-linux-gnu-gcc -v >&5
Using built-in specs.
COLLECT_GCC=mips64-octeon-linux-gnu-gcc
COLLECT_LTO_WRAPPER=/home/wangyt/dpi_engine/sdk_sys/tools/bin/../libexec/gcc/mips64-octeon-linux-gnu/4.7.0/lto-wrapper
Target: mips64-octeon-linux-gnu
Configured with: /usr/local/Cavium_Networks/octsw/toolchain/scripts/../src/configure --disable-fixed-point --without-ppl --without-python --disable-werror --with-lto-plugin-source=/usr/local/Cavium_Networks/octsw/toolchain/scripts/../gits/gcc/lto-plugin --enable-plugins --with-sysroot --with-local-prefix=/usr/local/Cavium_Networks/octsw/toolchain/scripts/../tools/mips64-octeon-linux-gnu/sys-root --disable-sim --enable-symvers=gnu --enable-__cxa_atexit --enable-symvers=gnu --enable-__cxa_atexit --with-mips-plt --disable-sim --target=mips64-octeon-linux-gnu --enable-languages=c,c++ --prefix=/usr/local/Cavium_Networks/octsw/toolchain/scripts/../tools --with-pkgversion='Cavium Inc. Version: SDK_3_1_0_p2 build 34' --with-bugurl=http://www.cavium.com/support.html --with-libexpat-prefix=/usr/local/Cavium_Networks/octsw/toolchain/scripts/../libs
Thread model: posix
gcc version 4.7.0 (Cavium Inc. Version: SDK_3_1_0_p2 build 34) 
configure:3521: $? = 0
configure:3510: mips64-octeon-linux-gnu-gcc -V >&5
mips64-octeon-linux-gnu-gcc: error: unrecognized command line option '-V'
mips64-octeon-linux-gnu-gcc: fatal error: no input files
compilation terminated.
configure:3521: $? = 1
configure:3510: mips64-octeon-linux-gnu-gcc -qversion >&5
mips64-octeon-linux-gnu-gcc: error: unrecognized command line option '-qversion'
mips64-octeon-linux-gnu-gcc: fatal error: no input files
compilation terminated.
configure:3521: $? = 1
configure:3541: checking whether the C compiler works
configure:3563: mips64-octeon-linux-gnu-gcc -O0 -g -DTSS_DEBUG -Wreturn-type -L/home/wangyt/calu/openssl/openssl-1.0.2f/lib -I/home/wangyt/calu/openssl/openssl-1.0.2f/include   conftest.c  >&5
configure:3567: $? = 0
configure:3615: result: yes
configure:3618: checking for C compiler default output file name
configure:3620: result: a.out
configure:3626: checking for suffix of executables
configure:3633: mips64-octeon-linux-gnu-gcc -o conftest -O0 -g -DTSS_DEBUG -Wreturn-type -L/home/wangyt/calu/openssl/openssl-1.0.2f/lib -I/home/wangyt/calu/openssl/openssl-1.0.2f/include   conftest.c  >&5
configure:3637: $? = 0
configure:3659: result: 
configure:3681: checking whether we are cross compiling
configure:3689: mips64-octeon-linux-gnu-gcc -o conftest -O0 -g -DTSS_DEBUG -Wreturn-type -L/home/wangyt/calu/openssl/openssl-1.0.2f/lib -I/home/wangyt/calu/openssl/openssl-1.0.2f/include   conftest.c  >&5
configure:3693: $? = 0
configure:3700: ./conftest
./configure: line 3702: ./conftest: cannot execute binary file: Exec format error
configure:3704: $? = 126
configure:3719: result: yes
configure:3724: checking for suffix of object files
configure:3746: mips64-octeon-linux-gnu-gcc -c -O0 -g -DTSS_DEBUG -Wreturn-type -L/home/wangyt/calu/openssl/openssl-1.0.2f/lib -I/home/wangyt/calu/openssl/openssl-1.0.2f/include  conftest.c >&5
configure:3750: $? = 0
configure:3771: result: o
configure:3775: checking whether we are using the GNU C compiler
configure:3794: mips64-octeon-linux-gnu-gcc -c -O0 -g -DTSS_DEBUG -Wreturn-type -L/home/wangyt/calu/openssl/openssl-1.0.2f/lib -I/home/wangyt/calu/openssl/openssl-1.0.2f/include  conftest.c >&5
configure:3794: $? = 0
configure:3803: result: yes
configure:3812: checking whether mips64-octeon-linux-gnu-gcc accepts -g
configure:3832: mips64-octeon-linux-gnu-gcc -c -g  conftest.c >&5
configure:3832: $? = 0
configure:3873: result: yes
configure:3890: checking for mips64-octeon-linux-gnu-gcc option to accept ISO C89
configure:3953: mips64-octeon-linux-gnu-gcc  -c -O0 -g -DTSS_DEBUG -Wreturn-type -L/home/wangyt/calu/openssl/openssl-1.0.2f/lib -I/home/wangyt/calu/openssl/openssl-1.0.2f/include  conftest.c >&5
configure:3953: $? = 0
configure:3966: result: none needed
configure:3991: checking whether mips64-octeon-linux-gnu-gcc understands -c and -o together
configure:4013: mips64-octeon-linux-gnu-gcc -c conftest.c -o conftest2.o
configure:4016: $? = 0
configure:4013: mips64-octeon-linux-gnu-gcc -c conftest.c -o conftest2.o
configure:4016: $? = 0
configure:4028: result: yes
configure:4047: checking dependency style of mips64-octeon-linux-gnu-gcc
configure:4158: result: gcc3
configure:4174: checking for EVP_DigestUpdate in -lcrypto
configure:4199: mips64-octeon-linux-gnu-gcc -o conftest -O0 -g -DTSS_DEBUG -Wreturn-type -L/home/wangyt/calu/openssl/openssl-1.0.2f/lib -I/home/wangyt/calu/openssl/openssl-1.0.2f/include   conftest.c -lcrypto   >&5
configure:4199: $? = 0
configure:4208: result: yes
configure:4255: checking how to run the C preprocessor
configure:4286: mips64-octeon-linux-gnu-gcc -E  conftest.c
configure:4286: $? = 0
configure:4300: mips64-octeon-linux-gnu-gcc -E  conftest.c
conftest.c:11:28: fatal error: ac_nonexistent.h: No such file or directory
compilation terminated.
configure:4300: $? = 1
configure: failed program was:
| /* confdefs.h */
| #define PACKAGE_NAME "trousers"
| #define PACKAGE_TARNAME "trousers"
| #define PACKAGE_VERSION "0.3.2cvs"
| #define PACKAGE_STRING "trousers 0.3.2cvs"
| #define PACKAGE_BUGREPORT "trousers-tech@lists.sf.net"
| #define PACKAGE_URL ""
| #define PACKAGE "trousers"
| #define VERSION "0.3.2cvs"
| /* end confdefs.h.  */
| #include <ac_nonexistent.h>
configure:4325: result: mips64-octeon-linux-gnu-gcc -E
configure:4345: mips64-octeon-linux-gnu-gcc -E  conftest.c
configure:4345: $? = 0
configure:4359: mips64-octeon-linux-gnu-gcc -E  conftest.c
conftest.c:11:28: fatal error: ac_nonexistent.h: No such file or directory
compilation terminated.
configure:4359: $? = 1
configure: failed program was:
| /* confdefs.h */
| #define PACKAGE_NAME "trousers"
| #define PACKAGE_TARNAME "trousers"
| #define PACKAGE_VERSION "0.3.2cvs"
| #define PACKAGE_STRING "trousers 0.3.2cvs"
| #define PACKAGE_BUGREPORT "trousers-tech@lists.sf.net"
| #define PACKAGE_URL ""
| #define PACKAGE "trousers"
| #define VERSION "0.3.2cvs"
| /* end confdefs.h.  */
| #include <ac_nonexistent.h>
configure:4388: checking for grep that handles long lines and -e
configure:4446: result: /bin/grep
configure:4451: checking for egrep
configure:4513: result: /bin/grep -E
configure:4518: checking for ANSI C header files
configure:4538: mips64-octeon-linux-gnu-gcc -c -O0 -g -DTSS_DEBUG -Wreturn-type -L/home/wangyt/calu/openssl/openssl-1.0.2f/lib -I/home/wangyt/calu/openssl/openssl-1.0.2f/include  conftest.c >&5
configure:4538: $? = 0
configure:4622: result: yes
configure:4635: checking for sys/types.h
configure:4635: mips64-octeon-linux-gnu-gcc -c -O0 -g -DTSS_DEBUG -Wreturn-type -L/home/wangyt/calu/openssl/openssl-1.0.2f/lib -I/home/wangyt/calu/openssl/openssl-1.0.2f/include  conftest.c >&5
configure:4635: $? = 0
configure:4635: result: yes
configure:4635: checking for sys/stat.h
configure:4635: mips64-octeon-linux-gnu-gcc -c -O0 -g -DTSS_DEBUG -Wreturn-type -L/home/wangyt/calu/openssl/openssl-1.0.2f/lib -I/home/wangyt/calu/openssl/openssl-1.0.2f/include  conftest.c >&5
configure:4635: $? = 0
configure:4635: result: yes
configure:4635: checking for stdlib.h
configure:4635: mips64-octeon-linux-gnu-gcc -c -O0 -g -DTSS_DEBUG -Wreturn-type -L/home/wangyt/calu/openssl/openssl-1.0.2f/lib -I/home/wangyt/calu/openssl/openssl-1.0.2f/include  conftest.c >&5
configure:4635: $? = 0
configure:4635: result: yes
configure:4635: checking for string.h
configure:4635: mips64-octeon-linux-gnu-gcc -c -O0 -g -DTSS_DEBUG -Wreturn-type -L/home/wangyt/calu/openssl/openssl-1.0.2f/lib -I/home/wangyt/calu/openssl/openssl-1.0.2f/include  conftest.c >&5
configure:4635: $? = 0
configure:4635: result: yes
configure:4635: checking for memory.h
configure:4635: mips64-octeon-linux-gnu-gcc -c -O0 -g -DTSS_DEBUG -Wreturn-type -L/home/wangyt/calu/openssl/openssl-1.0.2f/lib -I/home/wangyt/calu/openssl/openssl-1.0.2f/include  conftest.c >&5
configure:4635: $? = 0
configure:4635: result: yes
configure:4635: checking for strings.h
configure:4635: mips64-octeon-linux-gnu-gcc -c -O0 -g -DTSS_DEBUG -Wreturn-type -L/home/wangyt/calu/openssl/openssl-1.0.2f/lib -I/home/wangyt/calu/openssl/openssl-1.0.2f/include  conftest.c >&5
configure:4635: $? = 0
configure:4635: result: yes
configure:4635: checking for inttypes.h
configure:4635: mips64-octeon-linux-gnu-gcc -c -O0 -g -DTSS_DEBUG -Wreturn-type -L/home/wangyt/calu/openssl/openssl-1.0.2f/lib -I/home/wangyt/calu/openssl/openssl-1.0.2f/include  conftest.c >&5
configure:4635: $? = 0
configure:4635: result: yes
configure:4635: checking for stdint.h
configure:4635: mips64-octeon-linux-gnu-gcc -c -O0 -g -DTSS_DEBUG -Wreturn-type -L/home/wangyt/calu/openssl/openssl-1.0.2f/lib -I/home/wangyt/calu/openssl/openssl-1.0.2f/include  conftest.c >&5
configure:4635: $? = 0
configure:4635: result: yes
configure:4635: checking for unistd.h
configure:4635: mips64-octeon-linux-gnu-gcc -c -O0 -g -DTSS_DEBUG -Wreturn-type -L/home/wangyt/calu/openssl/openssl-1.0.2f/lib -I/home/wangyt/calu/openssl/openssl-1.0.2f/include  conftest.c >&5
configure:4635: $? = 0
configure:4635: result: yes
configure:4719: checking openssl/bn.h usability
configure:4719: mips64-octeon-linux-gnu-gcc -c -O0 -g -DTSS_DEBUG -Wreturn-type -L/home/wangyt/calu/openssl/openssl-1.0.2f/lib -I/home/wangyt/calu/openssl/openssl-1.0.2f/include  conftest.c >&5
configure:4719: $? = 0
configure:4719: result: yes
configure:4719: checking openssl/bn.h presence
configure:4719: mips64-octeon-linux-gnu-gcc -E  conftest.c
conftest.c:21:24: fatal error: openssl/bn.h: No such file or directory
compilation terminated.
configure:4719: $? = 1
configure: failed program was:
| /* confdefs.h */
| #define PACKAGE_NAME "trousers"
| #define PACKAGE_TARNAME "trousers"
| #define PACKAGE_VERSION "0.3.2cvs"
| #define PACKAGE_STRING "trousers 0.3.2cvs"
| #define PACKAGE_BUGREPORT "trousers-tech@lists.sf.net"
| #define PACKAGE_URL ""
| #define PACKAGE "trousers"
| #define VERSION "0.3.2cvs"
| #define STDC_HEADERS 1
| #define HAVE_SYS_TYPES_H 1
| #define HAVE_SYS_STAT_H 1
| #define HAVE_STDLIB_H 1
| #define HAVE_STRING_H 1
| #define HAVE_MEMORY_H 1
| #define HAVE_STRINGS_H 1
| #define HAVE_INTTYPES_H 1
| #define HAVE_STDINT_H 1
| #define HAVE_UNISTD_H 1
| /* end confdefs.h.  */
| #include <openssl/bn.h>
configure:4719: result: no
configure:4719: WARNING: openssl/bn.h: accepted by the compiler, rejected by the preprocessor!
configure:4719: WARNING: openssl/bn.h: proceeding with the compiler's result
configure:4719: checking for openssl/bn.h
configure:4719: result: yes
configure:4719: checking openssl/engine.h usability
configure:4719: mips64-octeon-linux-gnu-gcc -c -O0 -g -DTSS_DEBUG -Wreturn-type -L/home/wangyt/calu/openssl/openssl-1.0.2f/lib -I/home/wangyt/calu/openssl/openssl-1.0.2f/include  conftest.c >&5
configure:4719: $? = 0
configure:4719: result: yes
configure:4719: checking openssl/engine.h presence
configure:4719: mips64-octeon-linux-gnu-gcc -E  conftest.c
conftest.c:22:28: fatal error: openssl/engine.h: No such file or directory
compilation terminated.
configure:4719: $? = 1
configure: failed program was:
| /* confdefs.h */
| #define PACKAGE_NAME "trousers"
| #define PACKAGE_TARNAME "trousers"
| #define PACKAGE_VERSION "0.3.2cvs"
| #define PACKAGE_STRING "trousers 0.3.2cvs"
| #define PACKAGE_BUGREPORT "trousers-tech@lists.sf.net"
| #define PACKAGE_URL ""
| #define PACKAGE "trousers"
| #define VERSION "0.3.2cvs"
| #define STDC_HEADERS 1
| #define HAVE_SYS_TYPES_H 1
| #define HAVE_SYS_STAT_H 1
| #define HAVE_STDLIB_H 1
| #define HAVE_STRING_H 1
| #define HAVE_MEMORY_H 1
| #define HAVE_STRINGS_H 1
| #define HAVE_INTTYPES_H 1
| #define HAVE_STDINT_H 1
| #define HAVE_UNISTD_H 1
| #define HAVE_OPENSSL_BN_H 1
| /* end confdefs.h.  */
| #include <openssl/engine.h>
configure:4719: result: no
configure:4719: WARNING: openssl/engine.h: accepted by the compiler, rejected by the preprocessor!
configure:4719: WARNING: openssl/engine.h: proceeding with the compiler's result
configure:4719: checking for openssl/engine.h
configure:4719: result: yes
configure:5648: checking pthread.h usability
configure:5648: mips64-octeon-linux-gnu-gcc -c -O0 -g -DTSS_DEBUG -Wreturn-type -L/home/wangyt/calu/openssl/openssl-1.0.2f/lib -I/home/wangyt/calu/openssl/openssl-1.0.2f/include -DBI_OPENSSL  conftest.c >&5
configure:5648: $? = 0
configure:5648: result: yes
configure:5648: checking pthread.h presence
configure:5648: mips64-octeon-linux-gnu-gcc -E  conftest.c
configure:5648: $? = 0
configure:5648: result: yes
configure:5648: checking for pthread.h
configure:5648: result: yes
configure:5696: checking for mips64-octeon-linux-gcc
configure:5723: result: mips64-octeon-linux-gnu-gcc
configure:5992: checking for C compiler version
configure:6001: mips64-octeon-linux-gnu-gcc --version >&5
mips64-octeon-linux-gnu-gcc (Cavium Inc. Version: SDK_3_1_0_p2 build 34) 4.7.0
Copyright (C) 2012 Free Software Foundation, Inc.
This is free software; see the source for copying conditions.  There is NO
warranty; not even for MERCHANTABILITY or FITNESS FOR A PARTICULAR PURPOSE.

configure:6012: $? = 0
configure:6001: mips64-octeon-linux-gnu-gcc -v >&5
Using built-in specs.
COLLECT_GCC=mips64-octeon-linux-gnu-gcc
COLLECT_LTO_WRAPPER=/home/wangyt/dpi_engine/sdk_sys/tools/bin/../libexec/gcc/mips64-octeon-linux-gnu/4.7.0/lto-wrapper
Target: mips64-octeon-linux-gnu
Configured with: /usr/local/Cavium_Networks/octsw/toolchain/scripts/../src/configure --disable-fixed-point --without-ppl --without-python --disable-werror --with-lto-plugin-source=/usr/local/Cavium_Networks/octsw/toolchain/scripts/../gits/gcc/lto-plugin --enable-plugins --with-sysroot --with-local-prefix=/usr/local/Cavium_Networks/octsw/toolchain/scripts/../tools/mips64-octeon-linux-gnu/sys-root --disable-sim --enable-symvers=gnu --enable-__cxa_atexit --enable-symvers=gnu --enable-__cxa_atexit --with-mips-plt --disable-sim --target=mips64-octeon-linux-gnu --enable-languages=c,c++ --prefix=/usr/local/Cavium_Networks/octsw/toolchain/scripts/../tools --with-pkgversion='Cavium Inc. Version: SDK_3_1_0_p2 build 34' --with-bugurl=http://www.cavium.com/support.html --with-libexpat-prefix=/usr/local/Cavium_Networks/octsw/toolchain/scripts/../libs
Thread model: posix
gcc version 4.7.0 (Cavium Inc. Version: SDK_3_1_0_p2 build 34) 
configure:6012: $? = 0
configure:6001: mips64-octeon-linux-gnu-gcc -V >&5
mips64-octeon-linux-gnu-gcc: error: unrecognized command line option '-V'
mips64-octeon-linux-gnu-gcc: fatal error: no input files
compilation terminated.
configure:6012: $? = 1
configure:6001: mips64-octeon-linux-gnu-gcc -qversion >&5
mips64-octeon-linux-gnu-gcc: error: unrecognized command line option '-qversion'
mips64-octeon-linux-gnu-gcc: fatal error: no input files
compilation terminated.
configure:6012: $? = 1
configure:6016: checking whether we are using the GNU C compiler
configure:6044: result: yes
configure:6053: checking whether mips64-octeon-linux-gnu-gcc accepts -g
configure:6114: result: yes
configure:6131: checking for mips64-octeon-linux-gnu-gcc option to accept ISO C89
configure:6207: result: none needed
configure:6232: checking whether mips64-octeon-linux-gnu-gcc understands -c and -o together
configure:6269: result: yes
configure:6288: checking dependency style of mips64-octeon-linux-gnu-gcc
configure:6399: result: gcc3
configure:6460: checking how to print strings
configure:6487: result: printf
configure:6508: checking for a sed that does not truncate output
configure:6572: result: /bin/sed
configure:6590: checking for fgrep
configure:6652: result: /bin/grep -F
configure:6687: checking for ld used by mips64-octeon-linux-gnu-gcc
configure:6754: result: /home/wangyt/dpi_engine/sdk_sys/tools/mips64-octeon-linux-gnu/bin/ld
configure:6761: checking if the linker (/home/wangyt/dpi_engine/sdk_sys/tools/mips64-octeon-linux-gnu/bin/ld) is GNU ld
configure:6776: result: yes
configure:6788: checking for BSD- or MS-compatible name lister (nm)
configure:6837: result: no
configure:6851: checking for mips64-octeon-linux-dumpbin
configure:6881: result: no
configure:6851: checking for mips64-octeon-linux-link
configure:6881: result: no
configure:6895: checking for dumpbin
configure:6925: result: no
configure:6895: checking for link
configure:6911: found /usr/bin/link
configure:6922: result: link -dump
configure:6938: WARNING: using cross tools not prefixed with host triplet
configure:6967: checking the name lister (nm) interface
configure:6974: mips64-octeon-linux-gnu-gcc -c -O0 -g -DTSS_DEBUG -Wreturn-type -L/home/wangyt/calu/openssl/openssl-1.0.2f/lib -I/home/wangyt/calu/openssl/openssl-1.0.2f/include -DBI_OPENSSL  conftest.c >&5
configure:6977: nm "conftest.o"
configure:6980: output
0000000000000000 B some_variable
configure:6987: result: BSD nm
configure:6990: checking whether ln -s works
configure:6994: result: yes
configure:7002: checking the maximum length of command line arguments
configure:7133: result: 1572864
configure:7150: checking whether the shell understands some XSI constructs
configure:7160: result: yes
configure:7164: checking whether the shell understands "+="
configure:7170: result: yes
configure:7205: checking how to convert x86_64-unknown-linux-gnu file names to mips64-octeon-linux-gnu format
configure:7245: result: func_convert_file_noop
configure:7252: checking how to convert x86_64-unknown-linux-gnu file names to toolchain format
configure:7272: result: func_convert_file_noop
configure:7279: checking for /home/wangyt/dpi_engine/sdk_sys/tools/mips64-octeon-linux-gnu/bin/ld option to reload object files
configure:7286: result: -r
configure:7320: checking for mips64-octeon-linux-objdump
configure:7350: result: no
configure:7360: checking for objdump
configure:7376: found /usr/bin/objdump
configure:7387: result: objdump
configure:7419: checking how to recognize dependent libraries
configure:7617: result: pass_all
configure:7662: checking for mips64-octeon-linux-dlltool
configure:7692: result: no
configure:7702: checking for dlltool
configure:7732: result: no
configure:7762: checking how to associate runtime and link libraries
configure:7789: result: printf %s\n
configure:7805: checking for mips64-octeon-linux-ar
configure:7835: result: no
configure:7849: checking for ar
configure:7865: found /usr/bin/ar
configure:7876: result: ar
configure:7913: checking for archiver @FILE support
configure:7930: mips64-octeon-linux-gnu-gcc -c -O0 -g -DTSS_DEBUG -Wreturn-type -L/home/wangyt/calu/openssl/openssl-1.0.2f/lib -I/home/wangyt/calu/openssl/openssl-1.0.2f/include -DBI_OPENSSL  conftest.c >&5
configure:7930: $? = 0
configure:7933: ar cru libconftest.a @conftest.lst >&5
configure:7936: $? = 0
configure:7941: ar cru libconftest.a @conftest.lst >&5
ar: conftest.o: No such file or directory
configure:7944: $? = 1
configure:7956: result: @
configure:7974: checking for mips64-octeon-linux-strip
configure:8001: result: strip
configure:8073: checking for mips64-octeon-linux-ranlib
configure:8103: result: no
configure:8113: checking for ranlib
configure:8129: found /usr/bin/ranlib
configure:8140: result: ranlib
configure:8242: checking command to parse nm output from mips64-octeon-linux-gnu-gcc object
configure:8362: mips64-octeon-linux-gnu-gcc -c -O0 -g -DTSS_DEBUG -Wreturn-type -L/home/wangyt/calu/openssl/openssl-1.0.2f/lib -I/home/wangyt/calu/openssl/openssl-1.0.2f/include -DBI_OPENSSL  conftest.c >&5
configure:8365: $? = 0
configure:8369: nm conftest.o \| sed -n -e 's/^.*[ ]\([ABCDGIRSTW][ABCDGIRSTW]*\)[ ][ ]*\([_A-Za-z][_A-Za-z0-9]*\)$/\1 \2 \2/p' | sed '/ __gnu_lto/d' \> conftest.nm
configure:8372: $? = 0
configure:8438: mips64-octeon-linux-gnu-gcc -o conftest -O0 -g -DTSS_DEBUG -Wreturn-type -L/home/wangyt/calu/openssl/openssl-1.0.2f/lib -I/home/wangyt/calu/openssl/openssl-1.0.2f/include -DBI_OPENSSL   conftest.c conftstm.o >&5
configure:8441: $? = 0
configure:8479: result: ok
configure:8516: checking for sysroot
configure:8546: result: no
configure:8775: checking for mips64-octeon-linux-mt
configure:8805: result: no
configure:8815: checking for mt
configure:8831: found /bin/mt
configure:8842: result: mt
configure:8865: checking if mt is a manifest tool
configure:8871: mt '-?'
configure:8879: result: no
configure:9518: checking for dlfcn.h
configure:9518: mips64-octeon-linux-gnu-gcc -c -O0 -g -DTSS_DEBUG -Wreturn-type -L/home/wangyt/calu/openssl/openssl-1.0.2f/lib -I/home/wangyt/calu/openssl/openssl-1.0.2f/include -DBI_OPENSSL  conftest.c >&5
configure:9518: $? = 0
configure:9518: result: yes
configure:9694: checking for objdir
configure:9709: result: .libs
configure:9976: checking if mips64-octeon-linux-gnu-gcc supports -fno-rtti -fno-exceptions
configure:9994: mips64-octeon-linux-gnu-gcc -c -O0 -g -DTSS_DEBUG -Wreturn-type -L/home/wangyt/calu/openssl/openssl-1.0.2f/lib -I/home/wangyt/calu/openssl/openssl-1.0.2f/include -DBI_OPENSSL  -fno-rtti -fno-exceptions conftest.c >&5
cc1: warning: command line option '-fno-rtti' is valid for C++/ObjC++ but not for C [enabled by default]
configure:9998: $? = 0
configure:10011: result: no
configure:10338: checking for mips64-octeon-linux-gnu-gcc option to produce PIC
configure:10345: result: -fPIC -DPIC
configure:10353: checking if mips64-octeon-linux-gnu-gcc PIC flag -fPIC -DPIC works
configure:10371: mips64-octeon-linux-gnu-gcc -c -O0 -g -DTSS_DEBUG -Wreturn-type -L/home/wangyt/calu/openssl/openssl-1.0.2f/lib -I/home/wangyt/calu/openssl/openssl-1.0.2f/include -DBI_OPENSSL  -fPIC -DPIC -DPIC conftest.c >&5
configure:10375: $? = 0
configure:10388: result: yes
configure:10417: checking if mips64-octeon-linux-gnu-gcc static flag -static works
configure:10445: result: yes
configure:10460: checking if mips64-octeon-linux-gnu-gcc supports -c -o file.o
configure:10481: mips64-octeon-linux-gnu-gcc -c -O0 -g -DTSS_DEBUG -Wreturn-type -L/home/wangyt/calu/openssl/openssl-1.0.2f/lib -I/home/wangyt/calu/openssl/openssl-1.0.2f/include -DBI_OPENSSL  -o out/conftest2.o conftest.c >&5
configure:10485: $? = 0
configure:10507: result: yes
configure:10515: checking if mips64-octeon-linux-gnu-gcc supports -c -o file.o
configure:10562: result: yes
configure:10595: checking whether the mips64-octeon-linux-gnu-gcc linker (/home/wangyt/dpi_engine/sdk_sys/tools/mips64-octeon-linux-gnu/bin/ld) supports shared libraries
configure:11752: result: yes
configure:11789: checking whether -lc should be explicitly linked in
configure:11797: mips64-octeon-linux-gnu-gcc -c -O0 -g -DTSS_DEBUG -Wreturn-type -L/home/wangyt/calu/openssl/openssl-1.0.2f/lib -I/home/wangyt/calu/openssl/openssl-1.0.2f/include -DBI_OPENSSL  conftest.c >&5
configure:11800: $? = 0
configure:11815: mips64-octeon-linux-gnu-gcc -shared  -fPIC -DPIC conftest.o  -v -Wl,-soname -Wl,conftest -o conftest 2\>\&1 \| /bin/grep  -lc  \>/dev/null 2\>\&1
configure:11818: $? = 0
configure:11832: result: no
configure:11992: checking dynamic linker characteristics
configure:12492: mips64-octeon-linux-gnu-gcc -o conftest -O0 -g -DTSS_DEBUG -Wreturn-type -L/home/wangyt/calu/openssl/openssl-1.0.2f/lib -I/home/wangyt/calu/openssl/openssl-1.0.2f/include -DBI_OPENSSL   -Wl,-rpath -Wl,/foo conftest.c  >&5
configure:12492: $? = 0
configure:12726: result: GNU/Linux ld.so
configure:12833: checking how to hardcode library paths into programs
configure:12858: result: immediate
configure:13398: checking whether stripping libraries is possible
configure:13403: result: yes
configure:13438: checking if libtool supports shared libraries
configure:13440: result: yes
configure:13443: checking whether to build shared libraries
configure:13464: result: yes
configure:13467: checking whether to build static libraries
configure:13471: result: no
configure:13677: checking that generated files are newer than configure
configure:13683: result: done
configure:13986: creating ./config.status

## ---------------------- ##
## Running config.status. ##
## ---------------------- ##

This file was extended by trousers config.status 0.3.2cvs, which was
generated by GNU Autoconf 2.69.  Invocation command line was

  CONFIG_FILES    = 
  CONFIG_HEADERS  = 
  CONFIG_LINKS    = 
  CONFIG_COMMANDS = 
  $ ./config.status 

on test-RD640

config.status:1138: creating dist/tcsd.conf
config.status:1138: creating dist/fedora/trousers.spec
config.status:1138: creating dist/trousers.spec
config.status:1138: creating Makefile
config.status:1138: creating src/Makefile
config.status:1138: creating src/include/Makefile
config.status:1138: creating src/tcmalg/Makefile
config.status:1138: creating src/tcs/Makefile
config.status:1138: creating src/tddl/Makefile
config.status:1138: creating src/tspi/Makefile
config.status:1138: creating src/trspi/Makefile
config.status:1138: creating src/tcsd/Makefile
config.status:1138: creating tools/Makefile
config.status:1138: creating man/man8/tcsd.8
config.status:1138: creating man/man5/tcsd.conf.5
config.status:1138: creating dist/Makefile
config.status:1138: creating man/Makefile
config.status:1138: creating man/man3/Makefile
config.status:1138: creating man/man5/Makefile
config.status:1138: creating man/man8/Makefile
config.status:1310: executing depfiles commands
config.status:1310: executing libtool commands

## ---------------- ##
## Cache variables. ##
## ---------------- ##

ac_cv_build=x86_64-unknown-linux-gnu
ac_cv_c_compiler_gnu=yes
ac_cv_env_CC_set=set
ac_cv_env_CC_value=mips64-octeon-linux-gnu-gcc
ac_cv_env_CFLAGS_set=
ac_cv_env_CFLAGS_value=
ac_cv_env_CPPFLAGS_set=
ac_cv_env_CPPFLAGS_value=
ac_cv_env_CPP_set=
ac_cv_env_CPP_value=
ac_cv_env_GTK_CFLAGS_set=
ac_cv_env_GTK_CFLAGS_value=
ac_cv_env_GTK_LIBS_set=
ac_cv_env_GTK_LIBS_value=
ac_cv_env_LDFLAGS_set=
ac_cv_env_LDFLAGS_value=
ac_cv_env_LIBS_set=
ac_cv_env_LIBS_value=
ac_cv_env_PKG_CONFIG_LIBDIR_set=
ac_cv_env_PKG_CONFIG_LIBDIR_value=
ac_cv_env_PKG_CONFIG_PATH_set=
ac_cv_env_PKG_CONFIG_PATH_value=
ac_cv_env_PKG_CONFIG_set=
ac_cv_env_PKG_CONFIG_value=
ac_cv_env_build_alias_set=
ac_cv_env_build_alias_value=
ac_cv_env_host_alias_set=set
ac_cv_env_host_alias_value=mips64-octeon-linux
ac_cv_env_target_alias_set=
ac_cv_env_target_alias_value=
ac_cv_header_dlfcn_h=yes
ac_cv_header_inttypes_h=yes
ac_cv_header_memory_h=yes
ac_cv_header_openssl_bn_h=yes
ac_cv_header_openssl_engine_h=yes
ac_cv_header_pthread_h=yes
ac_cv_header_stdc=yes
ac_cv_header_stdint_h=yes
ac_cv_header_stdlib_h=yes
ac_cv_header_string_h=yes
ac_cv_header_strings_h=yes
ac_cv_header_sys_stat_h=yes
ac_cv_header_sys_types_h=yes
ac_cv_header_unistd_h=yes
ac_cv_host=mips64-octeon-linux-gnu
ac_cv_lib_crypto_EVP_DigestUpdate=yes
ac_cv_objext=o
ac_cv_path_EGREP='/bin/grep -E'
ac_cv_path_FGREP='/bin/grep -F'
ac_cv_path_GREP=/bin/grep
ac_cv_path_SED=/bin/sed
ac_cv_path_install='/usr/bin/install -c'
ac_cv_path_mkdir=/bin/mkdir
ac_cv_prog_AWK=gawk
ac_cv_prog_CC=mips64-octeon-linux-gnu-gcc
ac_cv_prog_CPP='mips64-octeon-linux-gnu-gcc -E'
ac_cv_prog_STRIP=strip
ac_cv_prog_ac_ct_AR=ar
ac_cv_prog_ac_ct_DUMPBIN='link -dump'
ac_cv_prog_ac_ct_MANIFEST_TOOL=mt
ac_cv_prog_ac_ct_OBJDUMP=objdump
ac_cv_prog_ac_ct_RANLIB=ranlib
ac_cv_prog_ac_ct_STRIP=strip
ac_cv_prog_cc_c89=
ac_cv_prog_cc_g=yes
ac_cv_prog_make_make_set=yes
ac_cv_target=mips64-octeon-linux-gnu
am_cv_CC_dependencies_compiler_type=gcc3
am_cv_make_support_nested_variables=yes
am_cv_prog_cc_c_o=yes
lt_cv_ar_at_file=@
lt_cv_archive_cmds_need_lc=no
lt_cv_deplibs_check_method=pass_all
lt_cv_file_magic_cmd='$MAGIC_CMD'
lt_cv_file_magic_test_file=
lt_cv_ld_reload_flag=-r
lt_cv_nm_interface='BSD nm'
lt_cv_objdir=.libs
lt_cv_path_LD=/home/wangyt/dpi_engine/sdk_sys/tools/mips64-octeon-linux-gnu/bin/ld
lt_cv_path_NM=no
lt_cv_path_mainfest_tool=no
lt_cv_prog_compiler_c_o=yes
lt_cv_prog_compiler_pic='-fPIC -DPIC'
lt_cv_prog_compiler_pic_works=yes
lt_cv_prog_compiler_rtti_exceptions=no
lt_cv_prog_compiler_static_works=yes
lt_cv_prog_gnu_ld=yes
lt_cv_sharedlib_from_linklib_cmd='printf %s\n'
lt_cv_shlibpath_overrides_runpath=no
lt_cv_sys_global_symbol_pipe='sed -n -e '\''s/^.*[	 ]\([ABCDGIRSTW][ABCDGIRSTW]*\)[	 ][	 ]*\([_A-Za-z][_A-Za-z0-9]*\)$/\1 \2 \2/p'\'' | sed '\''/ __gnu_lto/d'\'''
lt_cv_sys_global_symbol_to_c_name_address='sed -n -e '\''s/^: \([^ ]*\)[ ]*$/  {\"\1\", (void *) 0},/p'\'' -e '\''s/^[ABCDGIRSTW]* \([^ ]*\) \([^ ]*\)$/  {"\2", (void *) \&\2},/p'\'''
lt_cv_sys_global_symbol_to_c_name_address_lib_prefix='sed -n -e '\''s/^: \([^ ]*\)[ ]*$/  {\"\1\", (void *) 0},/p'\'' -e '\''s/^[ABCDGIRSTW]* \([^ ]*\) \(lib[^ ]*\)$/  {"\2", (void *) \&\2},/p'\'' -e '\''s/^[ABCDGIRSTW]* \([^ ]*\) \([^ ]*\)$/  {"lib\2", (void *) \&\2},/p'\'''
lt_cv_sys_global_symbol_to_cdecl='sed -n -e '\''s/^T .* \(.*\)$/extern int \1();/p'\'' -e '\''s/^[ABCDGIRSTW]* .* \(.*\)$/extern char \1;/p'\'''
lt_cv_sys_max_cmd_len=1572864
lt_cv_to_host_file_cmd=func_convert_file_noop
lt_cv_to_tool_file_cmd=func_convert_file_noop

## ----------------- ##
## Output variables. ##
## ----------------- ##

ACLOCAL='aclocal-1.14'
AMDEPBACKSLASH='\'
AMDEP_FALSE='#'
AMDEP_TRUE=''
AMTAR='$${TAR-tar}'
AM_BACKSLASH='\'
AM_DEFAULT_V='$(AM_DEFAULT_VERBOSITY)'
AM_DEFAULT_VERBOSITY='1'
AM_V='$(V)'
AR='ar'
AUTOCONF='autoconf'
AUTOHEADER='autoheader'
AUTOMAKE='automake-1.14'
AWK='gawk'
CC='mips64-octeon-linux-gnu-gcc'
CCDEPMODE='depmode=gcc3'
CFLAGS='-O0 -g -DTSS_DEBUG -Wreturn-type -L/home/wangyt/calu/openssl/openssl-1.0.2f/lib -I/home/wangyt/calu/openssl/openssl-1.0.2f/include -DBI_OPENSSL -I../include -W -Wall  -Wno-unused-parameter -Wsign-compare 	-DTCSD_DEFAULT_PORT=30003 -DTSS_VER_MAJOR=0 	-DTSS_VER_MINOR=3 -DTSS_SPEC_MAJOR=1 	-DTSS_SPEC_MINOR=2'
CPP='mips64-octeon-linux-gnu-gcc -E'
CPPFLAGS=''
CRYPTOLIB='-lcrypto'
CRYPTO_PACKAGE='openssl'
CYGPATH_W='echo'
DEFS='-DPACKAGE_NAME=\"trousers\" -DPACKAGE_TARNAME=\"trousers\" -DPACKAGE_VERSION=\"0.3.2cvs\" -DPACKAGE_STRING=\"trousers\ 0.3.2cvs\" -DPACKAGE_BUGREPORT=\"trousers-tech@lists.sf.net\" -DPACKAGE_URL=\"\" -DPACKAGE=\"trousers\" -DVERSION=\"0.3.2cvs\" -DSTDC_HEADERS=1 -DHAVE_SYS_TYPES_H=1 -DHAVE_SYS_STAT_H=1 -DHAVE_STDLIB_H=1 -DHAVE_STRING_H=1 -DHAVE_MEMORY_H=1 -DHAVE_STRINGS_H=1 -DHAVE_INTTYPES_H=1 -DHAVE_STDINT_H=1 -DHAVE_UNISTD_H=1 -DHAVE_OPENSSL_BN_H=1 -DHAVE_OPENSSL_ENGINE_H=1 -DHAVE_PTHREAD_H=1 -DHAVE_DLFCN_H=1 -DLT_OBJDIR=\".libs/\"'
DEPDIR='.deps'
DLLTOOL='false'
DSYMUTIL=''
DUMPBIN=':'
ECHO_C=''
ECHO_N='-n'
ECHO_T=''
EGREP='/bin/grep -E'
EXEEXT=''
FGREP='/bin/grep -F'
GREP='/bin/grep'
GTK_CFLAGS=''
GTK_LIBS=''
HAVE_GTK_FALSE=''
HAVE_GTK_TRUE='#'
INSTALL_DATA='${INSTALL} -m 644'
INSTALL_PROGRAM='${INSTALL}'
INSTALL_SCRIPT='${INSTALL}'
INSTALL_STRIP_PROGRAM='$(install_sh) -c -s'
LD='/home/wangyt/dpi_engine/sdk_sys/tools/mips64-octeon-linux-gnu/bin/ld'
LDFLAGS=''
LIBOBJS=''
LIBS=''
LIBTOOL='$(SHELL) $(top_builddir)/libtool'
LIPO=''
LN_S='ln -s'
LTLIBOBJS=''
MAKEINFO='makeinfo'
MANIFEST_TOOL=':'
MKDIR_P='/bin/mkdir -p'
NM='nm'
NMEDIT=''
OBJDUMP='objdump'
OBJEXT='o'
OPENSSL_LIB_DIR='/home/wangyt/calu/openssl/openssl-1.0.2f/lib'
OPENSSL_UI_FALSE='#'
OPENSSL_UI_TRUE=''
OTOOL64=''
OTOOL=''
PACKAGE='trousers'
PACKAGE_BUGREPORT='trousers-tech@lists.sf.net'
PACKAGE_NAME='trousers'
PACKAGE_STRING='trousers 0.3.2cvs'
PACKAGE_TARNAME='trousers'
PACKAGE_URL=''
PACKAGE_VERSION='0.3.2cvs'
PATH_SEPARATOR=':'
PKG_CONFIG=''
PKG_CONFIG_LIBDIR=''
PKG_CONFIG_PATH=''
RANLIB='ranlib'
RPC='tcstp'
SED='/bin/sed'
SET_MAKE=''
SHELL='/bin/bash'
STRIP='strip'
TCSD_DEFAULT_PORT='30003'
TSS_BUILD_ADMIN_FALSE='#'
TSS_BUILD_ADMIN_TRUE=''
TSS_BUILD_AIK_FALSE='#'
TSS_BUILD_AIK_TRUE=''
TSS_BUILD_ASN1_FALSE='#'
TSS_BUILD_ASN1_TRUE=''
TSS_BUILD_ASYM_CRYPTO_FALSE='#'
TSS_BUILD_ASYM_CRYPTO_TRUE=''
TSS_BUILD_AUDIT_FALSE='#'
TSS_BUILD_AUDIT_TRUE=''
TSS_BUILD_AUTH_FALSE='#'
TSS_BUILD_AUTH_TRUE=''
TSS_BUILD_BIND_FALSE='#'
TSS_BUILD_BIND_TRUE=''
TSS_BUILD_CAPS_FALSE='#'
TSS_BUILD_CAPS_TPM_FALSE='#'
TSS_BUILD_CAPS_TPM_TRUE=''
TSS_BUILD_CAPS_TRUE=''
TSS_BUILD_CERTIFY_FALSE='#'
TSS_BUILD_CERTIFY_TRUE=''
TSS_BUILD_CHANGEAUTH_FALSE='#'
TSS_BUILD_CHANGEAUTH_TRUE=''
TSS_BUILD_CMK_FALSE='#'
TSS_BUILD_CMK_TRUE=''
TSS_BUILD_COUNTER_FALSE='#'
TSS_BUILD_COUNTER_TRUE=''
TSS_BUILD_DAA_FALSE=''
TSS_BUILD_DAA_TRUE='#'
TSS_BUILD_DELEGATION_FALSE='#'
TSS_BUILD_DELEGATION_TRUE=''
TSS_BUILD_DIR_FALSE='#'
TSS_BUILD_DIR_TRUE=''
TSS_BUILD_EK_FALSE='#'
TSS_BUILD_EK_TRUE=''
TSS_BUILD_ENCDATA_LIST_FALSE='#'
TSS_BUILD_ENCDATA_LIST_TRUE=''
TSS_BUILD_GETSET_FALSE='#'
TSS_BUILD_GETSET_TRUE=''
TSS_BUILD_GET_FLAGS_FALSE='#'
TSS_BUILD_GET_FLAGS_TRUE=''
TSS_BUILD_HASH_FALSE='#'
TSS_BUILD_HASH_LIST_FALSE='#'
TSS_BUILD_HASH_LIST_TRUE=''
TSS_BUILD_HASH_TRUE=''
TSS_BUILD_KEY_FALSE='#'
TSS_BUILD_KEY_TRUE=''
TSS_BUILD_MAINT_FALSE='#'
TSS_BUILD_MAINT_TRUE=''
TSS_BUILD_MIGRATION_FALSE='#'
TSS_BUILD_MIGRATION_TRUE=''
TSS_BUILD_NV_FALSE='#'
TSS_BUILD_NV_LIST_FALSE='#'
TSS_BUILD_NV_LIST_TRUE=''
TSS_BUILD_NV_SUPPORT_FALSE='#'
TSS_BUILD_NV_SUPPORT_TRUE=''
TSS_BUILD_NV_TRUE=''
TSS_BUILD_OWN_FALSE='#'
TSS_BUILD_OWN_TRUE=''
TSS_BUILD_PCRS_LIST_FALSE='#'
TSS_BUILD_PCRS_LIST_TRUE=''
TSS_BUILD_PCR_COMP12_FALSE='#'
TSS_BUILD_PCR_COMP12_TRUE=''
TSS_BUILD_PCR_COMP_FALSE='#'
TSS_BUILD_PCR_COMP_TRUE=''
TSS_BUILD_PCR_EVENTS_FALSE='#'
TSS_BUILD_PCR_EVENTS_TRUE=''
TSS_BUILD_PCR_EXTEND_FALSE='#'
TSS_BUILD_PCR_EXTEND_TRUE=''
TSS_BUILD_POLICY_FALSE='#'
TSS_BUILD_POLICY_TRUE=''
TSS_BUILD_PS_FALSE='#'
TSS_BUILD_PS_TRUE=''
TSS_BUILD_QUOTE2_FALSE='#'
TSS_BUILD_QUOTE2_TRUE=''
TSS_BUILD_QUOTE_FALSE='#'
TSS_BUILD_QUOTE_TRUE=''
TSS_BUILD_RANDOM_FALSE='#'
TSS_BUILD_RANDOM_TRUE=''
TSS_BUILD_RSAKEY_LIST_FALSE='#'
TSS_BUILD_RSAKEY_LIST_TRUE=''
TSS_BUILD_SEALX_FALSE='#'
TSS_BUILD_SEALX_TRUE=''
TSS_BUILD_SEAL_FALSE='#'
TSS_BUILD_SEAL_TRUE=''
TSS_BUILD_SELFTEST_FALSE='#'
TSS_BUILD_SELFTEST_TRUE=''
TSS_BUILD_SIGN_FALSE='#'
TSS_BUILD_SIGN_TRUE=''
TSS_BUILD_SYM_CRYPTO_FALSE='#'
TSS_BUILD_SYM_CRYPTO_TRUE=''
TSS_BUILD_TICK_FALSE='#'
TSS_BUILD_TICK_TRUE=''
TSS_BUILD_TRANSPORT_FALSE='#'
TSS_BUILD_TRANSPORT_TRUE=''
TSS_BUILD_TSS12_FALSE='#'
TSS_BUILD_TSS12_TRUE=''
VERSION='0.3.2cvs'
ac_ct_AR='ar'
ac_ct_CC=''
ac_ct_DUMPBIN='link -dump'
am__EXEEXT_FALSE=''
am__EXEEXT_TRUE='#'
am__fastdepCC_FALSE='#'
am__fastdepCC_TRUE=''
am__include='include'
am__isrc=''
am__leading_dot='.'
am__nodep='_no'
am__quote=''
am__tar='$${TAR-tar} chof - "$$tardir"'
am__untar='$${TAR-tar} xf -'
bindir='${exec_prefix}/bin'
build='x86_64-unknown-linux-gnu'
build_alias=''
build_cpu='x86_64'
build_os='linux-gnu'
build_vendor='unknown'
datadir='${datarootdir}'
datarootdir='${prefix}/share'
docdir='${datarootdir}/doc/${PACKAGE_TARNAME}'
dvidir='${docdir}'
exec_prefix='${prefix}'
host='mips64-octeon-linux-gnu'
host_alias='mips64-octeon-linux'
host_cpu='mips64'
host_os='linux-gnu'
host_vendor='octeon'
htmldir='${docdir}'
includedir='${prefix}/include'
infodir='${datarootdir}/info'
install_sh='${SHELL} /home/wangyt/calu-git/tcmtool/svn/tsm/install-sh'
libdir='${exec_prefix}/lib'
libexecdir='${exec_prefix}/libexec'
localedir='${datarootdir}/locale'
localstatedir='/usr/local/var'
mandir='${datarootdir}/man'
mkdir_p='$(MKDIR_P)'
oldincludedir='/usr/include'
pdfdir='${docdir}'
prefix='/usr/local'
program_transform_name='s,x,x,'
psdir='${docdir}'
sbindir='${exec_prefix}/sbin'
sharedstatedir='${prefix}/com'
sysconfdir='${prefix}/etc'
target='mips64-octeon-linux-gnu'
target_alias=''
target_cpu='mips64'
target_os='linux-gnu'
target_vendor='octeon'

## ----------- ##
## confdefs.h. ##
## ----------- ##

/* confdefs.h */
#define PACKAGE_NAME "trousers"
#define PACKAGE_TARNAME "trousers"
#define PACKAGE_VERSION "0.3.2cvs"
#define PACKAGE_STRING "trousers 0.3.2cvs"
#define PACKAGE_BUGREPORT "trousers-tech@lists.sf.net"
#define PACKAGE_URL ""
#define PACKAGE "trousers"
#define VERSION "0.3.2cvs"
#define STDC_HEADERS 1
#define HAVE_SYS_TYPES_H 1
#define HAVE_SYS_STAT_H 1
#define HAVE_STDLIB_H 1
#define HAVE_STRING_H 1
#define HAVE_MEMORY_H 1
#define HAVE_STRINGS_H 1
#define HAVE_INTTYPES_H 1
#define HAVE_STDINT_H 1
#define HAVE_UNISTD_H 1
#define HAVE_OPENSSL_BN_H 1
#define HAVE_OPENSSL_ENGINE_H 1
#define HAVE_PTHREAD_H 1
#define HAVE_DLFCN_H 1
#define LT_OBJDIR ".libs/"

configure: exit 0

## ---------------------- ##
## Running config.status. ##
## ---------------------- ##

This file was extended by trousers config.status 0.3.2cvs, which was
generated by GNU Autoconf 2.69.  Invocation command line was

  CONFIG_FILES    = 
  CONFIG_HEADERS  = 
  CONFIG_LINKS    = 
  CONFIG_COMMANDS = 
  $ ./config.status src/tspi/Makefile depfiles

on test-RD640

config.status:1138: creating src/tspi/Makefile
config.status:1310: executing depfiles commands
