This file contains any messages produced by compilers while
running configure, to aid debugging if configure makes a mistake.

It was created by tpm-tools configure 1.3.4, which was
generated by GNU Autoconf 2.69.  Invocation command line was

  $ ./configure --host=mips64-octeon-linux CC=mips64-octeon-linux-gnu-gcc CFLAGS=-I/home/wangyt/calu-git/tcmtool/svn/tsm/src/include LDFLAGS=-L/home/wangyt/calu-git/tcmtool/svn/tsm/src/tspi/.libs --with-openssl=/home/wangyt/calu/openssl/openssl-1.0.2f

## --------- ##
## Platform. ##
## --------- ##

hostname = test-RD640
uname -m = x86_64
uname -r = 3.19.0-25-generic
uname -s = Linux
uname -v = #26~14.04.1-Ubuntu SMP Fri Jul 24 21:16:20 UTC 2015

/usr/bin/uname -p = unknown
/bin/uname -X     = unknown

/bin/arch              = unknown
/usr/bin/arch -k       = unknown
/usr/convex/getsysinfo = unknown
/usr/bin/hostinfo      = unknown
/bin/machine           = unknown
/usr/bin/oslevel       = unknown
/bin/universe          = unknown

PATH: /home/wangyt/dpi_engine/sdk_sys/tools/bin
PATH: /usr/local/java/jdk1.8.0_60/bin
PATH: /usr/local/sbin
PATH: /usr/local/bin
PATH: /usr/sbin
PATH: /usr/bin
PATH: /sbin
PATH: /bin
PATH: /usr/games


## ----------- ##
## Core tests. ##
## ----------- ##

configure:2479: checking build system type
configure:2493: result: x86_64-unknown-linux-gnu
configure:2513: checking host system type
configure:2526: result: mips64-octeon-linux-gnu
configure:2546: checking target system type
configure:2559: result: mips64-octeon-linux-gnu
configure:2602: checking for a BSD-compatible install
configure:2670: result: /usr/bin/install -c
configure:2681: checking whether build environment is sane
configure:2736: result: yes
configure:2795: checking for mips64-octeon-linux-strip
configure:2825: result: no
configure:2835: checking for strip
configure:2851: found /usr/bin/strip
configure:2862: result: strip
configure:2887: checking for a thread-safe mkdir -p
configure:2926: result: /bin/mkdir -p
configure:2933: checking for gawk
configure:2949: found /usr/bin/gawk
configure:2960: result: gawk
configure:2971: checking whether make sets $(MAKE)
configure:2993: result: yes
configure:3022: checking whether make supports nested variables
configure:3039: result: yes
configure:3166: checking for debug-enabled build
configure:3181: result: no
configure:3207: checking for mips64-octeon-linux-gcc
configure:3234: result: mips64-octeon-linux-gnu-gcc
configure:3503: checking for C compiler version
configure:3512: mips64-octeon-linux-gnu-gcc --version >&5
mips64-octeon-linux-gnu-gcc (Cavium Inc. Version: SDK_3_1_0_p2 build 34) 4.7.0
Copyright (C) 2012 Free Software Foundation, Inc.
This is free software; see the source for copying conditions.  There is NO
warranty; not even for MERCHANTABILITY or FITNESS FOR A PARTICULAR PURPOSE.

configure:3523: $? = 0
configure:3512: mips64-octeon-linux-gnu-gcc -v >&5
Using built-in specs.
COLLECT_GCC=mips64-octeon-linux-gnu-gcc
COLLECT_LTO_WRAPPER=/home/wangyt/dpi_engine/sdk_sys/tools/bin/../libexec/gcc/mips64-octeon-linux-gnu/4.7.0/lto-wrapper
Target: mips64-octeon-linux-gnu
Configured with: /usr/local/Cavium_Networks/octsw/toolchain/scripts/../src/configure --disable-fixed-point --without-ppl --without-python --disable-werror --with-lto-plugin-source=/usr/local/Cavium_Networks/octsw/toolchain/scripts/../gits/gcc/lto-plugin --enable-plugins --with-sysroot --with-local-prefix=/usr/local/Cavium_Networks/octsw/toolchain/scripts/../tools/mips64-octeon-linux-gnu/sys-root --disable-sim --enable-symvers=gnu --enable-__cxa_atexit --enable-symvers=gnu --enable-__cxa_atexit --with-mips-plt --disable-sim --target=mips64-octeon-linux-gnu --enable-languages=c,c++ --prefix=/usr/local/Cavium_Networks/octsw/toolchain/scripts/../tools --with-pkgversion='Cavium Inc. Version: SDK_3_1_0_p2 build 34' --with-bugurl=http://www.cavium.com/support.html --with-libexpat-prefix=/usr/local/Cavium_Networks/octsw/toolchain/scripts/../libs
Thread model: posix
gcc version 4.7.0 (Cavium Inc. Version: SDK_3_1_0_p2 build 34) 
configure:3523: $? = 0
configure:3512: mips64-octeon-linux-gnu-gcc -V >&5
mips64-octeon-linux-gnu-gcc: error: unrecognized command line option '-V'
mips64-octeon-linux-gnu-gcc: fatal error: no input files
compilation terminated.
configure:3523: $? = 1
configure:3512: mips64-octeon-linux-gnu-gcc -qversion >&5
mips64-octeon-linux-gnu-gcc: error: unrecognized command line option '-qversion'
mips64-octeon-linux-gnu-gcc: fatal error: no input files
compilation terminated.
configure:3523: $? = 1
configure:3543: checking whether the C compiler works
configure:3565: mips64-octeon-linux-gnu-gcc -I/home/wangyt/calu-git/tcmtool/svn/tsm/src/include  -L/home/wangyt/calu-git/tcmtool/svn/tsm/src/tspi/.libs conftest.c  >&5
configure:3569: $? = 0
configure:3617: result: yes
configure:3620: checking for C compiler default output file name
configure:3622: result: a.out
configure:3628: checking for suffix of executables
configure:3635: mips64-octeon-linux-gnu-gcc -o conftest -I/home/wangyt/calu-git/tcmtool/svn/tsm/src/include  -L/home/wangyt/calu-git/tcmtool/svn/tsm/src/tspi/.libs conftest.c  >&5
configure:3639: $? = 0
configure:3661: result: 
configure:3683: checking whether we are cross compiling
configure:3691: mips64-octeon-linux-gnu-gcc -o conftest -I/home/wangyt/calu-git/tcmtool/svn/tsm/src/include  -L/home/wangyt/calu-git/tcmtool/svn/tsm/src/tspi/.libs conftest.c  >&5
configure:3695: $? = 0
configure:3702: ./conftest
./configure: line 3704: ./conftest: cannot execute binary file: Exec format error
configure:3706: $? = 126
configure:3721: result: yes
configure:3726: checking for suffix of object files
configure:3748: mips64-octeon-linux-gnu-gcc -c -I/home/wangyt/calu-git/tcmtool/svn/tsm/src/include  conftest.c >&5
configure:3752: $? = 0
configure:3773: result: o
configure:3777: checking whether we are using the GNU C compiler
configure:3796: mips64-octeon-linux-gnu-gcc -c -I/home/wangyt/calu-git/tcmtool/svn/tsm/src/include  conftest.c >&5
configure:3796: $? = 0
configure:3805: result: yes
configure:3814: checking whether mips64-octeon-linux-gnu-gcc accepts -g
configure:3834: mips64-octeon-linux-gnu-gcc -c -g  conftest.c >&5
configure:3834: $? = 0
configure:3875: result: yes
configure:3892: checking for mips64-octeon-linux-gnu-gcc option to accept ISO C89
configure:3955: mips64-octeon-linux-gnu-gcc  -c -I/home/wangyt/calu-git/tcmtool/svn/tsm/src/include  conftest.c >&5
configure:3955: $? = 0
configure:3968: result: none needed
configure:3993: checking whether mips64-octeon-linux-gnu-gcc understands -c and -o together
configure:4015: mips64-octeon-linux-gnu-gcc -c conftest.c -o conftest2.o
configure:4018: $? = 0
configure:4015: mips64-octeon-linux-gnu-gcc -c conftest.c -o conftest2.o
configure:4018: $? = 0
configure:4030: result: yes
configure:4058: checking for style of include used by make
configure:4086: result: GNU
configure:4112: checking dependency style of mips64-octeon-linux-gnu-gcc
configure:4223: result: gcc3
configure:4252: checking for mips64-octeon-linux-g++
configure:4282: result: no
configure:4252: checking for mips64-octeon-linux-c++
configure:4282: result: no
configure:4252: checking for mips64-octeon-linux-gpp
configure:4282: result: no
configure:4252: checking for mips64-octeon-linux-aCC
configure:4282: result: no
configure:4252: checking for mips64-octeon-linux-CC
configure:4282: result: no
configure:4252: checking for mips64-octeon-linux-cxx
configure:4282: result: no
configure:4252: checking for mips64-octeon-linux-cc++
configure:4282: result: no
configure:4252: checking for mips64-octeon-linux-cl.exe
configure:4282: result: no
configure:4252: checking for mips64-octeon-linux-FCC
configure:4282: result: no
configure:4252: checking for mips64-octeon-linux-KCC
configure:4282: result: no
configure:4252: checking for mips64-octeon-linux-RCC
configure:4282: result: no
configure:4252: checking for mips64-octeon-linux-xlC_r
configure:4282: result: no
configure:4252: checking for mips64-octeon-linux-xlC
configure:4282: result: no
configure:4296: checking for g++
configure:4312: found /usr/bin/g++
configure:4323: result: g++
configure:4339: WARNING: using cross tools not prefixed with host triplet
configure:4350: checking for C++ compiler version
configure:4359: g++ --version >&5
g++ (Ubuntu 4.8.4-2ubuntu1~14.04.3) 4.8.4
Copyright (C) 2013 Free Software Foundation, Inc.
This is free software; see the source for copying conditions.  There is NO
warranty; not even for MERCHANTABILITY or FITNESS FOR A PARTICULAR PURPOSE.

configure:4370: $? = 0
configure:4359: g++ -v >&5
Using built-in specs.
COLLECT_GCC=g++
COLLECT_LTO_WRAPPER=/usr/lib/gcc/x86_64-linux-gnu/4.8/lto-wrapper
Target: x86_64-linux-gnu
Configured with: ../src/configure -v --with-pkgversion='Ubuntu 4.8.4-2ubuntu1~14.04.3' --with-bugurl=file:///usr/share/doc/gcc-4.8/README.Bugs --enable-languages=c,c++,java,go,d,fortran,objc,obj-c++ --prefix=/usr --program-suffix=-4.8 --enable-shared --enable-linker-build-id --libexecdir=/usr/lib --without-included-gettext --enable-threads=posix --with-gxx-include-dir=/usr/include/c++/4.8 --libdir=/usr/lib --enable-nls --with-sysroot=/ --enable-clocale=gnu --enable-libstdcxx-debug --enable-libstdcxx-time=yes --enable-gnu-unique-object --disable-libmudflap --enable-plugin --with-system-zlib --disable-browser-plugin --enable-java-awt=gtk --enable-gtk-cairo --with-java-home=/usr/lib/jvm/java-1.5.0-gcj-4.8-amd64/jre --enable-java-home --with-jvm-root-dir=/usr/lib/jvm/java-1.5.0-gcj-4.8-amd64 --with-jvm-jar-dir=/usr/lib/jvm-exports/java-1.5.0-gcj-4.8-amd64 --with-arch-directory=amd64 --with-ecj-jar=/usr/share/java/eclipse-ecj.jar --enable-objc-gc --enable-multiarch --disable-werror --with-arch-32=i686 --with-abi=m64 --with-multilib-list=m32,m64,mx32 --with-tune=generic --enable-checking=release --build=x86_64-linux-gnu --host=x86_64-linux-gnu --target=x86_64-linux-gnu
Thread model: posix
gcc version 4.8.4 (Ubuntu 4.8.4-2ubuntu1~14.04.3) 
configure:4370: $? = 0
configure:4359: g++ -V >&5
g++: error: unrecognized command line option '-V'
g++: fatal error: no input files
compilation terminated.
configure:4370: $? = 4
configure:4359: g++ -qversion >&5
g++: error: unrecognized command line option '-qversion'
g++: fatal error: no input files
compilation terminated.
configure:4370: $? = 4
configure:4374: checking whether we are using the GNU C++ compiler
configure:4393: g++ -c   conftest.cpp >&5
configure:4393: $? = 0
configure:4402: result: yes
configure:4411: checking whether g++ accepts -g
configure:4431: g++ -c -g  conftest.cpp >&5
configure:4431: $? = 0
configure:4472: result: yes
configure:4497: checking dependency style of g++
configure:4608: result: gcc3
configure:4670: checking how to print strings
configure:4697: result: printf
configure:4718: checking for a sed that does not truncate output
configure:4782: result: /bin/sed
configure:4800: checking for grep that handles long lines and -e
configure:4858: result: /bin/grep
configure:4863: checking for egrep
configure:4925: result: /bin/grep -E
configure:4930: checking for fgrep
configure:4992: result: /bin/grep -F
configure:5027: checking for ld used by mips64-octeon-linux-gnu-gcc
configure:5094: result: /home/wangyt/dpi_engine/sdk_sys/tools/mips64-octeon-linux-gnu/bin/ld
configure:5101: checking if the linker (/home/wangyt/dpi_engine/sdk_sys/tools/mips64-octeon-linux-gnu/bin/ld) is GNU ld
configure:5116: result: yes
configure:5128: checking for BSD- or MS-compatible name lister (nm)
configure:5177: result: no
configure:5191: checking for mips64-octeon-linux-dumpbin
configure:5221: result: no
configure:5191: checking for mips64-octeon-linux-link
configure:5221: result: no
configure:5235: checking for dumpbin
configure:5265: result: no
configure:5235: checking for link
configure:5251: found /usr/bin/link
configure:5262: result: link -dump
configure:5307: checking the name lister (nm) interface
configure:5314: mips64-octeon-linux-gnu-gcc -c -I/home/wangyt/calu-git/tcmtool/svn/tsm/src/include  conftest.c >&5
configure:5317: nm "conftest.o"
configure:5320: output
0000000000000000 B some_variable
configure:5327: result: BSD nm
configure:5330: checking whether ln -s works
configure:5334: result: yes
configure:5342: checking the maximum length of command line arguments
configure:5473: result: 1572864
configure:5490: checking whether the shell understands some XSI constructs
configure:5500: result: yes
configure:5504: checking whether the shell understands "+="
configure:5510: result: yes
configure:5545: checking how to convert x86_64-unknown-linux-gnu file names to mips64-octeon-linux-gnu format
configure:5585: result: func_convert_file_noop
configure:5592: checking how to convert x86_64-unknown-linux-gnu file names to toolchain format
configure:5612: result: func_convert_file_noop
configure:5619: checking for /home/wangyt/dpi_engine/sdk_sys/tools/mips64-octeon-linux-gnu/bin/ld option to reload object files
configure:5626: result: -r
configure:5660: checking for mips64-octeon-linux-objdump
configure:5690: result: no
configure:5700: checking for objdump
configure:5716: found /usr/bin/objdump
configure:5727: result: objdump
configure:5759: checking how to recognize dependent libraries
configure:5957: result: pass_all
configure:6002: checking for mips64-octeon-linux-dlltool
configure:6032: result: no
configure:6042: checking for dlltool
configure:6072: result: no
configure:6102: checking how to associate runtime and link libraries
configure:6129: result: printf %s\n
configure:6146: checking for mips64-octeon-linux-ar
configure:6176: result: no
configure:6190: checking for ar
configure:6206: found /usr/bin/ar
configure:6217: result: ar
configure:6254: checking for archiver @FILE support
configure:6271: mips64-octeon-linux-gnu-gcc -c -I/home/wangyt/calu-git/tcmtool/svn/tsm/src/include  conftest.c >&5
configure:6271: $? = 0
configure:6274: ar cru libconftest.a @conftest.lst >&5
configure:6277: $? = 0
configure:6282: ar cru libconftest.a @conftest.lst >&5
ar: conftest.o: No such file or directory
configure:6285: $? = 1
configure:6297: result: @
configure:6315: checking for mips64-octeon-linux-strip
configure:6342: result: strip
configure:6414: checking for mips64-octeon-linux-ranlib
configure:6444: result: no
configure:6454: checking for ranlib
configure:6470: found /usr/bin/ranlib
configure:6481: result: ranlib
configure:6583: checking command to parse nm output from mips64-octeon-linux-gnu-gcc object
configure:6703: mips64-octeon-linux-gnu-gcc -c -I/home/wangyt/calu-git/tcmtool/svn/tsm/src/include  conftest.c >&5
configure:6706: $? = 0
configure:6710: nm conftest.o \| sed -n -e 's/^.*[ ]\([ABCDGIRSTW][ABCDGIRSTW]*\)[ ][ ]*\([_A-Za-z][_A-Za-z0-9]*\)$/\1 \2 \2/p' | sed '/ __gnu_lto/d' \> conftest.nm
configure:6713: $? = 0
configure:6779: mips64-octeon-linux-gnu-gcc -o conftest -I/home/wangyt/calu-git/tcmtool/svn/tsm/src/include  -L/home/wangyt/calu-git/tcmtool/svn/tsm/src/tspi/.libs conftest.c conftstm.o >&5
configure:6782: $? = 0
configure:6820: result: ok
configure:6857: checking for sysroot
configure:6887: result: no
configure:7116: checking for mips64-octeon-linux-mt
configure:7146: result: no
configure:7156: checking for mt
configure:7172: found /bin/mt
configure:7183: result: mt
configure:7206: checking if mt is a manifest tool
configure:7212: mt '-?'
configure:7220: result: no
configure:7862: checking how to run the C preprocessor
configure:7893: mips64-octeon-linux-gnu-gcc -E  conftest.c
configure:7893: $? = 0
configure:7907: mips64-octeon-linux-gnu-gcc -E  conftest.c
conftest.c:11:28: fatal error: ac_nonexistent.h: No such file or directory
compilation terminated.
configure:7907: $? = 1
configure: failed program was:
| /* confdefs.h */
| #define PACKAGE_NAME "tpm-tools"
| #define PACKAGE_TARNAME "tpm-tools"
| #define PACKAGE_VERSION "1.3.4"
| #define PACKAGE_STRING "tpm-tools 1.3.4"
| #define PACKAGE_BUGREPORT "trousers-tech@lists.sf.net"
| #define PACKAGE_URL ""
| #define PACKAGE "tpm-tools"
| #define VERSION "1.3.4"
| /* end confdefs.h.  */
| #include <ac_nonexistent.h>
configure:7932: result: mips64-octeon-linux-gnu-gcc -E
configure:7952: mips64-octeon-linux-gnu-gcc -E  conftest.c
configure:7952: $? = 0
configure:7966: mips64-octeon-linux-gnu-gcc -E  conftest.c
conftest.c:11:28: fatal error: ac_nonexistent.h: No such file or directory
compilation terminated.
configure:7966: $? = 1
configure: failed program was:
| /* confdefs.h */
| #define PACKAGE_NAME "tpm-tools"
| #define PACKAGE_TARNAME "tpm-tools"
| #define PACKAGE_VERSION "1.3.4"
| #define PACKAGE_STRING "tpm-tools 1.3.4"
| #define PACKAGE_BUGREPORT "trousers-tech@lists.sf.net"
| #define PACKAGE_URL ""
| #define PACKAGE "tpm-tools"
| #define VERSION "1.3.4"
| /* end confdefs.h.  */
| #include <ac_nonexistent.h>
configure:7995: checking for ANSI C header files
configure:8015: mips64-octeon-linux-gnu-gcc -c -I/home/wangyt/calu-git/tcmtool/svn/tsm/src/include  conftest.c >&5
configure:8015: $? = 0
configure:8099: result: yes
configure:8112: checking for sys/types.h
configure:8112: mips64-octeon-linux-gnu-gcc -c -I/home/wangyt/calu-git/tcmtool/svn/tsm/src/include  conftest.c >&5
configure:8112: $? = 0
configure:8112: result: yes
configure:8112: checking for sys/stat.h
configure:8112: mips64-octeon-linux-gnu-gcc -c -I/home/wangyt/calu-git/tcmtool/svn/tsm/src/include  conftest.c >&5
configure:8112: $? = 0
configure:8112: result: yes
configure:8112: checking for stdlib.h
configure:8112: mips64-octeon-linux-gnu-gcc -c -I/home/wangyt/calu-git/tcmtool/svn/tsm/src/include  conftest.c >&5
configure:8112: $? = 0
configure:8112: result: yes
configure:8112: checking for string.h
configure:8112: mips64-octeon-linux-gnu-gcc -c -I/home/wangyt/calu-git/tcmtool/svn/tsm/src/include  conftest.c >&5
configure:8112: $? = 0
configure:8112: result: yes
configure:8112: checking for memory.h
configure:8112: mips64-octeon-linux-gnu-gcc -c -I/home/wangyt/calu-git/tcmtool/svn/tsm/src/include  conftest.c >&5
configure:8112: $? = 0
configure:8112: result: yes
configure:8112: checking for strings.h
configure:8112: mips64-octeon-linux-gnu-gcc -c -I/home/wangyt/calu-git/tcmtool/svn/tsm/src/include  conftest.c >&5
configure:8112: $? = 0
configure:8112: result: yes
configure:8112: checking for inttypes.h
configure:8112: mips64-octeon-linux-gnu-gcc -c -I/home/wangyt/calu-git/tcmtool/svn/tsm/src/include  conftest.c >&5
configure:8112: $? = 0
configure:8112: result: yes
configure:8112: checking for stdint.h
configure:8112: mips64-octeon-linux-gnu-gcc -c -I/home/wangyt/calu-git/tcmtool/svn/tsm/src/include  conftest.c >&5
configure:8112: $? = 0
configure:8112: result: yes
configure:8112: checking for unistd.h
configure:8112: mips64-octeon-linux-gnu-gcc -c -I/home/wangyt/calu-git/tcmtool/svn/tsm/src/include  conftest.c >&5
configure:8112: $? = 0
configure:8112: result: yes
configure:8126: checking for dlfcn.h
configure:8126: mips64-octeon-linux-gnu-gcc -c -I/home/wangyt/calu-git/tcmtool/svn/tsm/src/include  conftest.c >&5
configure:8126: $? = 0
configure:8126: result: yes
configure:8343: checking for objdir
configure:8358: result: .libs
configure:8625: checking if mips64-octeon-linux-gnu-gcc supports -fno-rtti -fno-exceptions
configure:8643: mips64-octeon-linux-gnu-gcc -c -I/home/wangyt/calu-git/tcmtool/svn/tsm/src/include  -fno-rtti -fno-exceptions conftest.c >&5
cc1: warning: command line option '-fno-rtti' is valid for C++/ObjC++ but not for C [enabled by default]
configure:8647: $? = 0
configure:8660: result: no
configure:8987: checking for mips64-octeon-linux-gnu-gcc option to produce PIC
configure:8994: result: -fPIC -DPIC
configure:9002: checking if mips64-octeon-linux-gnu-gcc PIC flag -fPIC -DPIC works
configure:9020: mips64-octeon-linux-gnu-gcc -c -I/home/wangyt/calu-git/tcmtool/svn/tsm/src/include  -fPIC -DPIC -DPIC conftest.c >&5
configure:9024: $? = 0
configure:9037: result: yes
configure:9066: checking if mips64-octeon-linux-gnu-gcc static flag -static works
configure:9094: result: yes
configure:9109: checking if mips64-octeon-linux-gnu-gcc supports -c -o file.o
configure:9130: mips64-octeon-linux-gnu-gcc -c -I/home/wangyt/calu-git/tcmtool/svn/tsm/src/include  -o out/conftest2.o conftest.c >&5
configure:9134: $? = 0
configure:9156: result: yes
configure:9164: checking if mips64-octeon-linux-gnu-gcc supports -c -o file.o
configure:9211: result: yes
configure:9244: checking whether the mips64-octeon-linux-gnu-gcc linker (/home/wangyt/dpi_engine/sdk_sys/tools/mips64-octeon-linux-gnu/bin/ld) supports shared libraries
configure:10401: result: yes
configure:10438: checking whether -lc should be explicitly linked in
configure:10446: mips64-octeon-linux-gnu-gcc -c -I/home/wangyt/calu-git/tcmtool/svn/tsm/src/include  conftest.c >&5
configure:10449: $? = 0
configure:10464: mips64-octeon-linux-gnu-gcc -shared  -fPIC -DPIC conftest.o  -v -Wl,-soname -Wl,conftest -o conftest 2\>\&1 \| /bin/grep  -lc  \>/dev/null 2\>\&1
configure:10467: $? = 0
configure:10481: result: no
configure:10641: checking dynamic linker characteristics
configure:11141: mips64-octeon-linux-gnu-gcc -o conftest -I/home/wangyt/calu-git/tcmtool/svn/tsm/src/include  -L/home/wangyt/calu-git/tcmtool/svn/tsm/src/tspi/.libs -Wl,-rpath -Wl,/foo conftest.c  >&5
configure:11141: $? = 0
configure:11375: result: GNU/Linux ld.so
configure:11482: checking how to hardcode library paths into programs
configure:11507: result: immediate
configure:12047: checking whether stripping libraries is possible
configure:12052: result: yes
configure:12087: checking if libtool supports shared libraries
configure:12089: result: yes
configure:12092: checking whether to build shared libraries
configure:12113: result: yes
configure:12116: checking whether to build static libraries
configure:12120: result: yes
configure:12143: checking how to run the C++ preprocessor
configure:12170: g++ -E  conftest.cpp
configure:12170: $? = 0
configure:12184: g++ -E  conftest.cpp
conftest.cpp:23:28: fatal error: ac_nonexistent.h: No such file or directory
 #include <ac_nonexistent.h>
                            ^
compilation terminated.
configure:12184: $? = 1
configure: failed program was:
| /* confdefs.h */
| #define PACKAGE_NAME "tpm-tools"
| #define PACKAGE_TARNAME "tpm-tools"
| #define PACKAGE_VERSION "1.3.4"
| #define PACKAGE_STRING "tpm-tools 1.3.4"
| #define PACKAGE_BUGREPORT "trousers-tech@lists.sf.net"
| #define PACKAGE_URL ""
| #define PACKAGE "tpm-tools"
| #define VERSION "1.3.4"
| #define STDC_HEADERS 1
| #define HAVE_SYS_TYPES_H 1
| #define HAVE_SYS_STAT_H 1
| #define HAVE_STDLIB_H 1
| #define HAVE_STRING_H 1
| #define HAVE_MEMORY_H 1
| #define HAVE_STRINGS_H 1
| #define HAVE_INTTYPES_H 1
| #define HAVE_STDINT_H 1
| #define HAVE_UNISTD_H 1
| #define HAVE_DLFCN_H 1
| #define LT_OBJDIR ".libs/"
| /* end confdefs.h.  */
| #include <ac_nonexistent.h>
configure:12209: result: g++ -E
configure:12229: g++ -E  conftest.cpp
configure:12229: $? = 0
configure:12243: g++ -E  conftest.cpp
conftest.cpp:23:28: fatal error: ac_nonexistent.h: No such file or directory
 #include <ac_nonexistent.h>
                            ^
compilation terminated.
configure:12243: $? = 1
configure: failed program was:
| /* confdefs.h */
| #define PACKAGE_NAME "tpm-tools"
| #define PACKAGE_TARNAME "tpm-tools"
| #define PACKAGE_VERSION "1.3.4"
| #define PACKAGE_STRING "tpm-tools 1.3.4"
| #define PACKAGE_BUGREPORT "trousers-tech@lists.sf.net"
| #define PACKAGE_URL ""
| #define PACKAGE "tpm-tools"
| #define VERSION "1.3.4"
| #define STDC_HEADERS 1
| #define HAVE_SYS_TYPES_H 1
| #define HAVE_SYS_STAT_H 1
| #define HAVE_STDLIB_H 1
| #define HAVE_STRING_H 1
| #define HAVE_MEMORY_H 1
| #define HAVE_STRINGS_H 1
| #define HAVE_INTTYPES_H 1
| #define HAVE_STDINT_H 1
| #define HAVE_UNISTD_H 1
| #define HAVE_DLFCN_H 1
| #define LT_OBJDIR ".libs/"
| /* end confdefs.h.  */
| #include <ac_nonexistent.h>
configure:12412: checking for ld used by g++
configure:12479: result: /home/wangyt/dpi_engine/sdk_sys/tools/mips64-octeon-linux-gnu/bin/ld
configure:12486: checking if the linker (/home/wangyt/dpi_engine/sdk_sys/tools/mips64-octeon-linux-gnu/bin/ld) is GNU ld
configure:12501: result: yes
configure:12556: checking whether the g++ linker (/home/wangyt/dpi_engine/sdk_sys/tools/mips64-octeon-linux-gnu/bin/ld) supports shared libraries
configure:13558: result: yes
configure:13594: g++ -c -g -O2  conftest.cpp >&5
configure:13597: $? = 0
configure:14117: checking for g++ option to produce PIC
configure:14124: result: -fPIC -DPIC
configure:14132: checking if g++ PIC flag -fPIC -DPIC works
configure:14150: g++ -c -g -O2  -fPIC -DPIC -DPIC conftest.cpp >&5
configure:14154: $? = 0
configure:14167: result: yes
configure:14190: checking if g++ static flag -static works
configure:14218: result: yes
configure:14230: checking if g++ supports -c -o file.o
configure:14251: g++ -c -g -O2  -o out/conftest2.o conftest.cpp >&5
configure:14255: $? = 0
configure:14277: result: yes
configure:14282: checking if g++ supports -c -o file.o
configure:14329: result: yes
configure:14359: checking whether the g++ linker (/home/wangyt/dpi_engine/sdk_sys/tools/mips64-octeon-linux-gnu/bin/ld) supports shared libraries
configure:14398: result: yes
configure:14539: checking dynamic linker characteristics
configure:15207: result: GNU/Linux ld.so
configure:15260: checking how to hardcode library paths into programs
configure:15285: result: immediate
configure:15346: checking whether ln -s works
configure:15350: result: yes
configure:15362: checking for ar
configure:15389: result: ar
configure:15404: checking for cp
configure:15420: found /bin/cp
configure:15431: result: cp
configure:15446: checking for echo
configure:15473: result: printf %s\n
configure:15488: checking for mkdir
configure:15504: found /bin/mkdir
configure:15515: result: mkdir
configure:15530: checking for rm
configure:15557: result: rm -f
configure:15570: checking whether NLS is requested
configure:15579: result: yes
configure:15619: checking for msgfmt
configure: trying /usr/bin/msgfmt...
0 translated messages.
configure:15651: result: /usr/bin/msgfmt
configure:15660: checking for gmsgfmt
configure:15691: result: /usr/bin/msgfmt
configure:15741: checking for xgettext
configure: trying /usr/bin/xgettext...
/usr/bin/xgettext: warning: file '/dev/null' extension '' is unknown; will try C
configure:15773: result: /usr/bin/xgettext
configure:15818: checking for msgmerge
configure: trying /usr/bin/msgmerge...
configure:15849: result: /usr/bin/msgmerge
configure:15907: checking for ld used by mips64-octeon-linux-gnu-gcc
configure:15974: result: /home/wangyt/dpi_engine/sdk_sys/tools/mips64-octeon-linux-gnu/bin/ld
configure:15981: checking if the linker (/home/wangyt/dpi_engine/sdk_sys/tools/mips64-octeon-linux-gnu/bin/ld) is GNU ld
configure:15996: result: yes
configure:16003: checking for shared library run path origin
configure:16016: result: done
configure:16588: checking for CFPreferencesCopyAppValue
configure:16606: mips64-octeon-linux-gnu-gcc -o conftest -I/home/wangyt/calu-git/tcmtool/svn/tsm/src/include  -L/home/wangyt/calu-git/tcmtool/svn/tsm/src/tspi/.libs conftest.c  -Wl,-framework -Wl,CoreFoundation >&5
conftest.c:23:42: fatal error: CoreFoundation/CFPreferences.h: No such file or directory
compilation terminated.
configure:16606: $? = 1
configure: failed program was:
| /* confdefs.h */
| #define PACKAGE_NAME "tpm-tools"
| #define PACKAGE_TARNAME "tpm-tools"
| #define PACKAGE_VERSION "1.3.4"
| #define PACKAGE_STRING "tpm-tools 1.3.4"
| #define PACKAGE_BUGREPORT "trousers-tech@lists.sf.net"
| #define PACKAGE_URL ""
| #define PACKAGE "tpm-tools"
| #define VERSION "1.3.4"
| #define STDC_HEADERS 1
| #define HAVE_SYS_TYPES_H 1
| #define HAVE_SYS_STAT_H 1
| #define HAVE_STDLIB_H 1
| #define HAVE_STRING_H 1
| #define HAVE_MEMORY_H 1
| #define HAVE_STRINGS_H 1
| #define HAVE_INTTYPES_H 1
| #define HAVE_STDINT_H 1
| #define HAVE_UNISTD_H 1
| #define HAVE_DLFCN_H 1
| #define LT_OBJDIR ".libs/"
| /* end confdefs.h.  */
| #include <CoreFoundation/CFPreferences.h>
| int
| main ()
| {
| CFPreferencesCopyAppValue(NULL, NULL)
|   ;
|   return 0;
| }
configure:16615: result: no
configure:16622: checking for CFLocaleCopyCurrent
configure:16640: mips64-octeon-linux-gnu-gcc -o conftest -I/home/wangyt/calu-git/tcmtool/svn/tsm/src/include  -L/home/wangyt/calu-git/tcmtool/svn/tsm/src/tspi/.libs conftest.c  -Wl,-framework -Wl,CoreFoundation >&5
conftest.c:23:37: fatal error: CoreFoundation/CFLocale.h: No such file or directory
compilation terminated.
configure:16640: $? = 1
configure: failed program was:
| /* confdefs.h */
| #define PACKAGE_NAME "tpm-tools"
| #define PACKAGE_TARNAME "tpm-tools"
| #define PACKAGE_VERSION "1.3.4"
| #define PACKAGE_STRING "tpm-tools 1.3.4"
| #define PACKAGE_BUGREPORT "trousers-tech@lists.sf.net"
| #define PACKAGE_URL ""
| #define PACKAGE "tpm-tools"
| #define VERSION "1.3.4"
| #define STDC_HEADERS 1
| #define HAVE_SYS_TYPES_H 1
| #define HAVE_SYS_STAT_H 1
| #define HAVE_STDLIB_H 1
| #define HAVE_STRING_H 1
| #define HAVE_MEMORY_H 1
| #define HAVE_STRINGS_H 1
| #define HAVE_INTTYPES_H 1
| #define HAVE_STDINT_H 1
| #define HAVE_UNISTD_H 1
| #define HAVE_DLFCN_H 1
| #define LT_OBJDIR ".libs/"
| /* end confdefs.h.  */
| #include <CoreFoundation/CFLocale.h>
| int
| main ()
| {
| CFLocaleCopyCurrent();
|   ;
|   return 0;
| }
configure:16649: result: no
configure:16698: checking for GNU gettext in libc
configure:16722: mips64-octeon-linux-gnu-gcc -o conftest -I/home/wangyt/calu-git/tcmtool/svn/tsm/src/include  -L/home/wangyt/calu-git/tcmtool/svn/tsm/src/tspi/.libs conftest.c  >&5
configure:16722: $? = 0
configure:16731: result: yes
configure:17559: checking whether to use NLS
configure:17561: result: yes
configure:17564: checking where the gettext function comes from
configure:17575: result: libc
configure:17645: checking Non-standard OpenSSL location
configure:17655: result: yes
configure:17667: checking for Tspi_Context_Create in -ltspi
configure:17692: mips64-octeon-linux-gnu-gcc -o conftest -I/home/wangyt/calu-git/tcmtool/svn/tsm/src/include -L/home/wangyt/calu/openssl/openssl-1.0.2f/lib -I/home/wangyt/calu/openssl/openssl-1.0.2f/include  -L/home/wangyt/calu-git/tcmtool/svn/tsm/src/tspi/.libs conftest.c -ltspi   >&5
/home/wangyt/dpi_engine/sdk_sys/tools/bin/../lib/gcc/mips64-octeon-linux-gnu/4.7.0/../../../../mips64-octeon-linux-gnu/bin/ld: warning: libcrypto.so.1.0.0, needed by /home/wangyt/calu-git/tcmtool/svn/tsm/src/tspi/.libs/libtspi.so, not found (try using -rpath or -rpath-link)
/home/wangyt/dpi_engine/sdk_sys/tools/bin/../lib/gcc/mips64-octeon-linux-gnu/4.7.0/../../../../mips64-octeon-linux-gnu/bin/ld: warning: libssl.so.1.0.0, needed by /home/wangyt/calu-git/tcmtool/svn/tsm/src/tspi/.libs/libtspi.so, not found (try using -rpath or -rpath-link)
/home/wangyt/calu-git/tcmtool/svn/tsm/src/tspi/.libs/libtspi.so: undefined reference to `clock_gettime'
/home/wangyt/calu-git/tcmtool/svn/tsm/src/tspi/.libs/libtspi.so: undefined reference to `EVP_MD_size'
/home/wangyt/calu-git/tcmtool/svn/tsm/src/tspi/.libs/libtspi.so: undefined reference to `UI_process'
/home/wangyt/calu-git/tcmtool/svn/tsm/src/tspi/.libs/libtspi.so: undefined reference to `RSA_public_encrypt'
/home/wangyt/calu-git/tcmtool/svn/tsm/src/tspi/.libs/libtspi.so: undefined reference to `ASN1_item_new'
/home/wangyt/calu-git/tcmtool/svn/tsm/src/tspi/.libs/libtspi.so: undefined reference to `ASN1_OCTET_STRING_it'
/home/wangyt/calu-git/tcmtool/svn/tsm/src/tspi/.libs/libtspi.so: undefined reference to `EVP_aes_192_ofb'
/home/wangyt/calu-git/tcmtool/svn/tsm/src/tspi/.libs/libtspi.so: undefined reference to `RSA_size'
/home/wangyt/calu-git/tcmtool/svn/tsm/src/tspi/.libs/libtspi.so: undefined reference to `UI_add_verify_string'
/home/wangyt/calu-git/tcmtool/svn/tsm/src/tspi/.libs/libtspi.so: undefined reference to `EVP_aes_256_cbc'
/home/wangyt/calu-git/tcmtool/svn/tsm/src/tspi/.libs/libtspi.so: undefined reference to `EVP_aes_192_cbc'
/home/wangyt/calu-git/tcmtool/svn/tsm/src/tspi/.libs/libtspi.so: undefined reference to `UI_free'
/home/wangyt/calu-git/tcmtool/svn/tsm/src/tspi/.libs/libtspi.so: undefined reference to `UI_add_info_string'
/home/wangyt/calu-git/tcmtool/svn/tsm/src/tspi/.libs/libtspi.so: undefined reference to `EVP_sha1'
/home/wangyt/calu-git/tcmtool/svn/tsm/src/tspi/.libs/libtspi.so: undefined reference to `EVP_des_ede3_ofb'
/home/wangyt/calu-git/tcmtool/svn/tsm/src/tspi/.libs/libtspi.so: undefined reference to `RAND_bytes'
/home/wangyt/calu-git/tcmtool/svn/tsm/src/tspi/.libs/libtspi.so: undefined reference to `RSA_free'
/home/wangyt/calu-git/tcmtool/svn/tsm/src/tspi/.libs/libtspi.so: undefined reference to `EVP_DecryptInit'
/home/wangyt/calu-git/tcmtool/svn/tsm/src/tspi/.libs/libtspi.so: undefined reference to `EVP_DigestInit'
/home/wangyt/calu-git/tcmtool/svn/tsm/src/tspi/.libs/libtspi.so: undefined reference to `EVP_CIPHER_CTX_block_size'
/home/wangyt/calu-git/tcmtool/svn/tsm/src/tspi/.libs/libtspi.so: undefined reference to `EVP_EncryptFinal'
/home/wangyt/calu-git/tcmtool/svn/tsm/src/tspi/.libs/libtspi.so: undefined reference to `EVP_des_ofb'
/home/wangyt/calu-git/tcmtool/svn/tsm/src/tspi/.libs/libtspi.so: undefined reference to `EVP_CIPHER_CTX_init'
/home/wangyt/calu-git/tcmtool/svn/tsm/src/tspi/.libs/libtspi.so: undefined reference to `EVP_aes_128_ofb'
/home/wangyt/calu-git/tcmtool/svn/tsm/src/tspi/.libs/libtspi.so: undefined reference to `EVP_CIPHER_iv_length'
/home/wangyt/calu-git/tcmtool/svn/tsm/src/tspi/.libs/libtspi.so: undefined reference to `EVP_EncryptUpdate'
/home/wangyt/calu-git/tcmtool/svn/tsm/src/tspi/.libs/libtspi.so: undefined reference to `ASN1_INTEGER_it'
/home/wangyt/calu-git/tcmtool/svn/tsm/src/tspi/.libs/libtspi.so: undefined reference to `EVP_DigestUpdate'
/home/wangyt/calu-git/tcmtool/svn/tsm/src/tspi/.libs/libtspi.so: undefined reference to `ASN1_INTEGER_get'
/home/wangyt/calu-git/tcmtool/svn/tsm/src/tspi/.libs/libtspi.so: undefined reference to `HMAC'
/home/wangyt/calu-git/tcmtool/svn/tsm/src/tspi/.libs/libtspi.so: undefined reference to `UI_add_input_string'
/home/wangyt/calu-git/tcmtool/svn/tsm/src/tspi/.libs/libtspi.so: undefined reference to `EVP_aes_256_ofb'
/home/wangyt/calu-git/tcmtool/svn/tsm/src/tspi/.libs/libtspi.so: undefined reference to `RSA_public_decrypt'
/home/wangyt/calu-git/tcmtool/svn/tsm/src/tspi/.libs/libtspi.so: undefined reference to `RSA_verify'
/home/wangyt/calu-git/tcmtool/svn/tsm/src/tspi/.libs/libtspi.so: undefined reference to `EVP_aes_256_ecb'
/home/wangyt/calu-git/tcmtool/svn/tsm/src/tspi/.libs/libtspi.so: undefined reference to `PKCS1_MGF1'
/home/wangyt/calu-git/tcmtool/svn/tsm/src/tspi/.libs/libtspi.so: undefined reference to `RSA_new'
/home/wangyt/calu-git/tcmtool/svn/tsm/src/tspi/.libs/libtspi.so: undefined reference to `EVP_DigestFinal'
/home/wangyt/calu-git/tcmtool/svn/tsm/src/tspi/.libs/libtspi.so: undefined reference to `UI_new'
/home/wangyt/calu-git/tcmtool/svn/tsm/src/tspi/.libs/libtspi.so: undefined reference to `EVP_aes_128_cbc'
/home/wangyt/calu-git/tcmtool/svn/tsm/src/tspi/.libs/libtspi.so: undefined reference to `ASN1_item_free'
/home/wangyt/calu-git/tcmtool/svn/tsm/src/tspi/.libs/libtspi.so: undefined reference to `EVP_DecryptFinal'
/home/wangyt/calu-git/tcmtool/svn/tsm/src/tspi/.libs/libtspi.so: undefined reference to `ASN1_item_d2i'
/home/wangyt/calu-git/tcmtool/svn/tsm/src/tspi/.libs/libtspi.so: undefined reference to `EVP_des_ede3_cbc'
/home/wangyt/calu-git/tcmtool/svn/tsm/src/tspi/.libs/libtspi.so: undefined reference to `EVP_MD_CTX_md'
/home/wangyt/calu-git/tcmtool/svn/tsm/src/tspi/.libs/libtspi.so: undefined reference to `RSA_padding_add_PKCS1_OAEP'
/home/wangyt/calu-git/tcmtool/svn/tsm/src/tspi/.libs/libtspi.so: undefined reference to `EVP_DecryptUpdate'
/home/wangyt/calu-git/tcmtool/svn/tsm/src/tspi/.libs/libtspi.so: undefined reference to `EVP_des_cbc'
/home/wangyt/calu-git/tcmtool/svn/tsm/src/tspi/.libs/libtspi.so: undefined reference to `ERR_load_crypto_strings'
/home/wangyt/calu-git/tcmtool/svn/tsm/src/tspi/.libs/libtspi.so: undefined reference to `EVP_EncryptInit'
/home/wangyt/calu-git/tcmtool/svn/tsm/src/tspi/.libs/libtspi.so: undefined reference to `ERR_print_errors_fp'
/home/wangyt/calu-git/tcmtool/svn/tsm/src/tspi/.libs/libtspi.so: undefined reference to `ASN1_item_i2d'
/home/wangyt/calu-git/tcmtool/svn/tsm/src/tspi/.libs/libtspi.so: undefined reference to `EVP_CIPHER_CTX_cleanup'
collect2: error: ld returned 1 exit status
configure:17692: $? = 1
configure: failed program was:
| /* confdefs.h */
| #define PACKAGE_NAME "tpm-tools"
| #define PACKAGE_TARNAME "tpm-tools"
| #define PACKAGE_VERSION "1.3.4"
| #define PACKAGE_STRING "tpm-tools 1.3.4"
| #define PACKAGE_BUGREPORT "trousers-tech@lists.sf.net"
| #define PACKAGE_URL ""
| #define PACKAGE "tpm-tools"
| #define VERSION "1.3.4"
| #define STDC_HEADERS 1
| #define HAVE_SYS_TYPES_H 1
| #define HAVE_SYS_STAT_H 1
| #define HAVE_STDLIB_H 1
| #define HAVE_STRING_H 1
| #define HAVE_MEMORY_H 1
| #define HAVE_STRINGS_H 1
| #define HAVE_INTTYPES_H 1
| #define HAVE_STDINT_H 1
| #define HAVE_UNISTD_H 1
| #define HAVE_DLFCN_H 1
| #define LT_OBJDIR ".libs/"
| #define ENABLE_NLS 1
| #define HAVE_GETTEXT 1
| #define HAVE_DCGETTEXT 1
| /* end confdefs.h.  */
| 
| /* Override any GCC internal prototype to avoid an error.
|    Use char because int might match the return type of a GCC
|    builtin and then its argument prototype would still apply.  */
| #ifdef __cplusplus
| extern "C"
| #endif
| char Tspi_Context_Create ();
| int
| main ()
| {
| return Tspi_Context_Create ();
|   ;
|   return 0;
| }
configure:17701: result: no
configure:17709: checking for Tspi_TPM_SetOperatorAuth in -ltspi
configure:17734: mips64-octeon-linux-gnu-gcc -o conftest -I/home/wangyt/calu-git/tcmtool/svn/tsm/src/include -L/home/wangyt/calu/openssl/openssl-1.0.2f/lib -I/home/wangyt/calu/openssl/openssl-1.0.2f/include  -L/home/wangyt/calu-git/tcmtool/svn/tsm/src/tspi/.libs conftest.c -ltspi   >&5
/home/wangyt/dpi_engine/sdk_sys/tools/bin/../lib/gcc/mips64-octeon-linux-gnu/4.7.0/../../../../mips64-octeon-linux-gnu/bin/ld: warning: libcrypto.so.1.0.0, needed by /home/wangyt/calu-git/tcmtool/svn/tsm/src/tspi/.libs/libtspi.so, not found (try using -rpath or -rpath-link)
/home/wangyt/dpi_engine/sdk_sys/tools/bin/../lib/gcc/mips64-octeon-linux-gnu/4.7.0/../../../../mips64-octeon-linux-gnu/bin/ld: warning: libssl.so.1.0.0, needed by /home/wangyt/calu-git/tcmtool/svn/tsm/src/tspi/.libs/libtspi.so, not found (try using -rpath or -rpath-link)
/home/wangyt/calu-git/tcmtool/svn/tsm/src/tspi/.libs/libtspi.so: undefined reference to `clock_gettime'
/home/wangyt/calu-git/tcmtool/svn/tsm/src/tspi/.libs/libtspi.so: undefined reference to `EVP_MD_size'
/home/wangyt/calu-git/tcmtool/svn/tsm/src/tspi/.libs/libtspi.so: undefined reference to `UI_process'
/home/wangyt/calu-git/tcmtool/svn/tsm/src/tspi/.libs/libtspi.so: undefined reference to `RSA_public_encrypt'
/home/wangyt/calu-git/tcmtool/svn/tsm/src/tspi/.libs/libtspi.so: undefined reference to `ASN1_item_new'
/home/wangyt/calu-git/tcmtool/svn/tsm/src/tspi/.libs/libtspi.so: undefined reference to `ASN1_OCTET_STRING_it'
/home/wangyt/calu-git/tcmtool/svn/tsm/src/tspi/.libs/libtspi.so: undefined reference to `EVP_aes_192_ofb'
/home/wangyt/calu-git/tcmtool/svn/tsm/src/tspi/.libs/libtspi.so: undefined reference to `RSA_size'
/home/wangyt/calu-git/tcmtool/svn/tsm/src/tspi/.libs/libtspi.so: undefined reference to `UI_add_verify_string'
/home/wangyt/calu-git/tcmtool/svn/tsm/src/tspi/.libs/libtspi.so: undefined reference to `EVP_aes_256_cbc'
/home/wangyt/calu-git/tcmtool/svn/tsm/src/tspi/.libs/libtspi.so: undefined reference to `EVP_aes_192_cbc'
/home/wangyt/calu-git/tcmtool/svn/tsm/src/tspi/.libs/libtspi.so: undefined reference to `UI_free'
/home/wangyt/calu-git/tcmtool/svn/tsm/src/tspi/.libs/libtspi.so: undefined reference to `UI_add_info_string'
/home/wangyt/calu-git/tcmtool/svn/tsm/src/tspi/.libs/libtspi.so: undefined reference to `EVP_sha1'
/home/wangyt/calu-git/tcmtool/svn/tsm/src/tspi/.libs/libtspi.so: undefined reference to `EVP_des_ede3_ofb'
/home/wangyt/calu-git/tcmtool/svn/tsm/src/tspi/.libs/libtspi.so: undefined reference to `RAND_bytes'
/home/wangyt/calu-git/tcmtool/svn/tsm/src/tspi/.libs/libtspi.so: undefined reference to `RSA_free'
/home/wangyt/calu-git/tcmtool/svn/tsm/src/tspi/.libs/libtspi.so: undefined reference to `EVP_DecryptInit'
/home/wangyt/calu-git/tcmtool/svn/tsm/src/tspi/.libs/libtspi.so: undefined reference to `EVP_DigestInit'
/home/wangyt/calu-git/tcmtool/svn/tsm/src/tspi/.libs/libtspi.so: undefined reference to `EVP_CIPHER_CTX_block_size'
/home/wangyt/calu-git/tcmtool/svn/tsm/src/tspi/.libs/libtspi.so: undefined reference to `EVP_EncryptFinal'
/home/wangyt/calu-git/tcmtool/svn/tsm/src/tspi/.libs/libtspi.so: undefined reference to `EVP_des_ofb'
/home/wangyt/calu-git/tcmtool/svn/tsm/src/tspi/.libs/libtspi.so: undefined reference to `EVP_CIPHER_CTX_init'
/home/wangyt/calu-git/tcmtool/svn/tsm/src/tspi/.libs/libtspi.so: undefined reference to `EVP_aes_128_ofb'
/home/wangyt/calu-git/tcmtool/svn/tsm/src/tspi/.libs/libtspi.so: undefined reference to `EVP_CIPHER_iv_length'
/home/wangyt/calu-git/tcmtool/svn/tsm/src/tspi/.libs/libtspi.so: undefined reference to `EVP_EncryptUpdate'
/home/wangyt/calu-git/tcmtool/svn/tsm/src/tspi/.libs/libtspi.so: undefined reference to `ASN1_INTEGER_it'
/home/wangyt/calu-git/tcmtool/svn/tsm/src/tspi/.libs/libtspi.so: undefined reference to `EVP_DigestUpdate'
/home/wangyt/calu-git/tcmtool/svn/tsm/src/tspi/.libs/libtspi.so: undefined reference to `ASN1_INTEGER_get'
/home/wangyt/calu-git/tcmtool/svn/tsm/src/tspi/.libs/libtspi.so: undefined reference to `HMAC'
/home/wangyt/calu-git/tcmtool/svn/tsm/src/tspi/.libs/libtspi.so: undefined reference to `UI_add_input_string'
/home/wangyt/calu-git/tcmtool/svn/tsm/src/tspi/.libs/libtspi.so: undefined reference to `EVP_aes_256_ofb'
/home/wangyt/calu-git/tcmtool/svn/tsm/src/tspi/.libs/libtspi.so: undefined reference to `RSA_public_decrypt'
/home/wangyt/calu-git/tcmtool/svn/tsm/src/tspi/.libs/libtspi.so: undefined reference to `RSA_verify'
/home/wangyt/calu-git/tcmtool/svn/tsm/src/tspi/.libs/libtspi.so: undefined reference to `EVP_aes_256_ecb'
/home/wangyt/calu-git/tcmtool/svn/tsm/src/tspi/.libs/libtspi.so: undefined reference to `PKCS1_MGF1'
/home/wangyt/calu-git/tcmtool/svn/tsm/src/tspi/.libs/libtspi.so: undefined reference to `RSA_new'
/home/wangyt/calu-git/tcmtool/svn/tsm/src/tspi/.libs/libtspi.so: undefined reference to `EVP_DigestFinal'
/home/wangyt/calu-git/tcmtool/svn/tsm/src/tspi/.libs/libtspi.so: undefined reference to `UI_new'
/home/wangyt/calu-git/tcmtool/svn/tsm/src/tspi/.libs/libtspi.so: undefined reference to `EVP_aes_128_cbc'
/home/wangyt/calu-git/tcmtool/svn/tsm/src/tspi/.libs/libtspi.so: undefined reference to `ASN1_item_free'
/home/wangyt/calu-git/tcmtool/svn/tsm/src/tspi/.libs/libtspi.so: undefined reference to `EVP_DecryptFinal'
/home/wangyt/calu-git/tcmtool/svn/tsm/src/tspi/.libs/libtspi.so: undefined reference to `ASN1_item_d2i'
/home/wangyt/calu-git/tcmtool/svn/tsm/src/tspi/.libs/libtspi.so: undefined reference to `EVP_des_ede3_cbc'
/home/wangyt/calu-git/tcmtool/svn/tsm/src/tspi/.libs/libtspi.so: undefined reference to `EVP_MD_CTX_md'
/home/wangyt/calu-git/tcmtool/svn/tsm/src/tspi/.libs/libtspi.so: undefined reference to `RSA_padding_add_PKCS1_OAEP'
/home/wangyt/calu-git/tcmtool/svn/tsm/src/tspi/.libs/libtspi.so: undefined reference to `EVP_DecryptUpdate'
/home/wangyt/calu-git/tcmtool/svn/tsm/src/tspi/.libs/libtspi.so: undefined reference to `EVP_des_cbc'
/home/wangyt/calu-git/tcmtool/svn/tsm/src/tspi/.libs/libtspi.so: undefined reference to `ERR_load_crypto_strings'
/home/wangyt/calu-git/tcmtool/svn/tsm/src/tspi/.libs/libtspi.so: undefined reference to `EVP_EncryptInit'
/home/wangyt/calu-git/tcmtool/svn/tsm/src/tspi/.libs/libtspi.so: undefined reference to `ERR_print_errors_fp'
/home/wangyt/calu-git/tcmtool/svn/tsm/src/tspi/.libs/libtspi.so: undefined reference to `ASN1_item_i2d'
/home/wangyt/calu-git/tcmtool/svn/tsm/src/tspi/.libs/libtspi.so: undefined reference to `EVP_CIPHER_CTX_cleanup'
collect2: error: ld returned 1 exit status
configure:17734: $? = 1
configure: failed program was:
| /* confdefs.h */
| #define PACKAGE_NAME "tpm-tools"
| #define PACKAGE_TARNAME "tpm-tools"
| #define PACKAGE_VERSION "1.3.4"
| #define PACKAGE_STRING "tpm-tools 1.3.4"
| #define PACKAGE_BUGREPORT "trousers-tech@lists.sf.net"
| #define PACKAGE_URL ""
| #define PACKAGE "tpm-tools"
| #define VERSION "1.3.4"
| #define STDC_HEADERS 1
| #define HAVE_SYS_TYPES_H 1
| #define HAVE_SYS_STAT_H 1
| #define HAVE_STDLIB_H 1
| #define HAVE_STRING_H 1
| #define HAVE_MEMORY_H 1
| #define HAVE_STRINGS_H 1
| #define HAVE_INTTYPES_H 1
| #define HAVE_STDINT_H 1
| #define HAVE_UNISTD_H 1
| #define HAVE_DLFCN_H 1
| #define LT_OBJDIR ".libs/"
| #define ENABLE_NLS 1
| #define HAVE_GETTEXT 1
| #define HAVE_DCGETTEXT 1
| /* end confdefs.h.  */
| 
| /* Override any GCC internal prototype to avoid an error.
|    Use char because int might match the return type of a GCC
|    builtin and then its argument prototype would still apply.  */
| #ifdef __cplusplus
| extern "C"
| #endif
| char Tspi_TPM_SetOperatorAuth ();
| int
| main ()
| {
| return Tspi_TPM_SetOperatorAuth ();
|   ;
|   return 0;
| }
configure:17743: result: no
configure:17771: Configuring tpm-tools for TSS 1.1
configure:17774: checking trousers/tss.h usability
configure:17774: mips64-octeon-linux-gnu-gcc -c -I/home/wangyt/calu-git/tcmtool/svn/tsm/src/include -L/home/wangyt/calu/openssl/openssl-1.0.2f/lib -I/home/wangyt/calu/openssl/openssl-1.0.2f/include  conftest.c >&5
configure:17774: $? = 0
configure:17774: result: yes
configure:17774: checking trousers/tss.h presence
configure:17774: mips64-octeon-linux-gnu-gcc -E  conftest.c
conftest.c:26:26: fatal error: trousers/tss.h: No such file or directory
compilation terminated.
configure:17774: $? = 1
configure: failed program was:
| /* confdefs.h */
| #define PACKAGE_NAME "tpm-tools"
| #define PACKAGE_TARNAME "tpm-tools"
| #define PACKAGE_VERSION "1.3.4"
| #define PACKAGE_STRING "tpm-tools 1.3.4"
| #define PACKAGE_BUGREPORT "trousers-tech@lists.sf.net"
| #define PACKAGE_URL ""
| #define PACKAGE "tpm-tools"
| #define VERSION "1.3.4"
| #define STDC_HEADERS 1
| #define HAVE_SYS_TYPES_H 1
| #define HAVE_SYS_STAT_H 1
| #define HAVE_STDLIB_H 1
| #define HAVE_STRING_H 1
| #define HAVE_MEMORY_H 1
| #define HAVE_STRINGS_H 1
| #define HAVE_INTTYPES_H 1
| #define HAVE_STDINT_H 1
| #define HAVE_UNISTD_H 1
| #define HAVE_DLFCN_H 1
| #define LT_OBJDIR ".libs/"
| #define ENABLE_NLS 1
| #define HAVE_GETTEXT 1
| #define HAVE_DCGETTEXT 1
| /* end confdefs.h.  */
| #include <trousers/tss.h>
configure:17774: result: no
configure:17774: WARNING: trousers/tss.h: accepted by the compiler, rejected by the preprocessor!
configure:17774: WARNING: trousers/tss.h: proceeding with the compiler's result
configure:17774: checking for trousers/tss.h
configure:17774: result: yes
configure:17783: checking for PEM_read_X509 in -lcrypto
configure:17808: mips64-octeon-linux-gnu-gcc -o conftest -I/home/wangyt/calu-git/tcmtool/svn/tsm/src/include -L/home/wangyt/calu/openssl/openssl-1.0.2f/lib -I/home/wangyt/calu/openssl/openssl-1.0.2f/include  -L/home/wangyt/calu-git/tcmtool/svn/tsm/src/tspi/.libs conftest.c -lcrypto   >&5
configure:17808: $? = 0
configure:17817: result: yes
configure:17825: checking openssl/evp.h usability
configure:17825: mips64-octeon-linux-gnu-gcc -c -I/home/wangyt/calu-git/tcmtool/svn/tsm/src/include -L/home/wangyt/calu/openssl/openssl-1.0.2f/lib -I/home/wangyt/calu/openssl/openssl-1.0.2f/include  conftest.c >&5
configure:17825: $? = 0
configure:17825: result: yes
configure:17825: checking openssl/evp.h presence
configure:17825: mips64-octeon-linux-gnu-gcc -E  conftest.c
conftest.c:26:25: fatal error: openssl/evp.h: No such file or directory
compilation terminated.
configure:17825: $? = 1
configure: failed program was:
| /* confdefs.h */
| #define PACKAGE_NAME "tpm-tools"
| #define PACKAGE_TARNAME "tpm-tools"
| #define PACKAGE_VERSION "1.3.4"
| #define PACKAGE_STRING "tpm-tools 1.3.4"
| #define PACKAGE_BUGREPORT "trousers-tech@lists.sf.net"
| #define PACKAGE_URL ""
| #define PACKAGE "tpm-tools"
| #define VERSION "1.3.4"
| #define STDC_HEADERS 1
| #define HAVE_SYS_TYPES_H 1
| #define HAVE_SYS_STAT_H 1
| #define HAVE_STDLIB_H 1
| #define HAVE_STRING_H 1
| #define HAVE_MEMORY_H 1
| #define HAVE_STRINGS_H 1
| #define HAVE_INTTYPES_H 1
| #define HAVE_STDINT_H 1
| #define HAVE_UNISTD_H 1
| #define HAVE_DLFCN_H 1
| #define LT_OBJDIR ".libs/"
| #define ENABLE_NLS 1
| #define HAVE_GETTEXT 1
| #define HAVE_DCGETTEXT 1
| /* end confdefs.h.  */
| #include <openssl/evp.h>
configure:17825: result: no
configure:17825: WARNING: openssl/evp.h: accepted by the compiler, rejected by the preprocessor!
configure:17825: WARNING: openssl/evp.h: proceeding with the compiler's result
configure:17825: checking for openssl/evp.h
configure:17825: result: yes
configure:17844: checking opencryptoki/pkcs11.h usability
configure:17844: mips64-octeon-linux-gnu-gcc -c -I/home/wangyt/calu-git/tcmtool/svn/tsm/src/include -L/home/wangyt/calu/openssl/openssl-1.0.2f/lib -I/home/wangyt/calu/openssl/openssl-1.0.2f/include  conftest.c >&5
conftest.c:59:33: fatal error: opencryptoki/pkcs11.h: No such file or directory
compilation terminated.
configure:17844: $? = 1
configure: failed program was:
| /* confdefs.h */
| #define PACKAGE_NAME "tpm-tools"
| #define PACKAGE_TARNAME "tpm-tools"
| #define PACKAGE_VERSION "1.3.4"
| #define PACKAGE_STRING "tpm-tools 1.3.4"
| #define PACKAGE_BUGREPORT "trousers-tech@lists.sf.net"
| #define PACKAGE_URL ""
| #define PACKAGE "tpm-tools"
| #define VERSION "1.3.4"
| #define STDC_HEADERS 1
| #define HAVE_SYS_TYPES_H 1
| #define HAVE_SYS_STAT_H 1
| #define HAVE_STDLIB_H 1
| #define HAVE_STRING_H 1
| #define HAVE_MEMORY_H 1
| #define HAVE_STRINGS_H 1
| #define HAVE_INTTYPES_H 1
| #define HAVE_STDINT_H 1
| #define HAVE_UNISTD_H 1
| #define HAVE_DLFCN_H 1
| #define LT_OBJDIR ".libs/"
| #define ENABLE_NLS 1
| #define HAVE_GETTEXT 1
| #define HAVE_DCGETTEXT 1
| /* end confdefs.h.  */
| #include <stdio.h>
| #ifdef HAVE_SYS_TYPES_H
| # include <sys/types.h>
| #endif
| #ifdef HAVE_SYS_STAT_H
| # include <sys/stat.h>
| #endif
| #ifdef STDC_HEADERS
| # include <stdlib.h>
| # include <stddef.h>
| #else
| # ifdef HAVE_STDLIB_H
| #  include <stdlib.h>
| # endif
| #endif
| #ifdef HAVE_STRING_H
| # if !defined STDC_HEADERS && defined HAVE_MEMORY_H
| #  include <memory.h>
| # endif
| # include <string.h>
| #endif
| #ifdef HAVE_STRINGS_H
| # include <strings.h>
| #endif
| #ifdef HAVE_INTTYPES_H
| # include <inttypes.h>
| #endif
| #ifdef HAVE_STDINT_H
| # include <stdint.h>
| #endif
| #ifdef HAVE_UNISTD_H
| # include <unistd.h>
| #endif
| #include <opencryptoki/pkcs11.h>
configure:17844: result: no
configure:17844: checking opencryptoki/pkcs11.h presence
configure:17844: mips64-octeon-linux-gnu-gcc -E  conftest.c
conftest.c:26:33: fatal error: opencryptoki/pkcs11.h: No such file or directory
compilation terminated.
configure:17844: $? = 1
configure: failed program was:
| /* confdefs.h */
| #define PACKAGE_NAME "tpm-tools"
| #define PACKAGE_TARNAME "tpm-tools"
| #define PACKAGE_VERSION "1.3.4"
| #define PACKAGE_STRING "tpm-tools 1.3.4"
| #define PACKAGE_BUGREPORT "trousers-tech@lists.sf.net"
| #define PACKAGE_URL ""
| #define PACKAGE "tpm-tools"
| #define VERSION "1.3.4"
| #define STDC_HEADERS 1
| #define HAVE_SYS_TYPES_H 1
| #define HAVE_SYS_STAT_H 1
| #define HAVE_STDLIB_H 1
| #define HAVE_STRING_H 1
| #define HAVE_MEMORY_H 1
| #define HAVE_STRINGS_H 1
| #define HAVE_INTTYPES_H 1
| #define HAVE_STDINT_H 1
| #define HAVE_UNISTD_H 1
| #define HAVE_DLFCN_H 1
| #define LT_OBJDIR ".libs/"
| #define ENABLE_NLS 1
| #define HAVE_GETTEXT 1
| #define HAVE_DCGETTEXT 1
| /* end confdefs.h.  */
| #include <opencryptoki/pkcs11.h>
configure:17844: result: no
configure:17844: checking for opencryptoki/pkcs11.h
configure:17844: result: no
configure:17865: checking for ANSI C header files
configure:17969: result: yes
configure:17978: checking for an ANSI C-conforming const
configure:18044: mips64-octeon-linux-gnu-gcc -c -I/home/wangyt/calu-git/tcmtool/svn/tsm/src/include -L/home/wangyt/calu/openssl/openssl-1.0.2f/lib -I/home/wangyt/calu/openssl/openssl-1.0.2f/include  conftest.c >&5
configure:18044: $? = 0
configure:18051: result: yes
configure:18059: checking for inline
configure:18075: mips64-octeon-linux-gnu-gcc -c -I/home/wangyt/calu-git/tcmtool/svn/tsm/src/include -L/home/wangyt/calu/openssl/openssl-1.0.2f/lib -I/home/wangyt/calu/openssl/openssl-1.0.2f/include  conftest.c >&5
configure:18075: $? = 0
configure:18083: result: inline
configure:18102: checking for long file names
configure:18134: result: yes
configure:18143: checking for mode_t
configure:18143: mips64-octeon-linux-gnu-gcc -c -I/home/wangyt/calu-git/tcmtool/svn/tsm/src/include -L/home/wangyt/calu/openssl/openssl-1.0.2f/lib -I/home/wangyt/calu/openssl/openssl-1.0.2f/include  conftest.c >&5
configure:18143: $? = 0
configure:18143: mips64-octeon-linux-gnu-gcc -c -I/home/wangyt/calu-git/tcmtool/svn/tsm/src/include -L/home/wangyt/calu/openssl/openssl-1.0.2f/lib -I/home/wangyt/calu/openssl/openssl-1.0.2f/include  conftest.c >&5
conftest.c: In function 'main':
conftest.c:64:21: error: expected expression before ')' token
configure:18143: $? = 1
configure: failed program was:
| /* confdefs.h */
| #define PACKAGE_NAME "tpm-tools"
| #define PACKAGE_TARNAME "tpm-tools"
| #define PACKAGE_VERSION "1.3.4"
| #define PACKAGE_STRING "tpm-tools 1.3.4"
| #define PACKAGE_BUGREPORT "trousers-tech@lists.sf.net"
| #define PACKAGE_URL ""
| #define PACKAGE "tpm-tools"
| #define VERSION "1.3.4"
| #define STDC_HEADERS 1
| #define HAVE_SYS_TYPES_H 1
| #define HAVE_SYS_STAT_H 1
| #define HAVE_STDLIB_H 1
| #define HAVE_STRING_H 1
| #define HAVE_MEMORY_H 1
| #define HAVE_STRINGS_H 1
| #define HAVE_INTTYPES_H 1
| #define HAVE_STDINT_H 1
| #define HAVE_UNISTD_H 1
| #define HAVE_DLFCN_H 1
| #define LT_OBJDIR ".libs/"
| #define ENABLE_NLS 1
| #define HAVE_GETTEXT 1
| #define HAVE_DCGETTEXT 1
| #define STDC_HEADERS 1
| #define HAVE_LONG_FILE_NAMES 1
| /* end confdefs.h.  */
| #include <stdio.h>
| #ifdef HAVE_SYS_TYPES_H
| # include <sys/types.h>
| #endif
| #ifdef HAVE_SYS_STAT_H
| # include <sys/stat.h>
| #endif
| #ifdef STDC_HEADERS
| # include <stdlib.h>
| # include <stddef.h>
| #else
| # ifdef HAVE_STDLIB_H
| #  include <stdlib.h>
| # endif
| #endif
| #ifdef HAVE_STRING_H
| # if !defined STDC_HEADERS && defined HAVE_MEMORY_H
| #  include <memory.h>
| # endif
| # include <string.h>
| #endif
| #ifdef HAVE_STRINGS_H
| # include <strings.h>
| #endif
| #ifdef HAVE_INTTYPES_H
| # include <inttypes.h>
| #endif
| #ifdef HAVE_STDINT_H
| # include <stdint.h>
| #endif
| #ifdef HAVE_UNISTD_H
| # include <unistd.h>
| #endif
| int
| main ()
| {
| if (sizeof ((mode_t)))
| 	    return 0;
|   ;
|   return 0;
| }
configure:18143: result: yes
configure:18154: checking for off_t
configure:18154: mips64-octeon-linux-gnu-gcc -c -I/home/wangyt/calu-git/tcmtool/svn/tsm/src/include -L/home/wangyt/calu/openssl/openssl-1.0.2f/lib -I/home/wangyt/calu/openssl/openssl-1.0.2f/include  conftest.c >&5
configure:18154: $? = 0
configure:18154: mips64-octeon-linux-gnu-gcc -c -I/home/wangyt/calu-git/tcmtool/svn/tsm/src/include -L/home/wangyt/calu/openssl/openssl-1.0.2f/lib -I/home/wangyt/calu/openssl/openssl-1.0.2f/include  conftest.c >&5
conftest.c: In function 'main':
conftest.c:64:20: error: expected expression before ')' token
configure:18154: $? = 1
configure: failed program was:
| /* confdefs.h */
| #define PACKAGE_NAME "tpm-tools"
| #define PACKAGE_TARNAME "tpm-tools"
| #define PACKAGE_VERSION "1.3.4"
| #define PACKAGE_STRING "tpm-tools 1.3.4"
| #define PACKAGE_BUGREPORT "trousers-tech@lists.sf.net"
| #define PACKAGE_URL ""
| #define PACKAGE "tpm-tools"
| #define VERSION "1.3.4"
| #define STDC_HEADERS 1
| #define HAVE_SYS_TYPES_H 1
| #define HAVE_SYS_STAT_H 1
| #define HAVE_STDLIB_H 1
| #define HAVE_STRING_H 1
| #define HAVE_MEMORY_H 1
| #define HAVE_STRINGS_H 1
| #define HAVE_INTTYPES_H 1
| #define HAVE_STDINT_H 1
| #define HAVE_UNISTD_H 1
| #define HAVE_DLFCN_H 1
| #define LT_OBJDIR ".libs/"
| #define ENABLE_NLS 1
| #define HAVE_GETTEXT 1
| #define HAVE_DCGETTEXT 1
| #define STDC_HEADERS 1
| #define HAVE_LONG_FILE_NAMES 1
| /* end confdefs.h.  */
| #include <stdio.h>
| #ifdef HAVE_SYS_TYPES_H
| # include <sys/types.h>
| #endif
| #ifdef HAVE_SYS_STAT_H
| # include <sys/stat.h>
| #endif
| #ifdef STDC_HEADERS
| # include <stdlib.h>
| # include <stddef.h>
| #else
| # ifdef HAVE_STDLIB_H
| #  include <stdlib.h>
| # endif
| #endif
| #ifdef HAVE_STRING_H
| # if !defined STDC_HEADERS && defined HAVE_MEMORY_H
| #  include <memory.h>
| # endif
| # include <string.h>
| #endif
| #ifdef HAVE_STRINGS_H
| # include <strings.h>
| #endif
| #ifdef HAVE_INTTYPES_H
| # include <inttypes.h>
| #endif
| #ifdef HAVE_STDINT_H
| # include <stdint.h>
| #endif
| #ifdef HAVE_UNISTD_H
| # include <unistd.h>
| #endif
| int
| main ()
| {
| if (sizeof ((off_t)))
| 	    return 0;
|   ;
|   return 0;
| }
configure:18154: result: yes
configure:18165: checking for pid_t
configure:18165: mips64-octeon-linux-gnu-gcc -c -I/home/wangyt/calu-git/tcmtool/svn/tsm/src/include -L/home/wangyt/calu/openssl/openssl-1.0.2f/lib -I/home/wangyt/calu/openssl/openssl-1.0.2f/include  conftest.c >&5
configure:18165: $? = 0
configure:18165: mips64-octeon-linux-gnu-gcc -c -I/home/wangyt/calu-git/tcmtool/svn/tsm/src/include -L/home/wangyt/calu/openssl/openssl-1.0.2f/lib -I/home/wangyt/calu/openssl/openssl-1.0.2f/include  conftest.c >&5
conftest.c: In function 'main':
conftest.c:64:20: error: expected expression before ')' token
configure:18165: $? = 1
configure: failed program was:
| /* confdefs.h */
| #define PACKAGE_NAME "tpm-tools"
| #define PACKAGE_TARNAME "tpm-tools"
| #define PACKAGE_VERSION "1.3.4"
| #define PACKAGE_STRING "tpm-tools 1.3.4"
| #define PACKAGE_BUGREPORT "trousers-tech@lists.sf.net"
| #define PACKAGE_URL ""
| #define PACKAGE "tpm-tools"
| #define VERSION "1.3.4"
| #define STDC_HEADERS 1
| #define HAVE_SYS_TYPES_H 1
| #define HAVE_SYS_STAT_H 1
| #define HAVE_STDLIB_H 1
| #define HAVE_STRING_H 1
| #define HAVE_MEMORY_H 1
| #define HAVE_STRINGS_H 1
| #define HAVE_INTTYPES_H 1
| #define HAVE_STDINT_H 1
| #define HAVE_UNISTD_H 1
| #define HAVE_DLFCN_H 1
| #define LT_OBJDIR ".libs/"
| #define ENABLE_NLS 1
| #define HAVE_GETTEXT 1
| #define HAVE_DCGETTEXT 1
| #define STDC_HEADERS 1
| #define HAVE_LONG_FILE_NAMES 1
| /* end confdefs.h.  */
| #include <stdio.h>
| #ifdef HAVE_SYS_TYPES_H
| # include <sys/types.h>
| #endif
| #ifdef HAVE_SYS_STAT_H
| # include <sys/stat.h>
| #endif
| #ifdef STDC_HEADERS
| # include <stdlib.h>
| # include <stddef.h>
| #else
| # ifdef HAVE_STDLIB_H
| #  include <stdlib.h>
| # endif
| #endif
| #ifdef HAVE_STRING_H
| # if !defined STDC_HEADERS && defined HAVE_MEMORY_H
| #  include <memory.h>
| # endif
| # include <string.h>
| #endif
| #ifdef HAVE_STRINGS_H
| # include <strings.h>
| #endif
| #ifdef HAVE_INTTYPES_H
| # include <inttypes.h>
| #endif
| #ifdef HAVE_STDINT_H
| # include <stdint.h>
| #endif
| #ifdef HAVE_UNISTD_H
| # include <unistd.h>
| #endif
| int
| main ()
| {
| if (sizeof ((pid_t)))
| 	    return 0;
|   ;
|   return 0;
| }
configure:18165: result: yes
configure:18176: checking for size_t
configure:18176: mips64-octeon-linux-gnu-gcc -c -I/home/wangyt/calu-git/tcmtool/svn/tsm/src/include -L/home/wangyt/calu/openssl/openssl-1.0.2f/lib -I/home/wangyt/calu/openssl/openssl-1.0.2f/include  conftest.c >&5
configure:18176: $? = 0
configure:18176: mips64-octeon-linux-gnu-gcc -c -I/home/wangyt/calu-git/tcmtool/svn/tsm/src/include -L/home/wangyt/calu/openssl/openssl-1.0.2f/lib -I/home/wangyt/calu/openssl/openssl-1.0.2f/include  conftest.c >&5
conftest.c: In function 'main':
conftest.c:64:21: error: expected expression before ')' token
configure:18176: $? = 1
configure: failed program was:
| /* confdefs.h */
| #define PACKAGE_NAME "tpm-tools"
| #define PACKAGE_TARNAME "tpm-tools"
| #define PACKAGE_VERSION "1.3.4"
| #define PACKAGE_STRING "tpm-tools 1.3.4"
| #define PACKAGE_BUGREPORT "trousers-tech@lists.sf.net"
| #define PACKAGE_URL ""
| #define PACKAGE "tpm-tools"
| #define VERSION "1.3.4"
| #define STDC_HEADERS 1
| #define HAVE_SYS_TYPES_H 1
| #define HAVE_SYS_STAT_H 1
| #define HAVE_STDLIB_H 1
| #define HAVE_STRING_H 1
| #define HAVE_MEMORY_H 1
| #define HAVE_STRINGS_H 1
| #define HAVE_INTTYPES_H 1
| #define HAVE_STDINT_H 1
| #define HAVE_UNISTD_H 1
| #define HAVE_DLFCN_H 1
| #define LT_OBJDIR ".libs/"
| #define ENABLE_NLS 1
| #define HAVE_GETTEXT 1
| #define HAVE_DCGETTEXT 1
| #define STDC_HEADERS 1
| #define HAVE_LONG_FILE_NAMES 1
| /* end confdefs.h.  */
| #include <stdio.h>
| #ifdef HAVE_SYS_TYPES_H
| # include <sys/types.h>
| #endif
| #ifdef HAVE_SYS_STAT_H
| # include <sys/stat.h>
| #endif
| #ifdef STDC_HEADERS
| # include <stdlib.h>
| # include <stddef.h>
| #else
| # ifdef HAVE_STDLIB_H
| #  include <stdlib.h>
| # endif
| #endif
| #ifdef HAVE_STRING_H
| # if !defined STDC_HEADERS && defined HAVE_MEMORY_H
| #  include <memory.h>
| # endif
| # include <string.h>
| #endif
| #ifdef HAVE_STRINGS_H
| # include <strings.h>
| #endif
| #ifdef HAVE_INTTYPES_H
| # include <inttypes.h>
| #endif
| #ifdef HAVE_STDINT_H
| # include <stdint.h>
| #endif
| #ifdef HAVE_UNISTD_H
| # include <unistd.h>
| #endif
| int
| main ()
| {
| if (sizeof ((size_t)))
| 	    return 0;
|   ;
|   return 0;
| }
configure:18176: result: yes
configure:18187: checking return type of signal handlers
configure:18205: mips64-octeon-linux-gnu-gcc -c -I/home/wangyt/calu-git/tcmtool/svn/tsm/src/include -L/home/wangyt/calu/openssl/openssl-1.0.2f/lib -I/home/wangyt/calu/openssl/openssl-1.0.2f/include  conftest.c >&5
conftest.c: In function 'main':
conftest.c:34:1: error: void value not ignored as it ought to be
configure:18205: $? = 1
configure: failed program was:
| /* confdefs.h */
| #define PACKAGE_NAME "tpm-tools"
| #define PACKAGE_TARNAME "tpm-tools"
| #define PACKAGE_VERSION "1.3.4"
| #define PACKAGE_STRING "tpm-tools 1.3.4"
| #define PACKAGE_BUGREPORT "trousers-tech@lists.sf.net"
| #define PACKAGE_URL ""
| #define PACKAGE "tpm-tools"
| #define VERSION "1.3.4"
| #define STDC_HEADERS 1
| #define HAVE_SYS_TYPES_H 1
| #define HAVE_SYS_STAT_H 1
| #define HAVE_STDLIB_H 1
| #define HAVE_STRING_H 1
| #define HAVE_MEMORY_H 1
| #define HAVE_STRINGS_H 1
| #define HAVE_INTTYPES_H 1
| #define HAVE_STDINT_H 1
| #define HAVE_UNISTD_H 1
| #define HAVE_DLFCN_H 1
| #define LT_OBJDIR ".libs/"
| #define ENABLE_NLS 1
| #define HAVE_GETTEXT 1
| #define HAVE_DCGETTEXT 1
| #define STDC_HEADERS 1
| #define HAVE_LONG_FILE_NAMES 1
| /* end confdefs.h.  */
| #include <sys/types.h>
| #include <signal.h>
| 
| int
| main ()
| {
| return *(signal (0, 0)) (0) == 1;
|   ;
|   return 0;
| }
configure:18212: result: void
configure:18220: checking for uid_t in sys/types.h
configure:18239: result: yes
configure:18400: checking that generated files are newer than configure
configure:18406: result: done
configure:18445: creating ./config.status

## ---------------------- ##
## Running config.status. ##
## ---------------------- ##

This file was extended by tpm-tools config.status 1.3.4, which was
generated by GNU Autoconf 2.69.  Invocation command line was

  CONFIG_FILES    = 
  CONFIG_HEADERS  = 
  CONFIG_LINKS    = 
  CONFIG_COMMANDS = 
  $ ./config.status 

on test-RD640

config.status:1118: creating ./Makefile
config.status:1118: creating po/Makefile.in
config.status:1118: creating m4/Makefile
config.status:1118: creating include/Makefile
config.status:1118: creating lib/Makefile
config.status:1118: creating src/Makefile
config.status:1118: creating src/tpm_mgmt/Makefile
config.status:1118: creating src/cmds/Makefile
config.status:1118: creating src/data_mgmt/Makefile
config.status:1118: creating dist/tpm-tools.spec
config.status:1118: creating man/Makefile
config.status:1118: creating man/man1/Makefile
config.status:1118: creating man/man3/Makefile
config.status:1118: creating man/man8/Makefile
config.status:1290: executing depfiles commands
config.status:1290: executing libtool commands
config.status:1290: executing po-directories commands

## ---------------- ##
## Cache variables. ##
## ---------------- ##

ac_cv_build=x86_64-unknown-linux-gnu
ac_cv_c_compiler_gnu=yes
ac_cv_c_const=yes
ac_cv_c_inline=inline
ac_cv_cxx_compiler_gnu=yes
ac_cv_env_CCC_set=
ac_cv_env_CCC_value=
ac_cv_env_CC_set=set
ac_cv_env_CC_value=mips64-octeon-linux-gnu-gcc
ac_cv_env_CFLAGS_set=set
ac_cv_env_CFLAGS_value=-I/home/wangyt/calu-git/tcmtool/svn/tsm/src/include
ac_cv_env_CPPFLAGS_set=
ac_cv_env_CPPFLAGS_value=
ac_cv_env_CPP_set=
ac_cv_env_CPP_value=
ac_cv_env_CXXCPP_set=
ac_cv_env_CXXCPP_value=
ac_cv_env_CXXFLAGS_set=
ac_cv_env_CXXFLAGS_value=
ac_cv_env_CXX_set=
ac_cv_env_CXX_value=
ac_cv_env_LDFLAGS_set=set
ac_cv_env_LDFLAGS_value=-L/home/wangyt/calu-git/tcmtool/svn/tsm/src/tspi/.libs
ac_cv_env_LIBS_set=
ac_cv_env_LIBS_value=
ac_cv_env_build_alias_set=
ac_cv_env_build_alias_value=
ac_cv_env_host_alias_set=set
ac_cv_env_host_alias_value=mips64-octeon-linux
ac_cv_env_target_alias_set=
ac_cv_env_target_alias_value=
ac_cv_header_dlfcn_h=yes
ac_cv_header_inttypes_h=yes
ac_cv_header_memory_h=yes
ac_cv_header_opencryptoki_pkcs11_h=no
ac_cv_header_openssl_evp_h=yes
ac_cv_header_stdc=yes
ac_cv_header_stdint_h=yes
ac_cv_header_stdlib_h=yes
ac_cv_header_string_h=yes
ac_cv_header_strings_h=yes
ac_cv_header_sys_stat_h=yes
ac_cv_header_sys_types_h=yes
ac_cv_header_trousers_tss_h=yes
ac_cv_header_unistd_h=yes
ac_cv_host=mips64-octeon-linux-gnu
ac_cv_lib_crypto_PEM_read_X509=yes
ac_cv_lib_tspi_Tspi_Context_Create=no
ac_cv_lib_tspi_Tspi_TPM_SetOperatorAuth=no
ac_cv_objext=o
ac_cv_path_EGREP='/bin/grep -E'
ac_cv_path_FGREP='/bin/grep -F'
ac_cv_path_GMSGFMT=/usr/bin/msgfmt
ac_cv_path_GREP=/bin/grep
ac_cv_path_MSGFMT=/usr/bin/msgfmt
ac_cv_path_MSGMERGE=/usr/bin/msgmerge
ac_cv_path_SED=/bin/sed
ac_cv_path_XGETTEXT=/usr/bin/xgettext
ac_cv_path_install='/usr/bin/install -c'
ac_cv_path_mkdir=/bin/mkdir
ac_cv_prog_AR=ar
ac_cv_prog_AWK=gawk
ac_cv_prog_CC=mips64-octeon-linux-gnu-gcc
ac_cv_prog_COPY=cp
ac_cv_prog_CPP='mips64-octeon-linux-gnu-gcc -E'
ac_cv_prog_CXXCPP='g++ -E'
ac_cv_prog_ECHO='printf %s\n'
ac_cv_prog_MKDIR=mkdir
ac_cv_prog_RM='rm -f'
ac_cv_prog_STRIP=strip
ac_cv_prog_ac_ct_AR=ar
ac_cv_prog_ac_ct_CXX=g++
ac_cv_prog_ac_ct_DUMPBIN='link -dump'
ac_cv_prog_ac_ct_MANIFEST_TOOL=mt
ac_cv_prog_ac_ct_OBJDUMP=objdump
ac_cv_prog_ac_ct_RANLIB=ranlib
ac_cv_prog_ac_ct_STRIP=strip
ac_cv_prog_cc_c89=
ac_cv_prog_cc_g=yes
ac_cv_prog_cxx_g=yes
ac_cv_prog_make_make_set=yes
ac_cv_sys_long_file_names=yes
ac_cv_target=mips64-octeon-linux-gnu
ac_cv_type_mode_t=yes
ac_cv_type_off_t=yes
ac_cv_type_pid_t=yes
ac_cv_type_signal=void
ac_cv_type_size_t=yes
ac_cv_type_uid_t=yes
acl_cv_hardcode_direct=no
acl_cv_hardcode_libdir_flag_spec='${wl}-rpath ${wl}$libdir'
acl_cv_hardcode_libdir_separator=
acl_cv_hardcode_minus_L=no
acl_cv_libext=a
acl_cv_libname_spec='lib$name'
acl_cv_library_names_spec='$libname$shrext'
acl_cv_path_LD=/home/wangyt/dpi_engine/sdk_sys/tools/mips64-octeon-linux-gnu/bin/ld
acl_cv_prog_gnu_ld=yes
acl_cv_rpath=done
acl_cv_shlibext=so
acl_cv_wl=-Wl,
am_cv_CC_dependencies_compiler_type=gcc3
am_cv_CXX_dependencies_compiler_type=gcc3
am_cv_make_support_nested_variables=yes
am_cv_prog_cc_c_o=yes
gt_cv_func_CFLocaleCopyCurrent=no
gt_cv_func_CFPreferencesCopyAppValue=no
gt_cv_func_gnugettext1_libc=yes
lt_cv_ar_at_file=@
lt_cv_archive_cmds_need_lc=no
lt_cv_deplibs_check_method=pass_all
lt_cv_file_magic_cmd='$MAGIC_CMD'
lt_cv_file_magic_test_file=
lt_cv_ld_reload_flag=-r
lt_cv_nm_interface='BSD nm'
lt_cv_objdir=.libs
lt_cv_path_LD=/home/wangyt/dpi_engine/sdk_sys/tools/mips64-octeon-linux-gnu/bin/ld
lt_cv_path_LDCXX=/home/wangyt/dpi_engine/sdk_sys/tools/mips64-octeon-linux-gnu/bin/ld
lt_cv_path_NM=no
lt_cv_path_mainfest_tool=no
lt_cv_prog_compiler_c_o=yes
lt_cv_prog_compiler_c_o_CXX=yes
lt_cv_prog_compiler_pic='-fPIC -DPIC'
lt_cv_prog_compiler_pic_CXX='-fPIC -DPIC'
lt_cv_prog_compiler_pic_works=yes
lt_cv_prog_compiler_pic_works_CXX=yes
lt_cv_prog_compiler_rtti_exceptions=no
lt_cv_prog_compiler_static_works=yes
lt_cv_prog_compiler_static_works_CXX=yes
lt_cv_prog_gnu_ld=yes
lt_cv_prog_gnu_ldcxx=yes
lt_cv_sharedlib_from_linklib_cmd='printf %s\n'
lt_cv_shlibpath_overrides_runpath=no
lt_cv_sys_global_symbol_pipe='sed -n -e '\''s/^.*[	 ]\([ABCDGIRSTW][ABCDGIRSTW]*\)[	 ][	 ]*\([_A-Za-z][_A-Za-z0-9]*\)$/\1 \2 \2/p'\'' | sed '\''/ __gnu_lto/d'\'''
lt_cv_sys_global_symbol_to_c_name_address='sed -n -e '\''s/^: \([^ ]*\)[ ]*$/  {\"\1\", (void *) 0},/p'\'' -e '\''s/^[ABCDGIRSTW]* \([^ ]*\) \([^ ]*\)$/  {"\2", (void *) \&\2},/p'\'''
lt_cv_sys_global_symbol_to_c_name_address_lib_prefix='sed -n -e '\''s/^: \([^ ]*\)[ ]*$/  {\"\1\", (void *) 0},/p'\'' -e '\''s/^[ABCDGIRSTW]* \([^ ]*\) \(lib[^ ]*\)$/  {"\2", (void *) \&\2},/p'\'' -e '\''s/^[ABCDGIRSTW]* \([^ ]*\) \([^ ]*\)$/  {"lib\2", (void *) \&\2},/p'\'''
lt_cv_sys_global_symbol_to_cdecl='sed -n -e '\''s/^T .* \(.*\)$/extern int \1();/p'\'' -e '\''s/^[ABCDGIRSTW]* .* \(.*\)$/extern char \1;/p'\'''
lt_cv_sys_max_cmd_len=1572864
lt_cv_to_host_file_cmd=func_convert_file_noop
lt_cv_to_tool_file_cmd=func_convert_file_noop

## ----------------- ##
## Output variables. ##
## ----------------- ##

ACLOCAL='${SHELL} /home/wangyt/calu-git/tcmtool/svn/tpm-tools-1.3.4/missing aclocal-1.14'
AMDEPBACKSLASH='\'
AMDEP_FALSE='#'
AMDEP_TRUE=''
AMTAR='$${TAR-tar}'
AM_BACKSLASH='\'
AM_DEFAULT_V='$(AM_DEFAULT_VERBOSITY)'
AM_DEFAULT_VERBOSITY='1'
AM_V='$(V)'
AR='ar'
AUTOCONF='${SHELL} /home/wangyt/calu-git/tcmtool/svn/tpm-tools-1.3.4/missing autoconf'
AUTOHEADER='${SHELL} /home/wangyt/calu-git/tcmtool/svn/tpm-tools-1.3.4/missing autoheader'
AUTOMAKE='${SHELL} /home/wangyt/calu-git/tcmtool/svn/tpm-tools-1.3.4/missing automake-1.14'
AWK='gawk'
CC='mips64-octeon-linux-gnu-gcc'
CCDEPMODE='depmode=gcc3'
CFLAGS='-I/home/wangyt/calu-git/tcmtool/svn/tsm/src/include -L/home/wangyt/calu/openssl/openssl-1.0.2f/lib -I/home/wangyt/calu/openssl/openssl-1.0.2f/include -Wall -Wreturn-type -Wsign-compare'
COPY='cp'
CPP='mips64-octeon-linux-gnu-gcc -E'
CPPFLAGS=''
CXX='g++'
CXXCPP='g++ -E'
CXXDEPMODE='depmode=gcc3'
CXXFLAGS='-g -O2'
CYGPATH_W='echo'
DEFS='-DPACKAGE_NAME=\"tpm-tools\" -DPACKAGE_TARNAME=\"tpm-tools\" -DPACKAGE_VERSION=\"1.3.4\" -DPACKAGE_STRING=\"tpm-tools\ 1.3.4\" -DPACKAGE_BUGREPORT=\"trousers-tech@lists.sf.net\" -DPACKAGE_URL=\"\" -DPACKAGE=\"tpm-tools\" -DVERSION=\"1.3.4\" -DSTDC_HEADERS=1 -DHAVE_SYS_TYPES_H=1 -DHAVE_SYS_STAT_H=1 -DHAVE_STDLIB_H=1 -DHAVE_STRING_H=1 -DHAVE_MEMORY_H=1 -DHAVE_STRINGS_H=1 -DHAVE_INTTYPES_H=1 -DHAVE_STDINT_H=1 -DHAVE_UNISTD_H=1 -DHAVE_DLFCN_H=1 -DLT_OBJDIR=\".libs/\" -DENABLE_NLS=1 -DHAVE_GETTEXT=1 -DHAVE_DCGETTEXT=1 -DSTDC_HEADERS=1 -DHAVE_LONG_FILE_NAMES=1 -DRETSIGTYPE=void'
DEPDIR='.deps'
DLLTOOL='false'
DSYMUTIL=''
DUMPBIN=':'
ECHO='printf %s\n'
ECHO_C=''
ECHO_N='-n'
ECHO_T=''
EGREP='/bin/grep -E'
EXEEXT=''
FGREP='/bin/grep -F'
GETTEXT_MACRO_VERSION='0.18'
GMSGFMT='/usr/bin/msgfmt'
GMSGFMT_015='/usr/bin/msgfmt'
GREP='/bin/grep'
INSTALL_DATA='${INSTALL} -m 644'
INSTALL_PROGRAM='${INSTALL}'
INSTALL_SCRIPT='${INSTALL}'
INSTALL_STRIP_PROGRAM='$(install_sh) -c -s'
INTLLIBS=''
INTL_MACOSX_LIBS=''
LD='/home/wangyt/dpi_engine/sdk_sys/tools/mips64-octeon-linux-gnu/bin/ld'
LDFLAGS='-L/home/wangyt/calu-git/tcmtool/svn/tsm/src/tspi/.libs'
LIBICONV='-liconv'
LIBINTL=''
LIBOBJS=''
LIBS=''
LIBTOOL='$(SHELL) $(top_builddir)/libtool'
LIPO=''
LN_S='ln -s'
LTLIBICONV='-liconv'
LTLIBINTL=''
LTLIBOBJS=''
MAKEINFO='${SHELL} /home/wangyt/calu-git/tcmtool/svn/tpm-tools-1.3.4/missing makeinfo'
MANIFEST_TOOL=':'
MKDIR='mkdir'
MKDIR_P='/bin/mkdir -p'
MSGFMT='/usr/bin/msgfmt'
MSGFMT_015='/usr/bin/msgfmt'
MSGMERGE='/usr/bin/msgmerge'
NM='nm'
NMEDIT=''
OBJDUMP='objdump'
OBJEXT='o'
OPENSSL_LIB_DIR='/home/wangyt/calu/openssl/openssl-1.0.2f/lib'
OTOOL64=''
OTOOL=''
P11_SUPPORT_FALSE=''
P11_SUPPORT_TRUE='#'
PACKAGE='tpm-tools'
PACKAGE_BUGREPORT='trousers-tech@lists.sf.net'
PACKAGE_NAME='tpm-tools'
PACKAGE_STRING='tpm-tools 1.3.4'
PACKAGE_TARNAME='tpm-tools'
PACKAGE_URL=''
PACKAGE_VERSION='1.3.4'
PATH_SEPARATOR=':'
POSUB='po'
RANLIB='ranlib'
RM='rm -f'
SED='/bin/sed'
SET_MAKE=''
SHELL='/bin/bash'
STRIP='strip'
TSS_LIB_IS_12_FALSE=''
TSS_LIB_IS_12_TRUE='#'
USE_NLS='yes'
VERSION='1.3.4'
XGETTEXT='/usr/bin/xgettext'
XGETTEXT_015='/usr/bin/xgettext'
XGETTEXT_EXTRA_OPTIONS=''
ac_ct_AR='ar'
ac_ct_CC=''
ac_ct_CXX='g++'
ac_ct_DUMPBIN='link -dump'
am__EXEEXT_FALSE=''
am__EXEEXT_TRUE='#'
am__fastdepCC_FALSE='#'
am__fastdepCC_TRUE=''
am__fastdepCXX_FALSE='#'
am__fastdepCXX_TRUE=''
am__include='include'
am__isrc=''
am__leading_dot='.'
am__nodep='_no'
am__quote=''
am__tar='$${TAR-tar} chof - "$$tardir"'
am__untar='$${TAR-tar} xf -'
bindir='${exec_prefix}/bin'
build='x86_64-unknown-linux-gnu'
build_alias=''
build_cpu='x86_64'
build_os='linux-gnu'
build_vendor='unknown'
datadir='${datarootdir}'
datarootdir='${prefix}/share'
docdir='${datarootdir}/doc/${PACKAGE_TARNAME}'
dvidir='${docdir}'
exec_prefix='${prefix}'
host='mips64-octeon-linux-gnu'
host_alias='mips64-octeon-linux'
host_cpu='mips64'
host_os='linux-gnu'
host_vendor='octeon'
htmldir='${docdir}'
includedir='${prefix}/include'
infodir='${datarootdir}/info'
install_sh='${SHELL} /home/wangyt/calu-git/tcmtool/svn/tpm-tools-1.3.4/install-sh'
libdir='${exec_prefix}/lib'
libexecdir='${exec_prefix}/libexec'
localedir='${datarootdir}/locale'
localstatedir='${prefix}/var'
mandir='${datarootdir}/man'
mkdir_p='$(MKDIR_P)'
oldincludedir='/usr/include'
pdfdir='${docdir}'
prefix='/usr/local'
program_transform_name='s,x,x,'
psdir='${docdir}'
sbindir='${exec_prefix}/sbin'
sharedstatedir='${prefix}/com'
sysconfdir='${prefix}/etc'
target='mips64-octeon-linux-gnu'
target_alias=''
target_cpu='mips64'
target_os='linux-gnu'
target_vendor='octeon'

## ----------- ##
## confdefs.h. ##
## ----------- ##

/* confdefs.h */
#define PACKAGE_NAME "tpm-tools"
#define PACKAGE_TARNAME "tpm-tools"
#define PACKAGE_VERSION "1.3.4"
#define PACKAGE_STRING "tpm-tools 1.3.4"
#define PACKAGE_BUGREPORT "trousers-tech@lists.sf.net"
#define PACKAGE_URL ""
#define PACKAGE "tpm-tools"
#define VERSION "1.3.4"
#define STDC_HEADERS 1
#define HAVE_SYS_TYPES_H 1
#define HAVE_SYS_STAT_H 1
#define HAVE_STDLIB_H 1
#define HAVE_STRING_H 1
#define HAVE_MEMORY_H 1
#define HAVE_STRINGS_H 1
#define HAVE_INTTYPES_H 1
#define HAVE_STDINT_H 1
#define HAVE_UNISTD_H 1
#define HAVE_DLFCN_H 1
#define LT_OBJDIR ".libs/"
#define ENABLE_NLS 1
#define HAVE_GETTEXT 1
#define HAVE_DCGETTEXT 1
#define STDC_HEADERS 1
#define HAVE_LONG_FILE_NAMES 1
#define RETSIGTYPE void

configure: exit 0

## ---------------------- ##
## Running config.status. ##
## ---------------------- ##

This file was extended by tpm-tools config.status 1.3.4, which was
generated by GNU Autoconf 2.69.  Invocation command line was

  CONFIG_FILES    = 
  CONFIG_HEADERS  = 
  CONFIG_LINKS    = 
  CONFIG_COMMANDS = 
  $ ./config.status src/tpm_mgmt/Makefile depfiles

on test-RD640

config.status:1118: creating src/tpm_mgmt/Makefile
config.status:1290: executing depfiles commands
